[0.041s] Invoking command in '/home/ari/ros-tut/build/ros_tut': CMAKE_PREFIX_PATH=${CMAKE_PREFIX_PATH}:/opt/ros/foxy /usr/bin/cmake --build /home/ari/ros-tut/build/ros_tut -- -j8 -l8
[0.276s] -- Found ament_cmake: 0.9.8 (/opt/ros/foxy/share/ament_cmake/cmake)
[0.376s] -- Found PythonInterp: /usr/bin/python3 (found suitable version "3.8.5", minimum required is "3") 
[0.376s] -- Using PYTHON_EXECUTABLE: /usr/bin/python3
[0.912s] -- Found rclcpp: 2.3.1 (/opt/ros/foxy/share/rclcpp/cmake)
[1.000s] -- Using all available rosidl_typesupport_c: rosidl_typesupport_fastrtps_c;rosidl_typesupport_introspection_c
[1.004s] -- Found rosidl_adapter: 1.2.1 (/opt/ros/foxy/share/rosidl_adapter/cmake)
[1.156s] -- Using all available rosidl_typesupport_cpp: rosidl_typesupport_fastrtps_cpp;rosidl_typesupport_introspection_cpp
[1.201s] -- Found rmw_implementation_cmake: 1.0.3 (/opt/ros/foxy/share/rmw_implementation_cmake/cmake)
[1.203s] -- Using RMW implementation 'rmw_fastrtps_cpp' as default
[1.316s] -- Found example_interfaces: 0.9.1 (/opt/ros/foxy/share/example_interfaces/cmake)
[1.403s] -- Found rosidl_default_generators: 1.0.1 (/opt/ros/foxy/share/rosidl_default_generators/cmake)
[1.411s] -- Found turtlesim: 1.2.5 (/opt/ros/foxy/share/turtlesim/cmake)
[1.452s] -- Found geometry_msgs: 2.0.4 (/opt/ros/foxy/share/geometry_msgs/cmake)
[1.478s] -- Found std_srvs: 2.0.4 (/opt/ros/foxy/share/std_srvs/cmake)
[1.502s] -- Found PythonInterp: /usr/bin/python3 (found version "3.8.5") 
[1.737s] -- Found ament_cmake_ros: 0.9.2 (/opt/ros/foxy/share/ament_cmake_ros/cmake)
[1.845s] -- Using all available rosidl_typesupport_c: rosidl_typesupport_fastrtps_c;rosidl_typesupport_introspection_c
[1.854s] -- Using all available rosidl_typesupport_cpp: rosidl_typesupport_fastrtps_cpp;rosidl_typesupport_introspection_cpp
[1.870s] -- Found PythonInterp: /usr/bin/python3 (found suitable version "3.8.5", minimum required is "3.5") 
[1.871s] -- Found python_cmake_module: 0.8.1 (/opt/ros/foxy/share/python_cmake_module/cmake)
[1.888s] -- Using PYTHON_EXECUTABLE: /usr/bin/python3
[1.888s] -- Using PYTHON_INCLUDE_DIRS: /usr/include/python3.8
[1.888s] -- Using PYTHON_LIBRARIES: /usr/lib/aarch64-linux-gnu/libpython3.8.so
[1.903s] -- Found ament_lint_auto: 0.9.6 (/opt/ros/foxy/share/ament_lint_auto/cmake)
[1.923s] -- Added test 'copyright' to check source files copyright and LICENSE
[2.066s] -- Added test 'cppcheck' to perform static code analysis on C / C++ code
[2.068s] -- Configured cppcheck include dirs: $<BUILD_INTERFACE:/home/ari/ros-tut/build/ros_tut/rosidl_generator_c>;/home/ari/ros-tut/build/ros_tut/rosidl_generator_c;/home/ari/ros-tut/build/ros_tut/rosidl_generator_cpp;/home/ari/ros-tut/build/ros_tut/rosidl_typesupport_fastrtps_c;/home/ari/ros-tut/build/ros_tut/rosidl_typesupport_fastrtps_cpp;$<BUILD_INTERFACE:/home/ari/ros-tut/build/ros_tut/rosidl_typesupport_introspection_c>;$<BUILD_INTERFACE:/home/ari/ros-tut/build/ros_tut/rosidl_typesupport_c>;$<BUILD_INTERFACE:/home/ari/ros-tut/build/ros_tut/rosidl_generator_cpp>;/home/ari/ros-tut/build/ros_tut/rosidl_generator_py;$<BUILD_INTERFACE:/home/ari/ros-tut/include>
[2.068s] -- Configured cppcheck exclude dirs and/or files: 
[2.159s] -- Added test 'cpplint' to check C / C++ code against the Google style
[2.159s] -- Configured cpplint exclude dirs and/or files: 
[2.170s] -- Added test 'flake8' to check Python code syntax and style conventions
[2.193s] -- Added test 'lint_cmake' to check CMake code style
[2.204s] -- Added test 'pep257' to check Python code against some of the style conventions in PEP 257
[2.295s] -- Added test 'uncrustify' to check C / C++ code style
[2.295s] -- Configured uncrustify additional arguments: 
[2.307s] -- Added test 'xmllint' to check XML markup files
[2.313s] -- Configuring done
[2.398s] -- Generating done
[2.406s] -- Build files have been written to: /home/ari/ros-tut/build/ros_tut
[2.437s] [  1%] Built target ros_tut__cpp
[2.439s] [  4%] Built target my_node
[2.440s] [ 13%] Built target ros_tut__rosidl_generator_c
[2.445s] [35m[1mScanning dependencies of target clear[0m
[2.463s] [35m[1mScanning dependencies of target turtle_request[0m
[2.477s] [ 14%] [32mBuilding CXX object CMakeFiles/turtle_request.dir/src/clear_turtles.cpp.o[0m
[2.477s] [ 18%] Built target listener
[2.488s] [ 22%] Built target talker
[2.488s] [ 29%] Built target ros_tut__rosidl_typesupport_introspection_cpp
[2.494s] [ 32%] Built target server
[2.494s] [ 34%] [32mBuilding CXX object CMakeFiles/clear.dir/src/clear_turtles.cpp.o[0m
[2.500s] [ 37%] Built target client
[2.522s] [ 45%] Built target ros_tut__rosidl_typesupport_fastrtps_cpp
[2.534s] [ 60%] Built target ros_tut__rosidl_typesupport_introspection_c
[2.534s] [ 62%] Built target ros_tut__rosidl_typesupport_cpp
[2.556s] [ 70%] Built target ros_tut__rosidl_typesupport_c
[2.564s] [ 78%] Built target ros_tut__rosidl_typesupport_fastrtps_c
[2.601s] [ 78%] Built target ros_tut
[2.639s] [ 80%] Built target ros_tut__py
[2.696s] [ 86%] Built target ros_tut__python
[2.812s] [ 90%] Built target ros_tut__rosidl_typesupport_introspection_c__pyext
[2.852s] [ 93%] Built target ros_tut__rosidl_typesupport_c__pyext
[2.867s] [ 96%] Built target ros_tut__rosidl_typesupport_fastrtps_c__pyext
[2.937s] [01m[K/home/ari/ros-tut/src/clear_turtles.cpp:7:10:[m[K [01;31m[Kfatal error: [m[Kros-tut/reset_moving_turtle_service.hpp: No such file or directory
[2.937s]     7 | #include [01;31m[K<ros-tut/reset_moving_turtle_service.hpp>[m[K
[2.937s]       |          [01;31m[K^~~~~~~~~~~~~~~~~~~~~~~~~~~~~~~~~~~~~~~~~[m[K
[2.937s] compilation terminated.
[2.969s] make[2]: *** [CMakeFiles/clear.dir/build.make:63: CMakeFiles/clear.dir/src/clear_turtles.cpp.o] Error 1
[2.970s] make[1]: *** [CMakeFiles/Makefile2:243: CMakeFiles/clear.dir/all] Error 2
[2.970s] make[1]: *** Waiting for unfinished jobs....
[2.972s] [01m[K/home/ari/ros-tut/src/clear_turtles.cpp:7:10:[m[K [01;31m[Kfatal error: [m[Kros-tut/reset_moving_turtle_service.hpp: No such file or directory
[2.972s]     7 | #include [01;31m[K<ros-tut/reset_moving_turtle_service.hpp>[m[K
[2.972s]       |          [01;31m[K^~~~~~~~~~~~~~~~~~~~~~~~~~~~~~~~~~~~~~~~~[m[K
[2.972s] compilation terminated.
[2.975s] make[2]: *** [CMakeFiles/turtle_request.dir/build.make:63: CMakeFiles/turtle_request.dir/src/clear_turtles.cpp.o] Error 1
[2.975s] make[1]: *** [CMakeFiles/Makefile2:702: CMakeFiles/turtle_request.dir/all] Error 2
[2.976s] make: *** [Makefile:141: all] Error 2
[3.016s] Invoked command in '/home/ari/ros-tut/build/ros_tut' returned '2': CMAKE_PREFIX_PATH=${CMAKE_PREFIX_PATH}:/opt/ros/foxy /usr/bin/cmake --build /home/ari/ros-tut/build/ros_tut -- -j8 -l8
