[01m[K/home/ari/ros-tut/src/clear_turtles.cpp:8:10:[m[K [01;31m[Kfatal error: [m[Kros-tut/srv/success.hpp: No such file or directory
    8 | #include [01;31m[K"ros-tut/srv/success.hpp"[m[K
      |          [01;31m[K^~~~~~~~~~~~~~~~~~~~~~~~~[m[K
compilation terminated.
make[2]: *** [CMakeFiles/clear.dir/build.make:63: CMakeFiles/clear.dir/src/clear_turtles.cpp.o] Error 1
make[1]: *** [CMakeFiles/Makefile2:592: CMakeFiles/clear.dir/all] Error 2
make[1]: *** Waiting for unfinished jobs....
make: *** [Makefile:141: all] Error 2
