[  3%] Built target my_node
[  5%] Built target ros_tut__cpp
[  8%] Built target listener
[35m[1mScanning dependencies of target clear[0m
[ 13%] Built target client
[ 15%] Built target server
[ 18%] Built target talker
[ 27%] Built target ros_tut__rosidl_generator_c
[ 28%] [32mBuilding CXX object CMakeFiles/clear.dir/src/clear_turtles.cpp.o[0m
[ 37%] Built target ros_tut__rosidl_typesupport_introspection_cpp
[ 45%] Built target ros_tut__rosidl_typesupport_fastrtps_cpp
[ 54%] Built target ros_tut__rosidl_typesupport_cpp
[ 67%] Built target ros_tut__rosidl_typesupport_c
[ 71%] Built target ros_tut__rosidl_typesupport_introspection_c
[ 79%] Built target ros_tut__rosidl_typesupport_fastrtps_c
[ 79%] Built target ros_tut
[35m[1mScanning dependencies of target ros_tut__py[0m
[01m[K/home/ari/ros-tut/src/clear_turtles.cpp:8:10:[m[K [01;31m[Kfatal error: [m[Kros-tut/srv/success.hpp: No such file or directory
    8 | #include [01;31m[K"ros-tut/srv/success.hpp"[m[K
      |          [01;31m[K^~~~~~~~~~~~~~~~~~~~~~~~~[m[K
compilation terminated.
make[2]: *** [CMakeFiles/clear.dir/build.make:63: CMakeFiles/clear.dir/src/clear_turtles.cpp.o] Error 1
make[1]: *** [CMakeFiles/Makefile2:592: CMakeFiles/clear.dir/all] Error 2
make[1]: *** Waiting for unfinished jobs....
[ 81%] [34m[1mGenerating Python code for ROS interfaces[0m
[ 81%] Built target ros_tut__py
make: *** [Makefile:141: all] Error 2
