[  3%] Built target my_node
[35m[1mScanning dependencies of target clear[0m
[  5%] Built target ros_tut__cpp
[  8%] Built target client
[ 11%] Built target server
[ 20%] Built target ros_tut__rosidl_generator_c
[ 23%] Built target talker
[ 27%] Built target listener
[ 28%] [32mBuilding CXX object CMakeFiles/clear.dir/src/clear_turtles.cpp.o[0m
[ 37%] Built target ros_tut__rosidl_typesupport_introspection_cpp
[ 54%] Built target ros_tut__rosidl_typesupport_cpp
[ 54%] Built target ros_tut__rosidl_typesupport_introspection_c
[ 62%] Built target ros_tut__rosidl_typesupport_fastrtps_cpp
[ 71%] Built target ros_tut__rosidl_typesupport_c
[ 79%] Built target ros_tut__rosidl_typesupport_fastrtps_c
[ 79%] Built target ros_tut
[ 81%] Built target ros_tut__py
[ 88%] Built target ros_tut__python
[35m[1mScanning dependencies of target ros_tut__rosidl_typesupport_fastrtps_c__pyext[0m
[35m[1mScanning dependencies of target ros_tut__rosidl_typesupport_c__pyext[0m
[35m[1mScanning dependencies of target ros_tut__rosidl_typesupport_introspection_c__pyext[0m
[ 89%] [32mBuilding C object CMakeFiles/ros_tut__rosidl_typesupport_c__pyext.dir/rosidl_generator_py/ros_tut/_ros_tut_s.ep.rosidl_typesupport_c.c.o[0m
[ 91%] [32mBuilding C object CMakeFiles/ros_tut__rosidl_typesupport_fastrtps_c__pyext.dir/rosidl_generator_py/ros_tut/_ros_tut_s.ep.rosidl_typesupport_fastrtps_c.c.o[0m
[ 93%] [32mBuilding C object CMakeFiles/ros_tut__rosidl_typesupport_introspection_c__pyext.dir/rosidl_generator_py/ros_tut/_ros_tut_s.ep.rosidl_typesupport_introspection_c.c.o[0m
[01m[K/home/ari/ros-tut/src/clear_turtles.cpp:8:10:[m[K [01;31m[Kfatal error: [m[Kros_tut/srv/add_three_ints.hpp: No such file or directory
    8 | #include [01;31m[K"ros_tut/srv/add_three_ints.hpp"[m[K
      |          [01;31m[K^~~~~~~~~~~~~~~~~~~~~~~~~~~~~~~~[m[K
compilation terminated.
make[2]: *** [CMakeFiles/clear.dir/build.make:63: CMakeFiles/clear.dir/src/clear_turtles.cpp.o] Error 1
make[1]: *** [CMakeFiles/Makefile2:592: CMakeFiles/clear.dir/all] Error 2
make[1]: *** Waiting for unfinished jobs....
[ 94%] [32m[1mLinking C shared library rosidl_generator_py/ros_tut/ros_tut_s__rosidl_typesupport_c.cpython-38-aarch64-linux-gnu.so[0m
[ 96%] [32m[1mLinking CXX shared library rosidl_generator_py/ros_tut/ros_tut_s__rosidl_typesupport_fastrtps_c.cpython-38-aarch64-linux-gnu.so[0m
[ 98%] [32m[1mLinking C shared library rosidl_generator_py/ros_tut/ros_tut_s__rosidl_typesupport_introspection_c.cpython-38-aarch64-linux-gnu.so[0m
[ 98%] Built target ros_tut__rosidl_typesupport_c__pyext
[ 98%] Built target ros_tut__rosidl_typesupport_introspection_c__pyext
[ 98%] Built target ros_tut__rosidl_typesupport_fastrtps_c__pyext
make: *** [Makefile:141: all] Error 2
