<?xml version="1.0" encoding="UTF-8"?>
<Site BuildName="(empty)"
	BuildStamp="20210619-1728-Experimental"
	Name="ari-ubuntu"
	Generator="ctest-3.16.3"
	CompilerName="/usr/bin/c++"
	CompilerVersion="9.3.0"
	OSName="Linux"
	Hostname="ari-ubuntu"
	OSRelease="5.4.0-74-generic"
	OSVersion="#83-Ubuntu SMP Sat May 8 02:34:05 UTC 2021"
	OSPlatform="aarch64"
	Is64Bits="1"
	VendorString=""
	VendorID="Unknown Manufacturer"
	FamilyID="8"
	ModelID="0"
	ProcessorCacheSize="0"
	NumberOfLogicalCPU="8"
	NumberOfPhysicalCPU="1"
	TotalVirtualMemory="3920"
	TotalPhysicalMemory="3921"
	LogicalProcessorsPerPhysical="8"
	ProcessorClockFrequency="0"
	>
	<Testing>
		<StartDateTime>Jun 19 17:28 UTC</StartDateTime>
		<StartTestTime>1624123736</StartTestTime>
		<TestList>
			<Test>./copyright</Test>
			<Test>./cppcheck</Test>
			<Test>./cpplint</Test>
			<Test>./flake8</Test>
			<Test>./lint_cmake</Test>
			<Test>./pep257</Test>
			<Test>./uncrustify</Test>
			<Test>./xmllint</Test>
		</TestList>
		<Test Status="failed">
			<Name>copyright</Name>
			<Path>.</Path>
			<FullName>./copyright</FullName>
			<FullCommandLine>/usr/bin/python3 "-u" "/opt/ros/foxy/share/ament_cmake_test/cmake/run_test.py" "/home/ari/ros-tut/build/ros_tut/test_results/ros_tut/copyright.xunit.xml" "--package-name" "ros_tut" "--output-file" "/home/ari/ros-tut/build/ros_tut/ament_copyright/copyright.txt" "--command" "/opt/ros/foxy/bin/ament_copyright" "--xunit-file" "/home/ari/ros-tut/build/ros_tut/test_results/ros_tut/copyright.xunit.xml"</FullCommandLine>
			<Results>
				<NamedMeasurement type="text/string" name="Exit Code">
					<Value>Failed</Value>
				</NamedMeasurement>
				<NamedMeasurement type="text/string" name="Exit Value">
					<Value>1</Value>
				</NamedMeasurement>
				<NamedMeasurement type="numeric/double" name="Execution Time">
					<Value>0.555109</Value>
				</NamedMeasurement>
				<NamedMeasurement type="numeric/double" name="Processors">
					<Value>1</Value>
				</NamedMeasurement>
				<NamedMeasurement type="text/string" name="Completion Status">
					<Value>Completed</Value>
				</NamedMeasurement>
				<NamedMeasurement type="text/string" name="Command Line">
					<Value>/usr/bin/python3 "-u" "/opt/ros/foxy/share/ament_cmake_test/cmake/run_test.py" "/home/ari/ros-tut/build/ros_tut/test_results/ros_tut/copyright.xunit.xml" "--package-name" "ros_tut" "--output-file" "/home/ari/ros-tut/build/ros_tut/ament_copyright/copyright.txt" "--command" "/opt/ros/foxy/bin/ament_copyright" "--xunit-file" "/home/ari/ros-tut/build/ros_tut/test_results/ros_tut/copyright.xunit.xml"</Value>
				</NamedMeasurement>
				<Measurement>
					<Value>-- run_test.py: invoking following command in '/home/ari/ros-tut':
 - /opt/ros/foxy/bin/ament_copyright --xunit-file /home/ari/ros-tut/build/ros_tut/test_results/ros_tut/copyright.xunit.xml
CONTRIBUTING.md: file not found
LICENSE: file not found
build/ros_tut/CMakeFiles/3.16.3/CMakeCCompiler.cmake: could not find copyright notice
build/ros_tut/CMakeFiles/3.16.3/CMakeCXXCompiler.cmake: could not find copyright notice
build/ros_tut/CMakeFiles/3.16.3/CMakeSystem.cmake: could not find copyright notice
build/ros_tut/CMakeFiles/3.16.3/CompilerIdC/CMakeCCompilerId.c: could not find copyright notice
build/ros_tut/CMakeFiles/3.16.3/CompilerIdCXX/CMakeCXXCompilerId.cpp: could not find copyright notice
build/ros_tut/CMakeFiles/CMakeDirectoryInformation.cmake: could not find copyright notice
build/ros_tut/CMakeFiles/Export/share/ros_tut/cmake/ros_tut__rosidl_generator_cExport-noconfig.cmake: could not find copyright notice
build/ros_tut/CMakeFiles/Export/share/ros_tut/cmake/ros_tut__rosidl_generator_cExport.cmake: could not find copyright notice
build/ros_tut/CMakeFiles/Export/share/ros_tut/cmake/ros_tut__rosidl_generator_cppExport.cmake: could not find copyright notice
build/ros_tut/CMakeFiles/Export/share/ros_tut/cmake/ros_tut__rosidl_typesupport_cExport-noconfig.cmake: could not find copyright notice
build/ros_tut/CMakeFiles/Export/share/ros_tut/cmake/ros_tut__rosidl_typesupport_cExport.cmake: could not find copyright notice
build/ros_tut/CMakeFiles/Export/share/ros_tut/cmake/ros_tut__rosidl_typesupport_cppExport-noconfig.cmake: could not find copyright notice
build/ros_tut/CMakeFiles/Export/share/ros_tut/cmake/ros_tut__rosidl_typesupport_cppExport.cmake: could not find copyright notice
build/ros_tut/CMakeFiles/Export/share/ros_tut/cmake/ros_tut__rosidl_typesupport_introspection_cExport-noconfig.cmake: could not find copyright notice
build/ros_tut/CMakeFiles/Export/share/ros_tut/cmake/ros_tut__rosidl_typesupport_introspection_cExport.cmake: could not find copyright notice
build/ros_tut/CMakeFiles/Export/share/ros_tut/cmake/ros_tut__rosidl_typesupport_introspection_cppExport-noconfig.cmake: could not find copyright notice
build/ros_tut/CMakeFiles/Export/share/ros_tut/cmake/ros_tut__rosidl_typesupport_introspection_cppExport.cmake: could not find copyright notice
build/ros_tut/CMakeFiles/Makefile.cmake: could not find copyright notice
build/ros_tut/CMakeFiles/clear.dir/DependInfo.cmake: could not find copyright notice
build/ros_tut/CMakeFiles/clear.dir/cmake_clean.cmake: could not find copyright notice
build/ros_tut/CMakeFiles/client.dir/DependInfo.cmake: could not find copyright notice
build/ros_tut/CMakeFiles/client.dir/cmake_clean.cmake: could not find copyright notice
build/ros_tut/CMakeFiles/kill_turtles.dir/DependInfo.cmake: could not find copyright notice
build/ros_tut/CMakeFiles/kill_turtles.dir/cmake_clean.cmake: could not find copyright notice
build/ros_tut/CMakeFiles/listener.dir/DependInfo.cmake: could not find copyright notice
build/ros_tut/CMakeFiles/listener.dir/cmake_clean.cmake: could not find copyright notice
build/ros_tut/CMakeFiles/my_node.dir/DependInfo.cmake: could not find copyright notice
build/ros_tut/CMakeFiles/my_node.dir/cmake_clean.cmake: could not find copyright notice
build/ros_tut/CMakeFiles/ros_tut.dir/DependInfo.cmake: could not find copyright notice
build/ros_tut/CMakeFiles/ros_tut.dir/cmake_clean.cmake: could not find copyright notice
build/ros_tut/CMakeFiles/ros_tut__cpp.dir/DependInfo.cmake: could not find copyright notice
build/ros_tut/CMakeFiles/ros_tut__cpp.dir/cmake_clean.cmake: could not find copyright notice
build/ros_tut/CMakeFiles/ros_tut__python.dir/DependInfo.cmake: could not find copyright notice
build/ros_tut/CMakeFiles/ros_tut__python.dir/cmake_clean.cmake: could not find copyright notice
build/ros_tut/CMakeFiles/ros_tut__rosidl_generator_c.dir/DependInfo.cmake: could not find copyright notice
build/ros_tut/CMakeFiles/ros_tut__rosidl_generator_c.dir/cmake_clean.cmake: could not find copyright notice
build/ros_tut/CMakeFiles/ros_tut__rosidl_typesupport_c.dir/DependInfo.cmake: could not find copyright notice
build/ros_tut/CMakeFiles/ros_tut__rosidl_typesupport_c.dir/cmake_clean.cmake: could not find copyright notice
build/ros_tut/CMakeFiles/ros_tut__rosidl_typesupport_c__pyext.dir/DependInfo.cmake: could not find copyright notice
build/ros_tut/CMakeFiles/ros_tut__rosidl_typesupport_c__pyext.dir/cmake_clean.cmake: could not find copyright notice
build/ros_tut/CMakeFiles/ros_tut__rosidl_typesupport_cpp.dir/DependInfo.cmake: could not find copyright notice
build/ros_tut/CMakeFiles/ros_tut__rosidl_typesupport_cpp.dir/cmake_clean.cmake: could not find copyright notice
build/ros_tut/CMakeFiles/ros_tut__rosidl_typesupport_fastrtps_c.dir/DependInfo.cmake: could not find copyright notice
build/ros_tut/CMakeFiles/ros_tut__rosidl_typesupport_fastrtps_c.dir/cmake_clean.cmake: could not find copyright notice
build/ros_tut/CMakeFiles/ros_tut__rosidl_typesupport_fastrtps_c__pyext.dir/DependInfo.cmake: could not find copyright notice
build/ros_tut/CMakeFiles/ros_tut__rosidl_typesupport_fastrtps_c__pyext.dir/cmake_clean.cmake: could not find copyright notice
build/ros_tut/CMakeFiles/ros_tut__rosidl_typesupport_fastrtps_cpp.dir/DependInfo.cmake: could not find copyright notice
build/ros_tut/CMakeFiles/ros_tut__rosidl_typesupport_fastrtps_cpp.dir/cmake_clean.cmake: could not find copyright notice
build/ros_tut/CMakeFiles/ros_tut__rosidl_typesupport_introspection_c.dir/DependInfo.cmake: could not find copyright notice
build/ros_tut/CMakeFiles/ros_tut__rosidl_typesupport_introspection_c.dir/cmake_clean.cmake: could not find copyright notice
build/ros_tut/CMakeFiles/ros_tut__rosidl_typesupport_introspection_c__pyext.dir/DependInfo.cmake: could not find copyright notice
build/ros_tut/CMakeFiles/ros_tut__rosidl_typesupport_introspection_c__pyext.dir/cmake_clean.cmake: could not find copyright notice
build/ros_tut/CMakeFiles/ros_tut__rosidl_typesupport_introspection_cpp.dir/DependInfo.cmake: could not find copyright notice
build/ros_tut/CMakeFiles/ros_tut__rosidl_typesupport_introspection_cpp.dir/cmake_clean.cmake: could not find copyright notice
build/ros_tut/CMakeFiles/ros_tut_uninstall.dir/DependInfo.cmake: could not find copyright notice
build/ros_tut/CMakeFiles/ros_tut_uninstall.dir/cmake_clean.cmake: could not find copyright notice
build/ros_tut/CMakeFiles/server.dir/DependInfo.cmake: could not find copyright notice
build/ros_tut/CMakeFiles/server.dir/cmake_clean.cmake: could not find copyright notice
build/ros_tut/CMakeFiles/talker.dir/DependInfo.cmake: could not find copyright notice
build/ros_tut/CMakeFiles/talker.dir/cmake_clean.cmake: could not find copyright notice
build/ros_tut/CMakeFiles/uninstall.dir/DependInfo.cmake: could not find copyright notice
build/ros_tut/CMakeFiles/uninstall.dir/cmake_clean.cmake: could not find copyright notice
build/ros_tut/CTestCustom.cmake: could not find copyright notice
build/ros_tut/CTestTestfile.cmake: could not find copyright notice
build/ros_tut/ament_cmake_core/package.cmake: could not find copyright notice
build/ros_tut/ament_cmake_core/ros_tutConfig-version.cmake: could not find copyright notice
build/ros_tut/ament_cmake_core/ros_tutConfig.cmake: could not find copyright notice
build/ros_tut/ament_cmake_export_dependencies/ament_cmake_export_dependencies-extras.cmake: could not find copyright notice
build/ros_tut/ament_cmake_export_include_directories/ament_cmake_export_include_directories-extras.cmake: could not find copyright notice
build/ros_tut/ament_cmake_export_libraries/ament_cmake_export_libraries-extras.cmake: could not find copyright notice
build/ros_tut/ament_cmake_export_targets/ament_cmake_export_targets-extras.cmake: could not find copyright notice
build/ros_tut/ament_cmake_package_templates/templates.cmake: could not find copyright notice
build/ros_tut/ament_cmake_uninstall_target/ament_cmake_uninstall_target.cmake: could not find copyright notice
build/ros_tut/cmake_install.cmake: could not find copyright notice
build/ros_tut/ros_tut__py/CMakeFiles/CMakeDirectoryInformation.cmake: could not find copyright notice
build/ros_tut/ros_tut__py/CMakeFiles/ros_tut__py.dir/DependInfo.cmake: could not find copyright notice
build/ros_tut/ros_tut__py/CMakeFiles/ros_tut__py.dir/cmake_clean.cmake: could not find copyright notice
build/ros_tut/ros_tut__py/CTestTestfile.cmake: could not find copyright notice
build/ros_tut/ros_tut__py/cmake_install.cmake: could not find copyright notice
build/ros_tut/rosidl_cmake/rosidl_cmake-extras.cmake: could not find copyright notice
build/ros_tut/rosidl_cmake/rosidl_cmake_export_typesupport_libraries-extras.cmake: could not find copyright notice
build/ros_tut/rosidl_cmake/rosidl_cmake_export_typesupport_targets-extras.cmake: could not find copyright notice
build/ros_tut/rosidl_generator_c/ros_tut/msg/detail/num__functions.c: could not find copyright notice
build/ros_tut/rosidl_generator_c/ros_tut/msg/detail/num__functions.h: could not find copyright notice
build/ros_tut/rosidl_generator_c/ros_tut/msg/detail/num__struct.h: could not find copyright notice
build/ros_tut/rosidl_generator_c/ros_tut/msg/detail/num__type_support.h: could not find copyright notice
build/ros_tut/rosidl_generator_c/ros_tut/msg/num.h: could not find copyright notice
build/ros_tut/rosidl_generator_c/ros_tut/msg/rosidl_generator_c__visibility_control.h: could not find copyright notice
build/ros_tut/rosidl_generator_c/ros_tut/srv/add_three_ints.h: could not find copyright notice
build/ros_tut/rosidl_generator_c/ros_tut/srv/detail/add_three_ints__functions.c: could not find copyright notice
build/ros_tut/rosidl_generator_c/ros_tut/srv/detail/add_three_ints__functions.h: could not find copyright notice
build/ros_tut/rosidl_generator_c/ros_tut/srv/detail/add_three_ints__struct.h: could not find copyright notice
build/ros_tut/rosidl_generator_c/ros_tut/srv/detail/add_three_ints__type_support.h: could not find copyright notice
build/ros_tut/rosidl_generator_c/ros_tut/srv/detail/success__functions.c: could not find copyright notice
build/ros_tut/rosidl_generator_c/ros_tut/srv/detail/success__functions.h: could not find copyright notice
build/ros_tut/rosidl_generator_c/ros_tut/srv/detail/success__struct.h: could not find copyright notice
build/ros_tut/rosidl_generator_c/ros_tut/srv/detail/success__type_support.h: could not find copyright notice
build/ros_tut/rosidl_generator_c/ros_tut/srv/success.h: could not find copyright notice
build/ros_tut/rosidl_generator_cpp/ros_tut/msg/detail/num__builder.hpp: could not find copyright notice
build/ros_tut/rosidl_generator_cpp/ros_tut/msg/detail/num__struct.hpp: could not find copyright notice
build/ros_tut/rosidl_generator_cpp/ros_tut/msg/detail/num__traits.hpp: could not find copyright notice
build/ros_tut/rosidl_generator_cpp/ros_tut/msg/num.hpp: could not find copyright notice
build/ros_tut/rosidl_generator_cpp/ros_tut/srv/add_three_ints.hpp: could not find copyright notice
build/ros_tut/rosidl_generator_cpp/ros_tut/srv/detail/add_three_ints__builder.hpp: could not find copyright notice
build/ros_tut/rosidl_generator_cpp/ros_tut/srv/detail/add_three_ints__struct.hpp: could not find copyright notice
build/ros_tut/rosidl_generator_cpp/ros_tut/srv/detail/add_three_ints__traits.hpp: could not find copyright notice
build/ros_tut/rosidl_generator_cpp/ros_tut/srv/detail/success__builder.hpp: could not find copyright notice
build/ros_tut/rosidl_generator_cpp/ros_tut/srv/detail/success__struct.hpp: could not find copyright notice
build/ros_tut/rosidl_generator_cpp/ros_tut/srv/detail/success__traits.hpp: could not find copyright notice
build/ros_tut/rosidl_generator_cpp/ros_tut/srv/success.hpp: could not find copyright notice
build/ros_tut/rosidl_generator_py/ros_tut/_ros_tut_s.ep.rosidl_typesupport_c.c: could not find copyright notice
build/ros_tut/rosidl_generator_py/ros_tut/_ros_tut_s.ep.rosidl_typesupport_fastrtps_c.c: could not find copyright notice
build/ros_tut/rosidl_generator_py/ros_tut/_ros_tut_s.ep.rosidl_typesupport_introspection_c.c: could not find copyright notice
build/ros_tut/rosidl_generator_py/ros_tut/msg/__init__.py: could not find copyright notice
build/ros_tut/rosidl_generator_py/ros_tut/msg/_num.py: could not find copyright notice
build/ros_tut/rosidl_generator_py/ros_tut/msg/_num_s.c: could not find copyright notice
build/ros_tut/rosidl_generator_py/ros_tut/srv/__init__.py: could not find copyright notice
build/ros_tut/rosidl_generator_py/ros_tut/srv/_add_three_ints.py: could not find copyright notice
build/ros_tut/rosidl_generator_py/ros_tut/srv/_add_three_ints_s.c: could not find copyright notice
build/ros_tut/rosidl_generator_py/ros_tut/srv/_success.py: could not find copyright notice
build/ros_tut/rosidl_generator_py/ros_tut/srv/_success_s.c: could not find copyright notice
build/ros_tut/rosidl_typesupport_c/ros_tut/msg/num__type_support.cpp: could not find copyright notice
build/ros_tut/rosidl_typesupport_c/ros_tut/msg/rosidl_typesupport_c__visibility_control.h: could not find copyright notice
build/ros_tut/rosidl_typesupport_c/ros_tut/srv/add_three_ints__type_support.cpp: could not find copyright notice
build/ros_tut/rosidl_typesupport_c/ros_tut/srv/success__type_support.cpp: could not find copyright notice
build/ros_tut/rosidl_typesupport_cpp/ros_tut/msg/num__type_support.cpp: could not find copyright notice
build/ros_tut/rosidl_typesupport_cpp/ros_tut/srv/add_three_ints__type_support.cpp: could not find copyright notice
build/ros_tut/rosidl_typesupport_cpp/ros_tut/srv/success__type_support.cpp: could not find copyright notice
build/ros_tut/rosidl_typesupport_fastrtps_c/ros_tut/msg/detail/num__rosidl_typesupport_fastrtps_c.h: could not find copyright notice
build/ros_tut/rosidl_typesupport_fastrtps_c/ros_tut/msg/detail/num__type_support_c.cpp: could not find copyright notice
build/ros_tut/rosidl_typesupport_fastrtps_c/ros_tut/msg/rosidl_typesupport_fastrtps_c__visibility_control.h: could not find copyright notice
build/ros_tut/rosidl_typesupport_fastrtps_c/ros_tut/srv/detail/add_three_ints__rosidl_typesupport_fastrtps_c.h: could not find copyright notice
build/ros_tut/rosidl_typesupport_fastrtps_c/ros_tut/srv/detail/add_three_ints__type_support_c.cpp: could not find copyright notice
build/ros_tut/rosidl_typesupport_fastrtps_c/ros_tut/srv/detail/success__rosidl_typesupport_fastrtps_c.h: could not find copyright notice
build/ros_tut/rosidl_typesupport_fastrtps_c/ros_tut/srv/detail/success__type_support_c.cpp: could not find copyright notice
build/ros_tut/rosidl_typesupport_fastrtps_cpp/ros_tut/msg/detail/dds_fastrtps/num__type_support.cpp: could not find copyright notice
build/ros_tut/rosidl_typesupport_fastrtps_cpp/ros_tut/msg/detail/num__rosidl_typesupport_fastrtps_cpp.hpp: could not find copyright notice
build/ros_tut/rosidl_typesupport_fastrtps_cpp/ros_tut/msg/rosidl_typesupport_fastrtps_cpp__visibility_control.h: could not find copyright notice
build/ros_tut/rosidl_typesupport_fastrtps_cpp/ros_tut/srv/detail/add_three_ints__rosidl_typesupport_fastrtps_cpp.hpp: could not find copyright notice
build/ros_tut/rosidl_typesupport_fastrtps_cpp/ros_tut/srv/detail/dds_fastrtps/add_three_ints__type_support.cpp: could not find copyright notice
build/ros_tut/rosidl_typesupport_fastrtps_cpp/ros_tut/srv/detail/dds_fastrtps/success__type_support.cpp: could not find copyright notice
build/ros_tut/rosidl_typesupport_fastrtps_cpp/ros_tut/srv/detail/success__rosidl_typesupport_fastrtps_cpp.hpp: could not find copyright notice
build/ros_tut/rosidl_typesupport_introspection_c/ros_tut/msg/detail/num__rosidl_typesupport_introspection_c.h: could not find copyright notice
build/ros_tut/rosidl_typesupport_introspection_c/ros_tut/msg/detail/num__type_support.c: could not find copyright notice
build/ros_tut/rosidl_typesupport_introspection_c/ros_tut/msg/rosidl_typesupport_introspection_c__visibility_control.h: could not find copyright notice
build/ros_tut/rosidl_typesupport_introspection_c/ros_tut/srv/detail/add_three_ints__rosidl_typesupport_introspection_c.h: could not find copyright notice
build/ros_tut/rosidl_typesupport_introspection_c/ros_tut/srv/detail/add_three_ints__type_support.c: could not find copyright notice
build/ros_tut/rosidl_typesupport_introspection_c/ros_tut/srv/detail/success__rosidl_typesupport_introspection_c.h: could not find copyright notice
build/ros_tut/rosidl_typesupport_introspection_c/ros_tut/srv/detail/success__type_support.c: could not find copyright notice
build/ros_tut/rosidl_typesupport_introspection_cpp/ros_tut/msg/detail/num__rosidl_typesupport_introspection_cpp.hpp: could not find copyright notice
build/ros_tut/rosidl_typesupport_introspection_cpp/ros_tut/msg/detail/num__type_support.cpp: could not find copyright notice
build/ros_tut/rosidl_typesupport_introspection_cpp/ros_tut/srv/detail/add_three_ints__rosidl_typesupport_introspection_cpp.hpp: could not find copyright notice
build/ros_tut/rosidl_typesupport_introspection_cpp/ros_tut/srv/detail/add_three_ints__type_support.cpp: could not find copyright notice
build/ros_tut/rosidl_typesupport_introspection_cpp/ros_tut/srv/detail/success__rosidl_typesupport_introspection_cpp.hpp: could not find copyright notice
build/ros_tut/rosidl_typesupport_introspection_cpp/ros_tut/srv/detail/success__type_support.cpp: could not find copyright notice
install/_local_setup_util_ps1.py: copyright=Dirk Thomas (2016-2019), license=&lt;unknown&gt;
install/_local_setup_util_sh.py: copyright=Dirk Thomas (2016-2019), license=&lt;unknown&gt;
install/ros_tut/include/ros_tut/msg/detail/num__builder.hpp: could not find copyright notice
install/ros_tut/include/ros_tut/msg/detail/num__functions.c: could not find copyright notice
install/ros_tut/include/ros_tut/msg/detail/num__functions.h: could not find copyright notice
install/ros_tut/include/ros_tut/msg/detail/num__rosidl_typesupport_fastrtps_c.h: could not find copyright notice
install/ros_tut/include/ros_tut/msg/detail/num__rosidl_typesupport_fastrtps_cpp.hpp: could not find copyright notice
install/ros_tut/include/ros_tut/msg/detail/num__rosidl_typesupport_introspection_c.h: could not find copyright notice
install/ros_tut/include/ros_tut/msg/detail/num__rosidl_typesupport_introspection_cpp.hpp: could not find copyright notice
install/ros_tut/include/ros_tut/msg/detail/num__struct.h: could not find copyright notice
install/ros_tut/include/ros_tut/msg/detail/num__struct.hpp: could not find copyright notice
install/ros_tut/include/ros_tut/msg/detail/num__traits.hpp: could not find copyright notice
install/ros_tut/include/ros_tut/msg/detail/num__type_support.c: could not find copyright notice
install/ros_tut/include/ros_tut/msg/detail/num__type_support.cpp: could not find copyright notice
install/ros_tut/include/ros_tut/msg/detail/num__type_support.h: could not find copyright notice
install/ros_tut/include/ros_tut/msg/num.h: could not find copyright notice
install/ros_tut/include/ros_tut/msg/num.hpp: could not find copyright notice
install/ros_tut/include/ros_tut/msg/rosidl_generator_c__visibility_control.h: could not find copyright notice
install/ros_tut/include/ros_tut/msg/rosidl_typesupport_fastrtps_c__visibility_control.h: could not find copyright notice
install/ros_tut/include/ros_tut/msg/rosidl_typesupport_fastrtps_cpp__visibility_control.h: could not find copyright notice
install/ros_tut/include/ros_tut/msg/rosidl_typesupport_introspection_c__visibility_control.h: could not find copyright notice
install/ros_tut/include/ros_tut/srv/add_three_ints.h: could not find copyright notice
install/ros_tut/include/ros_tut/srv/add_three_ints.hpp: could not find copyright notice
install/ros_tut/include/ros_tut/srv/detail/add_three_ints__builder.hpp: could not find copyright notice
install/ros_tut/include/ros_tut/srv/detail/add_three_ints__functions.c: could not find copyright notice
install/ros_tut/include/ros_tut/srv/detail/add_three_ints__functions.h: could not find copyright notice
install/ros_tut/include/ros_tut/srv/detail/add_three_ints__rosidl_typesupport_fastrtps_c.h: could not find copyright notice
install/ros_tut/include/ros_tut/srv/detail/add_three_ints__rosidl_typesupport_fastrtps_cpp.hpp: could not find copyright notice
install/ros_tut/include/ros_tut/srv/detail/add_three_ints__rosidl_typesupport_introspection_c.h: could not find copyright notice
install/ros_tut/include/ros_tut/srv/detail/add_three_ints__rosidl_typesupport_introspection_cpp.hpp: could not find copyright notice
install/ros_tut/include/ros_tut/srv/detail/add_three_ints__struct.h: could not find copyright notice
install/ros_tut/include/ros_tut/srv/detail/add_three_ints__struct.hpp: could not find copyright notice
install/ros_tut/include/ros_tut/srv/detail/add_three_ints__traits.hpp: could not find copyright notice
install/ros_tut/include/ros_tut/srv/detail/add_three_ints__type_support.c: could not find copyright notice
install/ros_tut/include/ros_tut/srv/detail/add_three_ints__type_support.cpp: could not find copyright notice
install/ros_tut/include/ros_tut/srv/detail/add_three_ints__type_support.h: could not find copyright notice
install/ros_tut/include/ros_tut/srv/detail/success__builder.hpp: could not find copyright notice
install/ros_tut/include/ros_tut/srv/detail/success__functions.c: could not find copyright notice
install/ros_tut/include/ros_tut/srv/detail/success__functions.h: could not find copyright notice
install/ros_tut/include/ros_tut/srv/detail/success__rosidl_typesupport_fastrtps_c.h: could not find copyright notice
install/ros_tut/include/ros_tut/srv/detail/success__rosidl_typesupport_fastrtps_cpp.hpp: could not find copyright notice
install/ros_tut/include/ros_tut/srv/detail/success__rosidl_typesupport_introspection_c.h: could not find copyright notice
install/ros_tut/include/ros_tut/srv/detail/success__rosidl_typesupport_introspection_cpp.hpp: could not find copyright notice
install/ros_tut/include/ros_tut/srv/detail/success__struct.h: could not find copyright notice
install/ros_tut/include/ros_tut/srv/detail/success__struct.hpp: could not find copyright notice
install/ros_tut/include/ros_tut/srv/detail/success__traits.hpp: could not find copyright notice
install/ros_tut/include/ros_tut/srv/detail/success__type_support.c: could not find copyright notice
install/ros_tut/include/ros_tut/srv/detail/success__type_support.cpp: could not find copyright notice
install/ros_tut/include/ros_tut/srv/detail/success__type_support.h: could not find copyright notice
install/ros_tut/include/ros_tut/srv/success.h: could not find copyright notice
install/ros_tut/include/ros_tut/srv/success.hpp: could not find copyright notice
install/ros_tut/lib/python3.8/site-packages/ros_tut/msg/__init__.py: could not find copyright notice
install/ros_tut/lib/python3.8/site-packages/ros_tut/msg/_num.py: could not find copyright notice
install/ros_tut/lib/python3.8/site-packages/ros_tut/msg/_num_s.c: could not find copyright notice
install/ros_tut/lib/python3.8/site-packages/ros_tut/srv/__init__.py: could not find copyright notice
install/ros_tut/lib/python3.8/site-packages/ros_tut/srv/_add_three_ints.py: could not find copyright notice
install/ros_tut/lib/python3.8/site-packages/ros_tut/srv/_add_three_ints_s.c: could not find copyright notice
install/ros_tut/lib/python3.8/site-packages/ros_tut/srv/_success.py: could not find copyright notice
install/ros_tut/lib/python3.8/site-packages/ros_tut/srv/_success_s.c: could not find copyright notice
install/ros_tut/share/ros_tut/cmake/ament_cmake_export_dependencies-extras.cmake: could not find copyright notice
install/ros_tut/share/ros_tut/cmake/ament_cmake_export_include_directories-extras.cmake: could not find copyright notice
install/ros_tut/share/ros_tut/cmake/ament_cmake_export_libraries-extras.cmake: could not find copyright notice
install/ros_tut/share/ros_tut/cmake/ament_cmake_export_targets-extras.cmake: could not find copyright notice
install/ros_tut/share/ros_tut/cmake/ros_tutConfig-version.cmake: could not find copyright notice
install/ros_tut/share/ros_tut/cmake/ros_tutConfig.cmake: could not find copyright notice
install/ros_tut/share/ros_tut/cmake/ros_tut__rosidl_generator_cExport-noconfig.cmake: could not find copyright notice
install/ros_tut/share/ros_tut/cmake/ros_tut__rosidl_generator_cExport.cmake: could not find copyright notice
install/ros_tut/share/ros_tut/cmake/ros_tut__rosidl_generator_cppExport.cmake: could not find copyright notice
install/ros_tut/share/ros_tut/cmake/ros_tut__rosidl_typesupport_cExport-noconfig.cmake: could not find copyright notice
install/ros_tut/share/ros_tut/cmake/ros_tut__rosidl_typesupport_cExport.cmake: could not find copyright notice
install/ros_tut/share/ros_tut/cmake/ros_tut__rosidl_typesupport_cppExport-noconfig.cmake: could not find copyright notice
install/ros_tut/share/ros_tut/cmake/ros_tut__rosidl_typesupport_cppExport.cmake: could not find copyright notice
install/ros_tut/share/ros_tut/cmake/ros_tut__rosidl_typesupport_introspection_cExport-noconfig.cmake: could not find copyright notice
install/ros_tut/share/ros_tut/cmake/ros_tut__rosidl_typesupport_introspection_cExport.cmake: could not find copyright notice
install/ros_tut/share/ros_tut/cmake/ros_tut__rosidl_typesupport_introspection_cppExport-noconfig.cmake: could not find copyright notice
install/ros_tut/share/ros_tut/cmake/ros_tut__rosidl_typesupport_introspection_cppExport.cmake: could not find copyright notice
install/ros_tut/share/ros_tut/cmake/rosidl_cmake-extras.cmake: could not find copyright notice
install/ros_tut/share/ros_tut/cmake/rosidl_cmake_export_typesupport_libraries-extras.cmake: could not find copyright notice
install/ros_tut/share/ros_tut/cmake/rosidl_cmake_export_typesupport_targets-extras.cmake: could not find copyright notice
src/add_two_ints_client.cpp: could not find copyright notice
src/add_two_ints_server.cpp: could not find copyright notice
src/clear_turtles.cpp: could not find copyright notice
src/install/_local_setup_util_ps1.py: copyright=Dirk Thomas (2016-2019), license=&lt;unknown&gt;
src/install/_local_setup_util_sh.py: copyright=Dirk Thomas (2016-2019), license=&lt;unknown&gt;
src/my_node.cpp: could not find copyright notice
src/my_publisher.cpp: could not find copyright notice
src/my_subscriber.cpp: could not find copyright notice
244 errors, checked 247 files
-- run_test.py: return code 1
-- run_test.py: verify result file '/home/ari/ros-tut/build/ros_tut/test_results/ros_tut/copyright.xunit.xml'
</Value>
				</Measurement>
			</Results>
			<Labels>
				<Label>copyright</Label>
				<Label>linter</Label>
			</Labels>
		</Test>
		<Test Status="passed">
			<Name>cppcheck</Name>
			<Path>.</Path>
			<FullName>./cppcheck</FullName>
			<FullCommandLine>/usr/bin/python3 "-u" "/opt/ros/foxy/share/ament_cmake_test/cmake/run_test.py" "/home/ari/ros-tut/build/ros_tut/test_results/ros_tut/cppcheck.xunit.xml" "--package-name" "ros_tut" "--output-file" "/home/ari/ros-tut/build/ros_tut/ament_cppcheck/cppcheck.txt" "--command" "/opt/ros/foxy/bin/ament_cppcheck" "--xunit-file" "/home/ari/ros-tut/build/ros_tut/test_results/ros_tut/cppcheck.xunit.xml" "--include_dirs" "/home/ari/ros-tut/build/ros_tut/rosidl_generator_c" "/home/ari/ros-tut/build/ros_tut/rosidl_generator_c" "/home/ari/ros-tut/build/ros_tut/rosidl_generator_cpp" "/home/ari/ros-tut/build/ros_tut/rosidl_typesupport_fastrtps_c" "/home/ari/ros-tut/build/ros_tut/rosidl_typesupport_fastrtps_cpp" "/home/ari/ros-tut/build/ros_tut/rosidl_typesupport_introspection_c" "/home/ari/ros-tut/build/ros_tut/rosidl_typesupport_c" "/home/ari/ros-tut/build/ros_tut/rosidl_generator_cpp" "/home/ari/ros-tut/build/ros_tut/rosidl_generator_py" "/home/ari/ros-tut/include"</FullCommandLine>
			<Results>
				<NamedMeasurement type="numeric/double" name="Execution Time">
					<Value>0.579766</Value>
				</NamedMeasurement>
				<NamedMeasurement type="numeric/double" name="Processors">
					<Value>1</Value>
				</NamedMeasurement>
				<NamedMeasurement type="text/string" name="Completion Status">
					<Value>Completed</Value>
				</NamedMeasurement>
				<NamedMeasurement type="text/string" name="Command Line">
					<Value>/usr/bin/python3 "-u" "/opt/ros/foxy/share/ament_cmake_test/cmake/run_test.py" "/home/ari/ros-tut/build/ros_tut/test_results/ros_tut/cppcheck.xunit.xml" "--package-name" "ros_tut" "--output-file" "/home/ari/ros-tut/build/ros_tut/ament_cppcheck/cppcheck.txt" "--command" "/opt/ros/foxy/bin/ament_cppcheck" "--xunit-file" "/home/ari/ros-tut/build/ros_tut/test_results/ros_tut/cppcheck.xunit.xml" "--include_dirs" "/home/ari/ros-tut/build/ros_tut/rosidl_generator_c" "/home/ari/ros-tut/build/ros_tut/rosidl_generator_c" "/home/ari/ros-tut/build/ros_tut/rosidl_generator_cpp" "/home/ari/ros-tut/build/ros_tut/rosidl_typesupport_fastrtps_c" "/home/ari/ros-tut/build/ros_tut/rosidl_typesupport_fastrtps_cpp" "/home/ari/ros-tut/build/ros_tut/rosidl_typesupport_introspection_c" "/home/ari/ros-tut/build/ros_tut/rosidl_typesupport_c" "/home/ari/ros-tut/build/ros_tut/rosidl_generator_cpp" "/home/ari/ros-tut/build/ros_tut/rosidl_generator_py" "/home/ari/ros-tut/include"</Value>
				</NamedMeasurement>
				<Measurement>
					<Value>-- run_test.py: invoking following command in '/home/ari/ros-tut':
 - /opt/ros/foxy/bin/ament_cppcheck --xunit-file /home/ari/ros-tut/build/ros_tut/test_results/ros_tut/cppcheck.xunit.xml --include_dirs /home/ari/ros-tut/build/ros_tut/rosidl_generator_c /home/ari/ros-tut/build/ros_tut/rosidl_generator_c /home/ari/ros-tut/build/ros_tut/rosidl_generator_cpp /home/ari/ros-tut/build/ros_tut/rosidl_typesupport_fastrtps_c /home/ari/ros-tut/build/ros_tut/rosidl_typesupport_fastrtps_cpp /home/ari/ros-tut/build/ros_tut/rosidl_typesupport_introspection_c /home/ari/ros-tut/build/ros_tut/rosidl_typesupport_c /home/ari/ros-tut/build/ros_tut/rosidl_generator_cpp /home/ari/ros-tut/build/ros_tut/rosidl_generator_py /home/ari/ros-tut/include
No problems found
-- run_test.py: return code 0
-- run_test.py: verify result file '/home/ari/ros-tut/build/ros_tut/test_results/ros_tut/cppcheck.xunit.xml'
</Value>
				</Measurement>
			</Results>
			<Labels>
				<Label>cppcheck</Label>
				<Label>linter</Label>
			</Labels>
		</Test>
		<Test Status="failed">
			<Name>cpplint</Name>
			<Path>.</Path>
			<FullName>./cpplint</FullName>
			<FullCommandLine>/usr/bin/python3 "-u" "/opt/ros/foxy/share/ament_cmake_test/cmake/run_test.py" "/home/ari/ros-tut/build/ros_tut/test_results/ros_tut/cpplint.xunit.xml" "--package-name" "ros_tut" "--output-file" "/home/ari/ros-tut/build/ros_tut/ament_cpplint/cpplint.txt" "--command" "/opt/ros/foxy/bin/ament_cpplint" "--xunit-file" "/home/ari/ros-tut/build/ros_tut/test_results/ros_tut/cpplint.xunit.xml"</FullCommandLine>
			<Results>
				<NamedMeasurement type="text/string" name="Exit Code">
					<Value>Failed</Value>
				</NamedMeasurement>
				<NamedMeasurement type="text/string" name="Exit Value">
					<Value>1</Value>
				</NamedMeasurement>
				<NamedMeasurement type="numeric/double" name="Execution Time">
					<Value>2.31962</Value>
				</NamedMeasurement>
				<NamedMeasurement type="numeric/double" name="Processors">
					<Value>1</Value>
				</NamedMeasurement>
				<NamedMeasurement type="text/string" name="Completion Status">
					<Value>Completed</Value>
				</NamedMeasurement>
				<NamedMeasurement type="text/string" name="Command Line">
					<Value>/usr/bin/python3 "-u" "/opt/ros/foxy/share/ament_cmake_test/cmake/run_test.py" "/home/ari/ros-tut/build/ros_tut/test_results/ros_tut/cpplint.xunit.xml" "--package-name" "ros_tut" "--output-file" "/home/ari/ros-tut/build/ros_tut/ament_cpplint/cpplint.txt" "--command" "/opt/ros/foxy/bin/ament_cpplint" "--xunit-file" "/home/ari/ros-tut/build/ros_tut/test_results/ros_tut/cpplint.xunit.xml"</Value>
				</NamedMeasurement>
				<Measurement>
					<Value>-- run_test.py: invoking following command in '/home/ari/ros-tut':
 - /opt/ros/foxy/bin/ament_cpplint --xunit-file /home/ari/ros-tut/build/ros_tut/test_results/ros_tut/cpplint.xunit.xml
/home/ari/ros-tut/build/ros_tut/CMakeFiles/3.16.3/CompilerIdC/CMakeCCompilerId.c:0:  No copyright message found.  You should have a line: "Copyright [year] &lt;Copyright Owner&gt;"  [legal/copyright] [5]
/home/ari/ros-tut/build/ros_tut/CMakeFiles/3.16.3/CompilerIdC/CMakeCCompilerId.c:270:  Lines should be &lt;= 100 characters long  [whitespace/line_length] [2]
/home/ari/ros-tut/build/ros_tut/CMakeFiles/3.16.3/CompilerIdC/CMakeCCompilerId.c:286:  Lines should be &lt;= 100 characters long  [whitespace/line_length] [2]
/home/ari/ros-tut/build/ros_tut/CMakeFiles/3.16.3/CompilerIdC/CMakeCCompilerId.c:569:  Missing space after ,  [whitespace/comma] [3]
/home/ari/ros-tut/build/ros_tut/CMakeFiles/3.16.3/CompilerIdC/CMakeCCompilerId.c:580:  Missing space after ,  [whitespace/comma] [3]
/home/ari/ros-tut/build/ros_tut/CMakeFiles/3.16.3/CompilerIdC/CMakeCCompilerId.c:587:  Missing space after ,  [whitespace/comma] [3]
/home/ari/ros-tut/build/ros_tut/CMakeFiles/3.16.3/CompilerIdC/CMakeCCompilerId.c:588:  Missing space after ,  [whitespace/comma] [3]
/home/ari/ros-tut/build/ros_tut/CMakeFiles/3.16.3/CompilerIdC/CMakeCCompilerId.c:589:  Missing space after ,  [whitespace/comma] [3]
/home/ari/ros-tut/build/ros_tut/CMakeFiles/3.16.3/CompilerIdC/CMakeCCompilerId.c:596:  Missing space after ,  [whitespace/comma] [3]
/home/ari/ros-tut/build/ros_tut/CMakeFiles/3.16.3/CompilerIdC/CMakeCCompilerId.c:607:  Missing space after ,  [whitespace/comma] [3]
/home/ari/ros-tut/build/ros_tut/CMakeFiles/3.16.3/CompilerIdCXX/CMakeCXXCompilerId.cpp:0:  No copyright message found.  You should have a line: "Copyright [year] &lt;Copyright Owner&gt;"  [legal/copyright] [5]
/home/ari/ros-tut/build/ros_tut/CMakeFiles/3.16.3/CompilerIdCXX/CMakeCXXCompilerId.cpp:268:  Lines should be &lt;= 100 characters long  [whitespace/line_length] [2]
/home/ari/ros-tut/build/ros_tut/CMakeFiles/3.16.3/CompilerIdCXX/CMakeCXXCompilerId.cpp:284:  Lines should be &lt;= 100 characters long  [whitespace/line_length] [2]
/home/ari/ros-tut/build/ros_tut/CMakeFiles/3.16.3/CompilerIdCXX/CMakeCXXCompilerId.cpp:554:  Missing space after ,  [whitespace/comma] [3]
/home/ari/ros-tut/build/ros_tut/CMakeFiles/3.16.3/CompilerIdCXX/CMakeCXXCompilerId.cpp:565:  Missing space after ,  [whitespace/comma] [3]
/home/ari/ros-tut/build/ros_tut/CMakeFiles/3.16.3/CompilerIdCXX/CMakeCXXCompilerId.cpp:572:  Missing space after ,  [whitespace/comma] [3]
/home/ari/ros-tut/build/ros_tut/CMakeFiles/3.16.3/CompilerIdCXX/CMakeCXXCompilerId.cpp:573:  Missing space after ,  [whitespace/comma] [3]
/home/ari/ros-tut/build/ros_tut/CMakeFiles/3.16.3/CompilerIdCXX/CMakeCXXCompilerId.cpp:574:  Missing space after ,  [whitespace/comma] [3]
/home/ari/ros-tut/build/ros_tut/CMakeFiles/3.16.3/CompilerIdCXX/CMakeCXXCompilerId.cpp:581:  Missing space after ,  [whitespace/comma] [3]
/home/ari/ros-tut/build/ros_tut/CMakeFiles/3.16.3/CompilerIdCXX/CMakeCXXCompilerId.cpp:592:  Missing space after ,  [whitespace/comma] [3]
/home/ari/ros-tut/build/ros_tut/rosidl_generator_c/ros_tut/msg/num.h:5:  #ifndef header guard has wrong style, please use: BUILD__ROS_TUT__ROSIDL_GENERATOR_C__ROS_TUT__MSG__NUM_H_  [build/header_guard] [5]
/home/ari/ros-tut/build/ros_tut/rosidl_generator_c/ros_tut/msg/num.h:12:  #endif line should be "#endif  // BUILD__ROS_TUT__ROSIDL_GENERATOR_C__ROS_TUT__MSG__NUM_H_"  [build/header_guard] [5]
/home/ari/ros-tut/build/ros_tut/rosidl_generator_c/ros_tut/msg/rosidl_generator_c__visibility_control.h:4:  #ifndef header guard has wrong style, please use: BUILD__ROS_TUT__ROSIDL_GENERATOR_C__ROS_TUT__MSG__ROSIDL_GENERATOR_C__VISIBILITY_CONTROL_H_  [build/header_guard] [5]
/home/ari/ros-tut/build/ros_tut/rosidl_generator_c/ros_tut/msg/rosidl_generator_c__visibility_control.h:42:  #endif line should be "#endif  // BUILD__ROS_TUT__ROSIDL_GENERATOR_C__ROS_TUT__MSG__ROSIDL_GENERATOR_C__VISIBILITY_CONTROL_H_"  [build/header_guard] [5]
/home/ari/ros-tut/build/ros_tut/rosidl_generator_c/ros_tut/msg/detail/num__functions.c:119:  Lines should be &lt;= 100 characters long  [whitespace/line_length] [2]
/home/ari/ros-tut/build/ros_tut/rosidl_generator_c/ros_tut/msg/detail/num__functions.h:5:  #ifndef header guard has wrong style, please use: BUILD__ROS_TUT__ROSIDL_GENERATOR_C__ROS_TUT__MSG__DETAIL__NUM__FUNCTIONS_H_  [build/header_guard] [5]
/home/ari/ros-tut/build/ros_tut/rosidl_generator_c/ros_tut/msg/detail/num__functions.h:124:  #endif line should be "#endif  // BUILD__ROS_TUT__ROSIDL_GENERATOR_C__ROS_TUT__MSG__DETAIL__NUM__FUNCTIONS_H_"  [build/header_guard] [5]
/home/ari/ros-tut/build/ros_tut/rosidl_generator_c/ros_tut/msg/detail/num__struct.h:5:  #ifndef header guard has wrong style, please use: BUILD__ROS_TUT__ROSIDL_GENERATOR_C__ROS_TUT__MSG__DETAIL__NUM__STRUCT_H_  [build/header_guard] [5]
/home/ari/ros-tut/build/ros_tut/rosidl_generator_c/ros_tut/msg/detail/num__struct.h:40:  #endif line should be "#endif  // BUILD__ROS_TUT__ROSIDL_GENERATOR_C__ROS_TUT__MSG__DETAIL__NUM__STRUCT_H_"  [build/header_guard] [5]
/home/ari/ros-tut/build/ros_tut/rosidl_generator_c/ros_tut/msg/detail/num__type_support.h:5:  #ifndef header guard has wrong style, please use: BUILD__ROS_TUT__ROSIDL_GENERATOR_C__ROS_TUT__MSG__DETAIL__NUM__TYPE_SUPPORT_H_  [build/header_guard] [5]
/home/ari/ros-tut/build/ros_tut/rosidl_generator_c/ros_tut/msg/detail/num__type_support.h:33:  #endif line should be "#endif  // BUILD__ROS_TUT__ROSIDL_GENERATOR_C__ROS_TUT__MSG__DETAIL__NUM__TYPE_SUPPORT_H_"  [build/header_guard] [5]
/home/ari/ros-tut/build/ros_tut/rosidl_generator_c/ros_tut/srv/add_three_ints.h:5:  #ifndef header guard has wrong style, please use: BUILD__ROS_TUT__ROSIDL_GENERATOR_C__ROS_TUT__SRV__ADD_THREE_INTS_H_  [build/header_guard] [5]
/home/ari/ros-tut/build/ros_tut/rosidl_generator_c/ros_tut/srv/add_three_ints.h:12:  #endif line should be "#endif  // BUILD__ROS_TUT__ROSIDL_GENERATOR_C__ROS_TUT__SRV__ADD_THREE_INTS_H_"  [build/header_guard] [5]
/home/ari/ros-tut/build/ros_tut/rosidl_generator_c/ros_tut/srv/success.h:5:  #ifndef header guard has wrong style, please use: BUILD__ROS_TUT__ROSIDL_GENERATOR_C__ROS_TUT__SRV__SUCCESS_H_  [build/header_guard] [5]
/home/ari/ros-tut/build/ros_tut/rosidl_generator_c/ros_tut/srv/success.h:12:  #endif line should be "#endif  // BUILD__ROS_TUT__ROSIDL_GENERATOR_C__ROS_TUT__SRV__SUCCESS_H_"  [build/header_guard] [5]
/home/ari/ros-tut/build/ros_tut/rosidl_generator_c/ros_tut/srv/detail/add_three_ints__functions.c:37:  Lines should be &lt;= 100 characters long  [whitespace/line_length] [2]
/home/ari/ros-tut/build/ros_tut/rosidl_generator_c/ros_tut/srv/detail/add_three_ints__functions.c:61:  Lines should be &lt;= 100 characters long  [whitespace/line_length] [2]
/home/ari/ros-tut/build/ros_tut/rosidl_generator_c/ros_tut/srv/detail/add_three_ints__functions.c:68:  Lines should be &lt;= 100 characters long  [whitespace/line_length] [2]
/home/ari/ros-tut/build/ros_tut/rosidl_generator_c/ros_tut/srv/detail/add_three_ints__functions.c:96:  Lines should be &lt;= 100 characters long  [whitespace/line_length] [2]
/home/ari/ros-tut/build/ros_tut/rosidl_generator_c/ros_tut/srv/detail/add_three_ints__functions.c:122:  Lines should be &lt;= 100 characters long  [whitespace/line_length] [2]
/home/ari/ros-tut/build/ros_tut/rosidl_generator_c/ros_tut/srv/detail/add_three_ints__functions.c:135:  Lines should be &lt;= 100 characters long  [whitespace/line_length] [2]
/home/ari/ros-tut/build/ros_tut/rosidl_generator_c/ros_tut/srv/detail/add_three_ints__functions.c:166:  Lines should be &lt;= 100 characters long  [whitespace/line_length] [2]
/home/ari/ros-tut/build/ros_tut/rosidl_generator_c/ros_tut/srv/detail/add_three_ints__functions.c:190:  Lines should be &lt;= 100 characters long  [whitespace/line_length] [2]
/home/ari/ros-tut/build/ros_tut/rosidl_generator_c/ros_tut/srv/detail/add_three_ints__functions.c:197:  Lines should be &lt;= 100 characters long  [whitespace/line_length] [2]
/home/ari/ros-tut/build/ros_tut/rosidl_generator_c/ros_tut/srv/detail/add_three_ints__functions.c:225:  Lines should be &lt;= 100 characters long  [whitespace/line_length] [2]
/home/ari/ros-tut/build/ros_tut/rosidl_generator_c/ros_tut/srv/detail/add_three_ints__functions.c:251:  Lines should be &lt;= 100 characters long  [whitespace/line_length] [2]
/home/ari/ros-tut/build/ros_tut/rosidl_generator_c/ros_tut/srv/detail/add_three_ints__functions.c:264:  Lines should be &lt;= 100 characters long  [whitespace/line_length] [2]
/home/ari/ros-tut/build/ros_tut/rosidl_generator_c/ros_tut/srv/detail/add_three_ints__functions.h:5:  #ifndef header guard has wrong style, please use: BUILD__ROS_TUT__ROSIDL_GENERATOR_C__ROS_TUT__SRV__DETAIL__ADD_THREE_INTS__FUNCTIONS_H_  [build/header_guard] [5]
/home/ari/ros-tut/build/ros_tut/rosidl_generator_c/ros_tut/srv/detail/add_three_ints__functions.h:223:  #endif line should be "#endif  // BUILD__ROS_TUT__ROSIDL_GENERATOR_C__ROS_TUT__SRV__DETAIL__ADD_THREE_INTS__FUNCTIONS_H_"  [build/header_guard] [5]
/home/ari/ros-tut/build/ros_tut/rosidl_generator_c/ros_tut/srv/detail/add_three_ints__functions.h:83:  Lines should be &lt;= 100 characters long  [whitespace/line_length] [2]
/home/ari/ros-tut/build/ros_tut/rosidl_generator_c/ros_tut/srv/detail/add_three_ints__functions.h:95:  Lines should be &lt;= 100 characters long  [whitespace/line_length] [2]
/home/ari/ros-tut/build/ros_tut/rosidl_generator_c/ros_tut/srv/detail/add_three_ints__functions.h:118:  Lines should be &lt;= 100 characters long  [whitespace/line_length] [2]
/home/ari/ros-tut/build/ros_tut/rosidl_generator_c/ros_tut/srv/detail/add_three_ints__functions.h:182:  Lines should be &lt;= 100 characters long  [whitespace/line_length] [2]
/home/ari/ros-tut/build/ros_tut/rosidl_generator_c/ros_tut/srv/detail/add_three_ints__functions.h:194:  Lines should be &lt;= 100 characters long  [whitespace/line_length] [2]
/home/ari/ros-tut/build/ros_tut/rosidl_generator_c/ros_tut/srv/detail/add_three_ints__functions.h:217:  Lines should be &lt;= 100 characters long  [whitespace/line_length] [2]
/home/ari/ros-tut/build/ros_tut/rosidl_generator_c/ros_tut/srv/detail/add_three_ints__struct.h:5:  #ifndef header guard has wrong style, please use: BUILD__ROS_TUT__ROSIDL_GENERATOR_C__ROS_TUT__SRV__DETAIL__ADD_THREE_INTS__STRUCT_H_  [build/header_guard] [5]
/home/ari/ros-tut/build/ros_tut/rosidl_generator_c/ros_tut/srv/detail/add_three_ints__struct.h:61:  #endif line should be "#endif  // BUILD__ROS_TUT__ROSIDL_GENERATOR_C__ROS_TUT__SRV__DETAIL__ADD_THREE_INTS__STRUCT_H_"  [build/header_guard] [5]
/home/ari/ros-tut/build/ros_tut/rosidl_generator_c/ros_tut/srv/detail/add_three_ints__type_support.h:5:  #ifndef header guard has wrong style, please use: BUILD__ROS_TUT__ROSIDL_GENERATOR_C__ROS_TUT__SRV__DETAIL__ADD_THREE_INTS__TYPE_SUPPORT_H_  [build/header_guard] [5]
/home/ari/ros-tut/build/ros_tut/rosidl_generator_c/ros_tut/srv/detail/add_three_ints__type_support.h:58:  #endif line should be "#endif  // BUILD__ROS_TUT__ROSIDL_GENERATOR_C__ROS_TUT__SRV__DETAIL__ADD_THREE_INTS__TYPE_SUPPORT_H_"  [build/header_guard] [5]
/home/ari/ros-tut/build/ros_tut/rosidl_generator_c/ros_tut/srv/detail/success__functions.c:33:  Lines should be &lt;= 100 characters long  [whitespace/line_length] [2]
/home/ari/ros-tut/build/ros_tut/rosidl_generator_c/ros_tut/srv/detail/success__functions.c:57:  Lines should be &lt;= 100 characters long  [whitespace/line_length] [2]
/home/ari/ros-tut/build/ros_tut/rosidl_generator_c/ros_tut/srv/detail/success__functions.c:118:  Lines should be &lt;= 100 characters long  [whitespace/line_length] [2]
/home/ari/ros-tut/build/ros_tut/rosidl_generator_c/ros_tut/srv/detail/success__functions.c:162:  Lines should be &lt;= 100 characters long  [whitespace/line_length] [2]
/home/ari/ros-tut/build/ros_tut/rosidl_generator_c/ros_tut/srv/detail/success__functions.c:186:  Lines should be &lt;= 100 characters long  [whitespace/line_length] [2]
/home/ari/ros-tut/build/ros_tut/rosidl_generator_c/ros_tut/srv/detail/success__functions.c:247:  Lines should be &lt;= 100 characters long  [whitespace/line_length] [2]
/home/ari/ros-tut/build/ros_tut/rosidl_generator_c/ros_tut/srv/detail/success__functions.h:5:  #ifndef header guard has wrong style, please use: BUILD__ROS_TUT__ROSIDL_GENERATOR_C__ROS_TUT__SRV__DETAIL__SUCCESS__FUNCTIONS_H_  [build/header_guard] [5]
/home/ari/ros-tut/build/ros_tut/rosidl_generator_c/ros_tut/srv/detail/success__functions.h:223:  #endif line should be "#endif  // BUILD__ROS_TUT__ROSIDL_GENERATOR_C__ROS_TUT__SRV__DETAIL__SUCCESS__FUNCTIONS_H_"  [build/header_guard] [5]
/home/ari/ros-tut/build/ros_tut/rosidl_generator_c/ros_tut/srv/detail/success__functions.h:83:  Lines should be &lt;= 100 characters long  [whitespace/line_length] [2]
/home/ari/ros-tut/build/ros_tut/rosidl_generator_c/ros_tut/srv/detail/success__functions.h:182:  Lines should be &lt;= 100 characters long  [whitespace/line_length] [2]
/home/ari/ros-tut/build/ros_tut/rosidl_generator_c/ros_tut/srv/detail/success__struct.h:5:  #ifndef header guard has wrong style, please use: BUILD__ROS_TUT__ROSIDL_GENERATOR_C__ROS_TUT__SRV__DETAIL__SUCCESS__STRUCT_H_  [build/header_guard] [5]
/home/ari/ros-tut/build/ros_tut/rosidl_generator_c/ros_tut/srv/detail/success__struct.h:59:  #endif line should be "#endif  // BUILD__ROS_TUT__ROSIDL_GENERATOR_C__ROS_TUT__SRV__DETAIL__SUCCESS__STRUCT_H_"  [build/header_guard] [5]
/home/ari/ros-tut/build/ros_tut/rosidl_generator_c/ros_tut/srv/detail/success__type_support.h:5:  #ifndef header guard has wrong style, please use: BUILD__ROS_TUT__ROSIDL_GENERATOR_C__ROS_TUT__SRV__DETAIL__SUCCESS__TYPE_SUPPORT_H_  [build/header_guard] [5]
/home/ari/ros-tut/build/ros_tut/rosidl_generator_c/ros_tut/srv/detail/success__type_support.h:58:  #endif line should be "#endif  // BUILD__ROS_TUT__ROSIDL_GENERATOR_C__ROS_TUT__SRV__DETAIL__SUCCESS__TYPE_SUPPORT_H_"  [build/header_guard] [5]
/home/ari/ros-tut/build/ros_tut/rosidl_generator_cpp/ros_tut/msg/num.hpp:4:  #ifndef header guard has wrong style, please use: BUILD__ROS_TUT__ROSIDL_GENERATOR_CPP__ROS_TUT__MSG__NUM_HPP_  [build/header_guard] [5]
/home/ari/ros-tut/build/ros_tut/rosidl_generator_cpp/ros_tut/msg/num.hpp:11:  #endif line should be "#endif  // BUILD__ROS_TUT__ROSIDL_GENERATOR_CPP__ROS_TUT__MSG__NUM_HPP_"  [build/header_guard] [5]
/home/ari/ros-tut/build/ros_tut/rosidl_generator_cpp/ros_tut/msg/detail/num__builder.hpp:5:  #ifndef header guard has wrong style, please use: BUILD__ROS_TUT__ROSIDL_GENERATOR_CPP__ROS_TUT__MSG__DETAIL__NUM__BUILDER_HPP_  [build/header_guard] [5]
/home/ari/ros-tut/build/ros_tut/rosidl_generator_cpp/ros_tut/msg/detail/num__builder.hpp:55:  #endif line should be "#endif  // BUILD__ROS_TUT__ROSIDL_GENERATOR_CPP__ROS_TUT__MSG__DETAIL__NUM__BUILDER_HPP_"  [build/header_guard] [5]
/home/ari/ros-tut/build/ros_tut/rosidl_generator_cpp/ros_tut/msg/detail/num__struct.hpp:5:  #ifndef header guard has wrong style, please use: BUILD__ROS_TUT__ROSIDL_GENERATOR_CPP__ROS_TUT__MSG__DETAIL__NUM__STRUCT_HPP_  [build/header_guard] [5]
/home/ari/ros-tut/build/ros_tut/rosidl_generator_cpp/ros_tut/msg/detail/num__struct.hpp:130:  #endif line should be "#endif  // BUILD__ROS_TUT__ROSIDL_GENERATOR_CPP__ROS_TUT__MSG__DETAIL__NUM__STRUCT_HPP_"  [build/header_guard] [5]
/home/ari/ros-tut/build/ros_tut/rosidl_generator_cpp/ros_tut/msg/detail/num__struct.hpp:35:  Lines should be &lt;= 100 characters long  [whitespace/line_length] [2]
/home/ari/ros-tut/build/ros_tut/rosidl_generator_cpp/ros_tut/msg/detail/num__struct.hpp:44:  Lines should be &lt;= 100 characters long  [whitespace/line_length] [2]
/home/ari/ros-tut/build/ros_tut/rosidl_generator_cpp/ros_tut/msg/detail/num__traits.hpp:5:  #ifndef header guard has wrong style, please use: BUILD__ROS_TUT__ROSIDL_GENERATOR_CPP__ROS_TUT__MSG__DETAIL__NUM__TRAITS_HPP_  [build/header_guard] [5]
/home/ari/ros-tut/build/ros_tut/rosidl_generator_cpp/ros_tut/msg/detail/num__traits.hpp:42:  #endif line should be "#endif  // BUILD__ROS_TUT__ROSIDL_GENERATOR_CPP__ROS_TUT__MSG__DETAIL__NUM__TRAITS_HPP_"  [build/header_guard] [5]
/home/ari/ros-tut/build/ros_tut/rosidl_generator_cpp/ros_tut/srv/add_three_ints.hpp:4:  #ifndef header guard has wrong style, please use: BUILD__ROS_TUT__ROSIDL_GENERATOR_CPP__ROS_TUT__SRV__ADD_THREE_INTS_HPP_  [build/header_guard] [5]
/home/ari/ros-tut/build/ros_tut/rosidl_generator_cpp/ros_tut/srv/add_three_ints.hpp:11:  #endif line should be "#endif  // BUILD__ROS_TUT__ROSIDL_GENERATOR_CPP__ROS_TUT__SRV__ADD_THREE_INTS_HPP_"  [build/header_guard] [5]
/home/ari/ros-tut/build/ros_tut/rosidl_generator_cpp/ros_tut/srv/success.hpp:4:  #ifndef header guard has wrong style, please use: BUILD__ROS_TUT__ROSIDL_GENERATOR_CPP__ROS_TUT__SRV__SUCCESS_HPP_  [build/header_guard] [5]
/home/ari/ros-tut/build/ros_tut/rosidl_generator_cpp/ros_tut/srv/success.hpp:11:  #endif line should be "#endif  // BUILD__ROS_TUT__ROSIDL_GENERATOR_CPP__ROS_TUT__SRV__SUCCESS_HPP_"  [build/header_guard] [5]
/home/ari/ros-tut/build/ros_tut/rosidl_generator_cpp/ros_tut/srv/detail/add_three_ints__builder.hpp:5:  #ifndef header guard has wrong style, please use: BUILD__ROS_TUT__ROSIDL_GENERATOR_CPP__ROS_TUT__SRV__DETAIL__ADD_THREE_INTS__BUILDER_HPP_  [build/header_guard] [5]
/home/ari/ros-tut/build/ros_tut/rosidl_generator_cpp/ros_tut/srv/detail/add_three_ints__builder.hpp:129:  #endif line should be "#endif  // BUILD__ROS_TUT__ROSIDL_GENERATOR_CPP__ROS_TUT__SRV__DETAIL__ADD_THREE_INTS__BUILDER_HPP_"  [build/header_guard] [5]
/home/ari/ros-tut/build/ros_tut/rosidl_generator_cpp/ros_tut/srv/detail/add_three_ints__struct.hpp:5:  #ifndef header guard has wrong style, please use: BUILD__ROS_TUT__ROSIDL_GENERATOR_CPP__ROS_TUT__SRV__DETAIL__ADD_THREE_INTS__STRUCT_HPP_  [build/header_guard] [5]
/home/ari/ros-tut/build/ros_tut/rosidl_generator_cpp/ros_tut/srv/detail/add_three_ints__struct.hpp:288:  #endif line should be "#endif  // BUILD__ROS_TUT__ROSIDL_GENERATOR_CPP__ROS_TUT__SRV__DETAIL__ADD_THREE_INTS__STRUCT_HPP_"  [build/header_guard] [5]
/home/ari/ros-tut/build/ros_tut/rosidl_generator_cpp/ros_tut/srv/detail/add_three_ints__struct.hpp:35:  Lines should be &lt;= 100 characters long  [whitespace/line_length] [2]
/home/ari/ros-tut/build/ros_tut/rosidl_generator_cpp/ros_tut/srv/detail/add_three_ints__struct.hpp:46:  Lines should be &lt;= 100 characters long  [whitespace/line_length] [2]
/home/ari/ros-tut/build/ros_tut/rosidl_generator_cpp/ros_tut/srv/detail/add_three_ints__struct.hpp:177:  Lines should be &lt;= 100 characters long  [whitespace/line_length] [2]
/home/ari/ros-tut/build/ros_tut/rosidl_generator_cpp/ros_tut/srv/detail/add_three_ints__struct.hpp:186:  Lines should be &lt;= 100 characters long  [whitespace/line_length] [2]
/home/ari/ros-tut/build/ros_tut/rosidl_generator_cpp/ros_tut/srv/detail/add_three_ints__traits.hpp:5:  #ifndef header guard has wrong style, please use: BUILD__ROS_TUT__ROSIDL_GENERATOR_CPP__ROS_TUT__SRV__DETAIL__ADD_THREE_INTS__TRAITS_HPP_  [build/header_guard] [5]
/home/ari/ros-tut/build/ros_tut/rosidl_generator_cpp/ros_tut/srv/detail/add_three_ints__traits.hpp:126:  #endif line should be "#endif  // BUILD__ROS_TUT__ROSIDL_GENERATOR_CPP__ROS_TUT__SRV__DETAIL__ADD_THREE_INTS__TRAITS_HPP_"  [build/header_guard] [5]
/home/ari/ros-tut/build/ros_tut/rosidl_generator_cpp/ros_tut/srv/detail/success__builder.hpp:5:  #ifndef header guard has wrong style, please use: BUILD__ROS_TUT__ROSIDL_GENERATOR_CPP__ROS_TUT__SRV__DETAIL__SUCCESS__BUILDER_HPP_  [build/header_guard] [5]
/home/ari/ros-tut/build/ros_tut/rosidl_generator_cpp/ros_tut/srv/detail/success__builder.hpp:77:  #endif line should be "#endif  // BUILD__ROS_TUT__ROSIDL_GENERATOR_CPP__ROS_TUT__SRV__DETAIL__SUCCESS__BUILDER_HPP_"  [build/header_guard] [5]
/home/ari/ros-tut/build/ros_tut/rosidl_generator_cpp/ros_tut/srv/detail/success__struct.hpp:5:  #ifndef header guard has wrong style, please use: BUILD__ROS_TUT__ROSIDL_GENERATOR_CPP__ROS_TUT__SRV__DETAIL__SUCCESS__STRUCT_HPP_  [build/header_guard] [5]
/home/ari/ros-tut/build/ros_tut/rosidl_generator_cpp/ros_tut/srv/detail/success__struct.hpp:253:  #endif line should be "#endif  // BUILD__ROS_TUT__ROSIDL_GENERATOR_CPP__ROS_TUT__SRV__DETAIL__SUCCESS__STRUCT_HPP_"  [build/header_guard] [5]
/home/ari/ros-tut/build/ros_tut/rosidl_generator_cpp/ros_tut/srv/detail/success__struct.hpp:35:  Lines should be &lt;= 100 characters long  [whitespace/line_length] [2]
/home/ari/ros-tut/build/ros_tut/rosidl_generator_cpp/ros_tut/srv/detail/success__struct.hpp:44:  Lines should be &lt;= 100 characters long  [whitespace/line_length] [2]
/home/ari/ros-tut/build/ros_tut/rosidl_generator_cpp/ros_tut/srv/detail/success__struct.hpp:142:  Lines should be &lt;= 100 characters long  [whitespace/line_length] [2]
/home/ari/ros-tut/build/ros_tut/rosidl_generator_cpp/ros_tut/srv/detail/success__struct.hpp:151:  Lines should be &lt;= 100 characters long  [whitespace/line_length] [2]
/home/ari/ros-tut/build/ros_tut/rosidl_generator_cpp/ros_tut/srv/detail/success__traits.hpp:5:  #ifndef header guard has wrong style, please use: BUILD__ROS_TUT__ROSIDL_GENERATOR_CPP__ROS_TUT__SRV__DETAIL__SUCCESS__TRAITS_HPP_  [build/header_guard] [5]
/home/ari/ros-tut/build/ros_tut/rosidl_generator_cpp/ros_tut/srv/detail/success__traits.hpp:126:  #endif line should be "#endif  // BUILD__ROS_TUT__ROSIDL_GENERATOR_CPP__ROS_TUT__SRV__DETAIL__SUCCESS__TRAITS_HPP_"  [build/header_guard] [5]
/home/ari/ros-tut/build/ros_tut/rosidl_generator_py/ros_tut/_ros_tut_s.ep.rosidl_typesupport_c.c:177:  Lines should be &lt;= 100 characters long  [whitespace/line_length] [2]
/home/ari/ros-tut/build/ros_tut/rosidl_generator_py/ros_tut/_ros_tut_s.ep.rosidl_typesupport_c.c:319:  Lines should be &lt;= 100 characters long  [whitespace/line_length] [2]
/home/ari/ros-tut/build/ros_tut/rosidl_generator_py/ros_tut/_ros_tut_s.ep.rosidl_typesupport_c.c:437:  Lines should be &lt;= 100 characters long  [whitespace/line_length] [2]
/home/ari/ros-tut/build/ros_tut/rosidl_generator_py/ros_tut/_ros_tut_s.ep.rosidl_typesupport_c.c:445:  Lines should be &lt;= 100 characters long  [whitespace/line_length] [2]
/home/ari/ros-tut/build/ros_tut/rosidl_generator_py/ros_tut/_ros_tut_s.ep.rosidl_typesupport_c.c:755:  Lines should be &lt;= 100 characters long  [whitespace/line_length] [2]
/home/ari/ros-tut/build/ros_tut/rosidl_generator_py/ros_tut/_ros_tut_s.ep.rosidl_typesupport_fastrtps_c.c:177:  Lines should be &lt;= 100 characters long  [whitespace/line_length] [2]
/home/ari/ros-tut/build/ros_tut/rosidl_generator_py/ros_tut/_ros_tut_s.ep.rosidl_typesupport_fastrtps_c.c:319:  Lines should be &lt;= 100 characters long  [whitespace/line_length] [2]
/home/ari/ros-tut/build/ros_tut/rosidl_generator_py/ros_tut/_ros_tut_s.ep.rosidl_typesupport_fastrtps_c.c:437:  Lines should be &lt;= 100 characters long  [whitespace/line_length] [2]
/home/ari/ros-tut/build/ros_tut/rosidl_generator_py/ros_tut/_ros_tut_s.ep.rosidl_typesupport_fastrtps_c.c:445:  Lines should be &lt;= 100 characters long  [whitespace/line_length] [2]
/home/ari/ros-tut/build/ros_tut/rosidl_generator_py/ros_tut/_ros_tut_s.ep.rosidl_typesupport_fastrtps_c.c:755:  Lines should be &lt;= 100 characters long  [whitespace/line_length] [2]
/home/ari/ros-tut/build/ros_tut/rosidl_generator_py/ros_tut/_ros_tut_s.ep.rosidl_typesupport_introspection_c.c:177:  Lines should be &lt;= 100 characters long  [whitespace/line_length] [2]
/home/ari/ros-tut/build/ros_tut/rosidl_generator_py/ros_tut/_ros_tut_s.ep.rosidl_typesupport_introspection_c.c:319:  Lines should be &lt;= 100 characters long  [whitespace/line_length] [2]
/home/ari/ros-tut/build/ros_tut/rosidl_generator_py/ros_tut/_ros_tut_s.ep.rosidl_typesupport_introspection_c.c:437:  Lines should be &lt;= 100 characters long  [whitespace/line_length] [2]
/home/ari/ros-tut/build/ros_tut/rosidl_generator_py/ros_tut/_ros_tut_s.ep.rosidl_typesupport_introspection_c.c:445:  Lines should be &lt;= 100 characters long  [whitespace/line_length] [2]
/home/ari/ros-tut/build/ros_tut/rosidl_generator_py/ros_tut/_ros_tut_s.ep.rosidl_typesupport_introspection_c.c:755:  Lines should be &lt;= 100 characters long  [whitespace/line_length] [2]
/home/ari/ros-tut/build/ros_tut/rosidl_generator_py/ros_tut/srv/_add_three_ints_s.c:50:  Lines should be &lt;= 100 characters long  [whitespace/line_length] [2]
/home/ari/ros-tut/build/ros_tut/rosidl_generator_py/ros_tut/srv/_add_three_ints_s.c:101:  Lines should be &lt;= 100 characters long  [whitespace/line_length] [2]
/home/ari/ros-tut/build/ros_tut/rosidl_generator_py/ros_tut/srv/_add_three_ints_s.c:185:  Lines should be &lt;= 100 characters long  [whitespace/line_length] [2]
/home/ari/ros-tut/build/ros_tut/rosidl_generator_py/ros_tut/srv/_add_three_ints_s.c:218:  Lines should be &lt;= 100 characters long  [whitespace/line_length] [2]
/home/ari/ros-tut/build/ros_tut/rosidl_typesupport_c/ros_tut/msg/num__type_support.cpp:32:  Lines should be &lt;= 100 characters long  [whitespace/line_length] [2]
/home/ari/ros-tut/build/ros_tut/rosidl_typesupport_c/ros_tut/msg/num__type_support.cpp:46:  Lines should be &lt;= 100 characters long  [whitespace/line_length] [2]
/home/ari/ros-tut/build/ros_tut/rosidl_typesupport_c/ros_tut/msg/num__type_support.cpp:47:  Lines should be &lt;= 100 characters long  [whitespace/line_length] [2]
/home/ari/ros-tut/build/ros_tut/rosidl_typesupport_c/ros_tut/msg/rosidl_typesupport_c__visibility_control.h:5:  #ifndef header guard has wrong style, please use: BUILD__ROS_TUT__ROSIDL_TYPESUPPORT_C__ROS_TUT__MSG__ROSIDL_TYPESUPPORT_C__VISIBILITY_CONTROL_H_  [build/header_guard] [5]
/home/ari/ros-tut/build/ros_tut/rosidl_typesupport_c/ros_tut/msg/rosidl_typesupport_c__visibility_control.h:43:  #endif line should be "#endif  // BUILD__ROS_TUT__ROSIDL_TYPESUPPORT_C__ROS_TUT__MSG__ROSIDL_TYPESUPPORT_C__VISIBILITY_CONTROL_H_"  [build/header_guard] [5]
/home/ari/ros-tut/build/ros_tut/rosidl_typesupport_c/ros_tut/srv/add_three_ints__type_support.cpp:29:  Lines should be &lt;= 100 characters long  [whitespace/line_length] [2]
/home/ari/ros-tut/build/ros_tut/rosidl_typesupport_c/ros_tut/srv/add_three_ints__type_support.cpp:32:  Lines should be &lt;= 100 characters long  [whitespace/line_length] [2]
/home/ari/ros-tut/build/ros_tut/rosidl_typesupport_c/ros_tut/srv/add_three_ints__type_support.cpp:44:  Lines should be &lt;= 100 characters long  [whitespace/line_length] [2]
/home/ari/ros-tut/build/ros_tut/rosidl_typesupport_c/ros_tut/srv/add_three_ints__type_support.cpp:46:  Lines should be &lt;= 100 characters long  [whitespace/line_length] [2]
/home/ari/ros-tut/build/ros_tut/rosidl_typesupport_c/ros_tut/srv/add_three_ints__type_support.cpp:47:  Lines should be &lt;= 100 characters long  [whitespace/line_length] [2]
/home/ari/ros-tut/build/ros_tut/rosidl_typesupport_c/ros_tut/srv/add_three_ints__type_support.cpp:90:  Lines should be &lt;= 100 characters long  [whitespace/line_length] [2]
/home/ari/ros-tut/build/ros_tut/rosidl_typesupport_c/ros_tut/srv/add_three_ints__type_support.cpp:131:  Lines should be &lt;= 100 characters long  [whitespace/line_length] [2]
/home/ari/ros-tut/build/ros_tut/rosidl_typesupport_c/ros_tut/srv/add_three_ints__type_support.cpp:134:  Lines should be &lt;= 100 characters long  [whitespace/line_length] [2]
/home/ari/ros-tut/build/ros_tut/rosidl_typesupport_c/ros_tut/srv/add_three_ints__type_support.cpp:146:  Lines should be &lt;= 100 characters long  [whitespace/line_length] [2]
/home/ari/ros-tut/build/ros_tut/rosidl_typesupport_c/ros_tut/srv/add_three_ints__type_support.cpp:148:  Lines should be &lt;= 100 characters long  [whitespace/line_length] [2]
/home/ari/ros-tut/build/ros_tut/rosidl_typesupport_c/ros_tut/srv/add_three_ints__type_support.cpp:149:  Lines should be &lt;= 100 characters long  [whitespace/line_length] [2]
/home/ari/ros-tut/build/ros_tut/rosidl_typesupport_c/ros_tut/srv/add_three_ints__type_support.cpp:158:  Lines should be &lt;= 100 characters long  [whitespace/line_length] [2]
/home/ari/ros-tut/build/ros_tut/rosidl_typesupport_c/ros_tut/srv/add_three_ints__type_support.cpp:192:  Lines should be &lt;= 100 characters long  [whitespace/line_length] [2]
/home/ari/ros-tut/build/ros_tut/rosidl_typesupport_c/ros_tut/srv/add_three_ints__type_support.cpp:230:  Lines should be &lt;= 100 characters long  [whitespace/line_length] [2]
/home/ari/ros-tut/build/ros_tut/rosidl_typesupport_c/ros_tut/srv/add_three_ints__type_support.cpp:242:  Lines should be &lt;= 100 characters long  [whitespace/line_length] [2]
/home/ari/ros-tut/build/ros_tut/rosidl_typesupport_c/ros_tut/srv/add_three_ints__type_support.cpp:244:  Lines should be &lt;= 100 characters long  [whitespace/line_length] [2]
/home/ari/ros-tut/build/ros_tut/rosidl_typesupport_c/ros_tut/srv/add_three_ints__type_support.cpp:245:  Lines should be &lt;= 100 characters long  [whitespace/line_length] [2]
/home/ari/ros-tut/build/ros_tut/rosidl_typesupport_c/ros_tut/srv/add_three_ints__type_support.cpp:288:  Lines should be &lt;= 100 characters long  [whitespace/line_length] [2]
/home/ari/ros-tut/build/ros_tut/rosidl_typesupport_c/ros_tut/srv/success__type_support.cpp:32:  Lines should be &lt;= 100 characters long  [whitespace/line_length] [2]
/home/ari/ros-tut/build/ros_tut/rosidl_typesupport_c/ros_tut/srv/success__type_support.cpp:44:  Lines should be &lt;= 100 characters long  [whitespace/line_length] [2]
/home/ari/ros-tut/build/ros_tut/rosidl_typesupport_c/ros_tut/srv/success__type_support.cpp:46:  Lines should be &lt;= 100 characters long  [whitespace/line_length] [2]
/home/ari/ros-tut/build/ros_tut/rosidl_typesupport_c/ros_tut/srv/success__type_support.cpp:47:  Lines should be &lt;= 100 characters long  [whitespace/line_length] [2]
/home/ari/ros-tut/build/ros_tut/rosidl_typesupport_c/ros_tut/srv/success__type_support.cpp:90:  Lines should be &lt;= 100 characters long  [whitespace/line_length] [2]
/home/ari/ros-tut/build/ros_tut/rosidl_typesupport_c/ros_tut/srv/success__type_support.cpp:134:  Lines should be &lt;= 100 characters long  [whitespace/line_length] [2]
/home/ari/ros-tut/build/ros_tut/rosidl_typesupport_c/ros_tut/srv/success__type_support.cpp:146:  Lines should be &lt;= 100 characters long  [whitespace/line_length] [2]
/home/ari/ros-tut/build/ros_tut/rosidl_typesupport_c/ros_tut/srv/success__type_support.cpp:148:  Lines should be &lt;= 100 characters long  [whitespace/line_length] [2]
/home/ari/ros-tut/build/ros_tut/rosidl_typesupport_c/ros_tut/srv/success__type_support.cpp:149:  Lines should be &lt;= 100 characters long  [whitespace/line_length] [2]
/home/ari/ros-tut/build/ros_tut/rosidl_typesupport_c/ros_tut/srv/success__type_support.cpp:192:  Lines should be &lt;= 100 characters long  [whitespace/line_length] [2]
/home/ari/ros-tut/build/ros_tut/rosidl_typesupport_c/ros_tut/srv/success__type_support.cpp:230:  Lines should be &lt;= 100 characters long  [whitespace/line_length] [2]
/home/ari/ros-tut/build/ros_tut/rosidl_typesupport_c/ros_tut/srv/success__type_support.cpp:244:  Lines should be &lt;= 100 characters long  [whitespace/line_length] [2]
/home/ari/ros-tut/build/ros_tut/rosidl_typesupport_c/ros_tut/srv/success__type_support.cpp:245:  Lines should be &lt;= 100 characters long  [whitespace/line_length] [2]
/home/ari/ros-tut/build/ros_tut/rosidl_typesupport_cpp/ros_tut/msg/num__type_support.cpp:31:  Lines should be &lt;= 100 characters long  [whitespace/line_length] [2]
/home/ari/ros-tut/build/ros_tut/rosidl_typesupport_cpp/ros_tut/msg/num__type_support.cpp:32:  Lines should be &lt;= 100 characters long  [whitespace/line_length] [2]
/home/ari/ros-tut/build/ros_tut/rosidl_typesupport_cpp/ros_tut/msg/num__type_support.cpp:46:  Lines should be &lt;= 100 characters long  [whitespace/line_length] [2]
/home/ari/ros-tut/build/ros_tut/rosidl_typesupport_cpp/ros_tut/msg/num__type_support.cpp:47:  Lines should be &lt;= 100 characters long  [whitespace/line_length] [2]
/home/ari/ros-tut/build/ros_tut/rosidl_typesupport_cpp/ros_tut/srv/add_three_ints__type_support.cpp:29:  Lines should be &lt;= 100 characters long  [whitespace/line_length] [2]
/home/ari/ros-tut/build/ros_tut/rosidl_typesupport_cpp/ros_tut/srv/add_three_ints__type_support.cpp:31:  Lines should be &lt;= 100 characters long  [whitespace/line_length] [2]
/home/ari/ros-tut/build/ros_tut/rosidl_typesupport_cpp/ros_tut/srv/add_three_ints__type_support.cpp:32:  Lines should be &lt;= 100 characters long  [whitespace/line_length] [2]
/home/ari/ros-tut/build/ros_tut/rosidl_typesupport_cpp/ros_tut/srv/add_three_ints__type_support.cpp:44:  Lines should be &lt;= 100 characters long  [whitespace/line_length] [2]
/home/ari/ros-tut/build/ros_tut/rosidl_typesupport_cpp/ros_tut/srv/add_three_ints__type_support.cpp:46:  Lines should be &lt;= 100 characters long  [whitespace/line_length] [2]
/home/ari/ros-tut/build/ros_tut/rosidl_typesupport_cpp/ros_tut/srv/add_three_ints__type_support.cpp:47:  Lines should be &lt;= 100 characters long  [whitespace/line_length] [2]
/home/ari/ros-tut/build/ros_tut/rosidl_typesupport_cpp/ros_tut/srv/add_three_ints__type_support.cpp:101:  Lines should be &lt;= 100 characters long  [whitespace/line_length] [2]
/home/ari/ros-tut/build/ros_tut/rosidl_typesupport_cpp/ros_tut/srv/add_three_ints__type_support.cpp:143:  Lines should be &lt;= 100 characters long  [whitespace/line_length] [2]
/home/ari/ros-tut/build/ros_tut/rosidl_typesupport_cpp/ros_tut/srv/add_three_ints__type_support.cpp:145:  Lines should be &lt;= 100 characters long  [whitespace/line_length] [2]
/home/ari/ros-tut/build/ros_tut/rosidl_typesupport_cpp/ros_tut/srv/add_three_ints__type_support.cpp:146:  Lines should be &lt;= 100 characters long  [whitespace/line_length] [2]
/home/ari/ros-tut/build/ros_tut/rosidl_typesupport_cpp/ros_tut/srv/add_three_ints__type_support.cpp:158:  Lines should be &lt;= 100 characters long  [whitespace/line_length] [2]
/home/ari/ros-tut/build/ros_tut/rosidl_typesupport_cpp/ros_tut/srv/add_three_ints__type_support.cpp:160:  Lines should be &lt;= 100 characters long  [whitespace/line_length] [2]
/home/ari/ros-tut/build/ros_tut/rosidl_typesupport_cpp/ros_tut/srv/add_three_ints__type_support.cpp:161:  Lines should be &lt;= 100 characters long  [whitespace/line_length] [2]
/home/ari/ros-tut/build/ros_tut/rosidl_typesupport_cpp/ros_tut/srv/add_three_ints__type_support.cpp:170:  Lines should be &lt;= 100 characters long  [whitespace/line_length] [2]
/home/ari/ros-tut/build/ros_tut/rosidl_typesupport_cpp/ros_tut/srv/add_three_ints__type_support.cpp:215:  Lines should be &lt;= 100 characters long  [whitespace/line_length] [2]
/home/ari/ros-tut/build/ros_tut/rosidl_typesupport_cpp/ros_tut/srv/add_three_ints__type_support.cpp:256:  Lines should be &lt;= 100 characters long  [whitespace/line_length] [2]
/home/ari/ros-tut/build/ros_tut/rosidl_typesupport_cpp/ros_tut/srv/add_three_ints__type_support.cpp:257:  Lines should be &lt;= 100 characters long  [whitespace/line_length] [2]
/home/ari/ros-tut/build/ros_tut/rosidl_typesupport_cpp/ros_tut/srv/add_three_ints__type_support.cpp:269:  Lines should be &lt;= 100 characters long  [whitespace/line_length] [2]
/home/ari/ros-tut/build/ros_tut/rosidl_typesupport_cpp/ros_tut/srv/add_three_ints__type_support.cpp:271:  Lines should be &lt;= 100 characters long  [whitespace/line_length] [2]
/home/ari/ros-tut/build/ros_tut/rosidl_typesupport_cpp/ros_tut/srv/add_three_ints__type_support.cpp:272:  Lines should be &lt;= 100 characters long  [whitespace/line_length] [2]
/home/ari/ros-tut/build/ros_tut/rosidl_typesupport_cpp/ros_tut/srv/success__type_support.cpp:31:  Lines should be &lt;= 100 characters long  [whitespace/line_length] [2]
/home/ari/ros-tut/build/ros_tut/rosidl_typesupport_cpp/ros_tut/srv/success__type_support.cpp:32:  Lines should be &lt;= 100 characters long  [whitespace/line_length] [2]
/home/ari/ros-tut/build/ros_tut/rosidl_typesupport_cpp/ros_tut/srv/success__type_support.cpp:44:  Lines should be &lt;= 100 characters long  [whitespace/line_length] [2]
/home/ari/ros-tut/build/ros_tut/rosidl_typesupport_cpp/ros_tut/srv/success__type_support.cpp:46:  Lines should be &lt;= 100 characters long  [whitespace/line_length] [2]
/home/ari/ros-tut/build/ros_tut/rosidl_typesupport_cpp/ros_tut/srv/success__type_support.cpp:47:  Lines should be &lt;= 100 characters long  [whitespace/line_length] [2]
/home/ari/ros-tut/build/ros_tut/rosidl_typesupport_cpp/ros_tut/srv/success__type_support.cpp:101:  Lines should be &lt;= 100 characters long  [whitespace/line_length] [2]
/home/ari/ros-tut/build/ros_tut/rosidl_typesupport_cpp/ros_tut/srv/success__type_support.cpp:145:  Lines should be &lt;= 100 characters long  [whitespace/line_length] [2]
/home/ari/ros-tut/build/ros_tut/rosidl_typesupport_cpp/ros_tut/srv/success__type_support.cpp:146:  Lines should be &lt;= 100 characters long  [whitespace/line_length] [2]
/home/ari/ros-tut/build/ros_tut/rosidl_typesupport_cpp/ros_tut/srv/success__type_support.cpp:158:  Lines should be &lt;= 100 characters long  [whitespace/line_length] [2]
/home/ari/ros-tut/build/ros_tut/rosidl_typesupport_cpp/ros_tut/srv/success__type_support.cpp:160:  Lines should be &lt;= 100 characters long  [whitespace/line_length] [2]
/home/ari/ros-tut/build/ros_tut/rosidl_typesupport_cpp/ros_tut/srv/success__type_support.cpp:161:  Lines should be &lt;= 100 characters long  [whitespace/line_length] [2]
/home/ari/ros-tut/build/ros_tut/rosidl_typesupport_cpp/ros_tut/srv/success__type_support.cpp:215:  Lines should be &lt;= 100 characters long  [whitespace/line_length] [2]
/home/ari/ros-tut/build/ros_tut/rosidl_typesupport_cpp/ros_tut/srv/success__type_support.cpp:256:  Lines should be &lt;= 100 characters long  [whitespace/line_length] [2]
/home/ari/ros-tut/build/ros_tut/rosidl_typesupport_cpp/ros_tut/srv/success__type_support.cpp:257:  Lines should be &lt;= 100 characters long  [whitespace/line_length] [2]
/home/ari/ros-tut/build/ros_tut/rosidl_typesupport_cpp/ros_tut/srv/success__type_support.cpp:271:  Lines should be &lt;= 100 characters long  [whitespace/line_length] [2]
/home/ari/ros-tut/build/ros_tut/rosidl_typesupport_cpp/ros_tut/srv/success__type_support.cpp:272:  Lines should be &lt;= 100 characters long  [whitespace/line_length] [2]
/home/ari/ros-tut/build/ros_tut/rosidl_typesupport_fastrtps_c/ros_tut/msg/rosidl_typesupport_fastrtps_c__visibility_control.h:5:  #ifndef header guard has wrong style, please use: BUILD__ROS_TUT__ROSIDL_TYPESUPPORT_FASTRTPS_C__ROS_TUT__MSG__ROSIDL_TYPESUPPORT_FASTRTPS_C__VISIBILITY_CONTROL_H_  [build/header_guard] [5]
/home/ari/ros-tut/build/ros_tut/rosidl_typesupport_fastrtps_c/ros_tut/msg/rosidl_typesupport_fastrtps_c__visibility_control.h:43:  #endif line should be "#endif  // BUILD__ROS_TUT__ROSIDL_TYPESUPPORT_FASTRTPS_C__ROS_TUT__MSG__ROSIDL_TYPESUPPORT_FASTRTPS_C__VISIBILITY_CONTROL_H_"  [build/header_guard] [5]
/home/ari/ros-tut/build/ros_tut/rosidl_typesupport_fastrtps_c/ros_tut/msg/rosidl_typesupport_fastrtps_c__visibility_control.h:25:  Lines should be &lt;= 100 characters long  [whitespace/line_length] [2]
/home/ari/ros-tut/build/ros_tut/rosidl_typesupport_fastrtps_c/ros_tut/msg/rosidl_typesupport_fastrtps_c__visibility_control.h:27:  Lines should be &lt;= 100 characters long  [whitespace/line_length] [2]
/home/ari/ros-tut/build/ros_tut/rosidl_typesupport_fastrtps_c/ros_tut/msg/detail/num__rosidl_typesupport_fastrtps_c.h:4:  #ifndef header guard has wrong style, please use: BUILD__ROS_TUT__ROSIDL_TYPESUPPORT_FASTRTPS_C__ROS_TUT__MSG__DETAIL__NUM__ROSIDL_TYPESUPPORT_FASTRTPS_C_H_  [build/header_guard] [5]
/home/ari/ros-tut/build/ros_tut/rosidl_typesupport_fastrtps_c/ros_tut/msg/detail/num__rosidl_typesupport_fastrtps_c.h:36:  #endif line should be "#endif  // BUILD__ROS_TUT__ROSIDL_TYPESUPPORT_FASTRTPS_C__ROS_TUT__MSG__DETAIL__NUM__ROSIDL_TYPESUPPORT_FASTRTPS_C_H_"  [build/header_guard] [5]
/home/ari/ros-tut/build/ros_tut/rosidl_typesupport_fastrtps_c/ros_tut/msg/detail/num__rosidl_typesupport_fastrtps_c.h:30:  Lines should be &lt;= 100 characters long  [whitespace/line_length] [2]
/home/ari/ros-tut/build/ros_tut/rosidl_typesupport_fastrtps_c/ros_tut/msg/detail/num__type_support_c.cpp:51:  Lines should be &lt;= 100 characters long  [whitespace/line_length] [2]
/home/ari/ros-tut/build/ros_tut/rosidl_typesupport_fastrtps_c/ros_tut/msg/detail/num__type_support_c.cpp:82:  Lines should be &lt;= 100 characters long  [whitespace/line_length] [2]
/home/ari/ros-tut/build/ros_tut/rosidl_typesupport_fastrtps_c/ros_tut/msg/detail/num__type_support_c.cpp:155:  Lines should be &lt;= 100 characters long  [whitespace/line_length] [2]
/home/ari/ros-tut/build/ros_tut/rosidl_typesupport_fastrtps_c/ros_tut/srv/detail/add_three_ints__rosidl_typesupport_fastrtps_c.h:4:  #ifndef header guard has wrong style, please use: BUILD__ROS_TUT__ROSIDL_TYPESUPPORT_FASTRTPS_C__ROS_TUT__SRV__DETAIL__ADD_THREE_INTS__ROSIDL_TYPESUPPORT_FASTRTPS_C_H_  [build/header_guard] [5]
/home/ari/ros-tut/build/ros_tut/rosidl_typesupport_fastrtps_c/ros_tut/srv/detail/add_three_ints__rosidl_typesupport_fastrtps_c.h:87:  #endif line should be "#endif  // BUILD__ROS_TUT__ROSIDL_TYPESUPPORT_FASTRTPS_C__ROS_TUT__SRV__DETAIL__ADD_THREE_INTS__ROSIDL_TYPESUPPORT_FASTRTPS_C_H_"  [build/header_guard] [5]
/home/ari/ros-tut/build/ros_tut/rosidl_typesupport_fastrtps_c/ros_tut/srv/detail/add_three_ints__rosidl_typesupport_fastrtps_c.h:30:  Lines should be &lt;= 100 characters long  [whitespace/line_length] [2]
/home/ari/ros-tut/build/ros_tut/rosidl_typesupport_fastrtps_c/ros_tut/srv/detail/add_three_ints__rosidl_typesupport_fastrtps_c.h:62:  Lines should be &lt;= 100 characters long  [whitespace/line_length] [2]
/home/ari/ros-tut/build/ros_tut/rosidl_typesupport_fastrtps_c/ros_tut/srv/detail/add_three_ints__rosidl_typesupport_fastrtps_c.h:81:  Lines should be &lt;= 100 characters long  [whitespace/line_length] [2]
/home/ari/ros-tut/build/ros_tut/rosidl_typesupport_fastrtps_c/ros_tut/srv/detail/add_three_ints__type_support_c.cpp:51:  Lines should be &lt;= 100 characters long  [whitespace/line_length] [2]
/home/ari/ros-tut/build/ros_tut/rosidl_typesupport_fastrtps_c/ros_tut/srv/detail/add_three_ints__type_support_c.cpp:78:  Lines should be &lt;= 100 characters long  [whitespace/line_length] [2]
/home/ari/ros-tut/build/ros_tut/rosidl_typesupport_fastrtps_c/ros_tut/srv/detail/add_three_ints__type_support_c.cpp:102:  Lines should be &lt;= 100 characters long  [whitespace/line_length] [2]
/home/ari/ros-tut/build/ros_tut/rosidl_typesupport_fastrtps_c/ros_tut/srv/detail/add_three_ints__type_support_c.cpp:201:  Lines should be &lt;= 100 characters long  [whitespace/line_length] [2]
/home/ari/ros-tut/build/ros_tut/rosidl_typesupport_fastrtps_c/ros_tut/srv/detail/add_three_ints__type_support_c.cpp:263:  Lines should be &lt;= 100 characters long  [whitespace/line_length] [2]
/home/ari/ros-tut/build/ros_tut/rosidl_typesupport_fastrtps_c/ros_tut/srv/detail/add_three_ints__type_support_c.cpp:280:  Lines should be &lt;= 100 characters long  [whitespace/line_length] [2]
/home/ari/ros-tut/build/ros_tut/rosidl_typesupport_fastrtps_c/ros_tut/srv/detail/add_three_ints__type_support_c.cpp:294:  Lines should be &lt;= 100 characters long  [whitespace/line_length] [2]
/home/ari/ros-tut/build/ros_tut/rosidl_typesupport_fastrtps_c/ros_tut/srv/detail/add_three_ints__type_support_c.cpp:367:  Lines should be &lt;= 100 characters long  [whitespace/line_length] [2]
/home/ari/ros-tut/build/ros_tut/rosidl_typesupport_fastrtps_c/ros_tut/srv/detail/add_three_ints__type_support_c.cpp:391:  Lines should be &lt;= 100 characters long  [whitespace/line_length] [2]
/home/ari/ros-tut/build/ros_tut/rosidl_typesupport_fastrtps_c/ros_tut/srv/detail/add_three_ints__type_support_c.cpp:392:  Lines should be &lt;= 100 characters long  [whitespace/line_length] [2]
/home/ari/ros-tut/build/ros_tut/rosidl_typesupport_fastrtps_c/ros_tut/srv/detail/add_three_ints__type_support_c.cpp:402:  Lines should be &lt;= 100 characters long  [whitespace/line_length] [2]
/home/ari/ros-tut/build/ros_tut/rosidl_typesupport_fastrtps_c/ros_tut/srv/detail/success__rosidl_typesupport_fastrtps_c.h:4:  #ifndef header guard has wrong style, please use: BUILD__ROS_TUT__ROSIDL_TYPESUPPORT_FASTRTPS_C__ROS_TUT__SRV__DETAIL__SUCCESS__ROSIDL_TYPESUPPORT_FASTRTPS_C_H_  [build/header_guard] [5]
/home/ari/ros-tut/build/ros_tut/rosidl_typesupport_fastrtps_c/ros_tut/srv/detail/success__rosidl_typesupport_fastrtps_c.h:87:  #endif line should be "#endif  // BUILD__ROS_TUT__ROSIDL_TYPESUPPORT_FASTRTPS_C__ROS_TUT__SRV__DETAIL__SUCCESS__ROSIDL_TYPESUPPORT_FASTRTPS_C_H_"  [build/header_guard] [5]
/home/ari/ros-tut/build/ros_tut/rosidl_typesupport_fastrtps_c/ros_tut/srv/detail/success__rosidl_typesupport_fastrtps_c.h:30:  Lines should be &lt;= 100 characters long  [whitespace/line_length] [2]
/home/ari/ros-tut/build/ros_tut/rosidl_typesupport_fastrtps_c/ros_tut/srv/detail/success__rosidl_typesupport_fastrtps_c.h:62:  Lines should be &lt;= 100 characters long  [whitespace/line_length] [2]
/home/ari/ros-tut/build/ros_tut/rosidl_typesupport_fastrtps_c/ros_tut/srv/detail/success__rosidl_typesupport_fastrtps_c.h:81:  Lines should be &lt;= 100 characters long  [whitespace/line_length] [2]
/home/ari/ros-tut/build/ros_tut/rosidl_typesupport_fastrtps_c/ros_tut/srv/detail/success__type_support_c.cpp:51:  Lines should be &lt;= 100 characters long  [whitespace/line_length] [2]
[...]
parse_cleanup(442): (frm.top().type + 1) is UNKNOWN
parse_cleanup(440): pc-&gt;orig_line is 152, orig_col is 1, text() is '}', type is BRACE_CLOSE
parse_cleanup(442): (frm.top().type + 1) is UNKNOWN
parse_cleanup(440): pc-&gt;orig_line is 172, orig_col is 1, text() is '}', type is BRACE_CLOSE
parse_cleanup(442): (frm.top().type + 1) is UNKNOWN
Parsing: /home/ari/ros-tut/build/ros_tut/rosidl_typesupport_fastrtps_cpp/ros_tut/srv/detail/dds_fastrtps/add_three_ints__type_support.cpp as language CPP
parse_cleanup(440): pc-&gt;orig_line is 218, orig_col is 1, text() is '}', type is BRACE_CLOSE
parse_cleanup(442): (frm.top().type + 1) is UNKNOWN
parse_cleanup(440): pc-&gt;orig_line is 403, orig_col is 1, text() is '}', type is BRACE_CLOSE
parse_cleanup(442): (frm.top().type + 1) is UNKNOWN
parse_cleanup(440): pc-&gt;orig_line is 464, orig_col is 1, text() is '}', type is BRACE_CLOSE
parse_cleanup(442): (frm.top().type + 1) is UNKNOWN
Parsing: /home/ari/ros-tut/build/ros_tut/rosidl_typesupport_fastrtps_cpp/ros_tut/srv/detail/dds_fastrtps/success__type_support.cpp as language CPP
parse_cleanup(440): pc-&gt;orig_line is 179, orig_col is 1, text() is '}', type is BRACE_CLOSE
parse_cleanup(442): (frm.top().type + 1) is UNKNOWN
parse_cleanup(440): pc-&gt;orig_line is 367, orig_col is 1, text() is '}', type is BRACE_CLOSE
parse_cleanup(442): (frm.top().type + 1) is UNKNOWN
parse_cleanup(440): pc-&gt;orig_line is 428, orig_col is 1, text() is '}', type is BRACE_CLOSE
parse_cleanup(442): (frm.top().type + 1) is UNKNOWN
Parsing: /home/ari/ros-tut/build/ros_tut/rosidl_typesupport_introspection_cpp/ros_tut/msg/detail/num__rosidl_typesupport_introspection_cpp.hpp as language CPP
parse_cleanup(440): pc-&gt;orig_line is 24, orig_col is 1, text() is '}', type is BRACE_CLOSE
parse_cleanup(442): (frm.top().type + 1) is UNKNOWN
Parsing: /home/ari/ros-tut/build/ros_tut/rosidl_typesupport_introspection_cpp/ros_tut/msg/detail/num__type_support.cpp as language CPP
parse_cleanup(440): pc-&gt;orig_line is 106, orig_col is 1, text() is '}', type is BRACE_CLOSE
parse_cleanup(442): (frm.top().type + 1) is UNKNOWN
Parsing: /home/ari/ros-tut/build/ros_tut/rosidl_typesupport_introspection_cpp/ros_tut/srv/detail/add_three_ints__rosidl_typesupport_introspection_cpp.hpp as language CPP
parse_cleanup(440): pc-&gt;orig_line is 24, orig_col is 1, text() is '}', type is BRACE_CLOSE
parse_cleanup(442): (frm.top().type + 1) is UNKNOWN
parse_cleanup(440): pc-&gt;orig_line is 45, orig_col is 1, text() is '}', type is BRACE_CLOSE
parse_cleanup(442): (frm.top().type + 1) is UNKNOWN
parse_cleanup(440): pc-&gt;orig_line is 64, orig_col is 1, text() is '}', type is BRACE_CLOSE
parse_cleanup(442): (frm.top().type + 1) is UNKNOWN
Parsing: /home/ari/ros-tut/build/ros_tut/rosidl_typesupport_introspection_cpp/ros_tut/srv/detail/add_three_ints__type_support.cpp as language CPP
parse_cleanup(440): pc-&gt;orig_line is 136, orig_col is 1, text() is '}', type is BRACE_CLOSE
parse_cleanup(442): (frm.top().type + 1) is UNKNOWN
parse_cleanup(440): pc-&gt;orig_line is 253, orig_col is 1, text() is '}', type is BRACE_CLOSE
parse_cleanup(442): (frm.top().type + 1) is UNKNOWN
parse_cleanup(440): pc-&gt;orig_line is 361, orig_col is 1, text() is '}', type is BRACE_CLOSE
parse_cleanup(442): (frm.top().type + 1) is UNKNOWN
Parsing: /home/ari/ros-tut/build/ros_tut/rosidl_typesupport_introspection_cpp/ros_tut/srv/detail/success__rosidl_typesupport_introspection_cpp.hpp as language CPP
parse_cleanup(440): pc-&gt;orig_line is 24, orig_col is 1, text() is '}', type is BRACE_CLOSE
parse_cleanup(442): (frm.top().type + 1) is UNKNOWN
parse_cleanup(440): pc-&gt;orig_line is 45, orig_col is 1, text() is '}', type is BRACE_CLOSE
parse_cleanup(442): (frm.top().type + 1) is UNKNOWN
parse_cleanup(440): pc-&gt;orig_line is 64, orig_col is 1, text() is '}', type is BRACE_CLOSE
parse_cleanup(442): (frm.top().type + 1) is UNKNOWN
Parsing: /home/ari/ros-tut/build/ros_tut/rosidl_typesupport_introspection_cpp/ros_tut/srv/detail/success__type_support.cpp as language CPP
parse_cleanup(440): pc-&gt;orig_line is 106, orig_col is 1, text() is '}', type is BRACE_CLOSE
parse_cleanup(442): (frm.top().type + 1) is UNKNOWN
parse_cleanup(440): pc-&gt;orig_line is 223, orig_col is 1, text() is '}', type is BRACE_CLOSE
parse_cleanup(442): (frm.top().type + 1) is UNKNOWN
parse_cleanup(440): pc-&gt;orig_line is 331, orig_col is 1, text() is '}', type is BRACE_CLOSE
parse_cleanup(442): (frm.top().type + 1) is UNKNOWN
Parsing: /home/ari/ros-tut/include/visibility.hpp as language CPP
parse_cleanup(440): pc-&gt;orig_line is 62, orig_col is 1, text() is '}', type is BRACE_CLOSE
parse_cleanup(442): (frm.top().type + 1) is UNKNOWN
Parsing: /home/ari/ros-tut/install/ros_tut/include/ros_tut/msg/num.hpp as language CPP
Parsing: /home/ari/ros-tut/install/ros_tut/include/ros_tut/msg/detail/num__builder.hpp as language CPP
Parsing: /home/ari/ros-tut/install/ros_tut/include/ros_tut/msg/detail/num__rosidl_typesupport_fastrtps_cpp.hpp as language CPP
parse_cleanup(440): pc-&gt;orig_line is 76, orig_col is 1, text() is '}', type is BRACE_CLOSE
parse_cleanup(442): (frm.top().type + 1) is UNKNOWN
Parsing: /home/ari/ros-tut/install/ros_tut/include/ros_tut/msg/detail/num__rosidl_typesupport_introspection_cpp.hpp as language CPP
parse_cleanup(440): pc-&gt;orig_line is 24, orig_col is 1, text() is '}', type is BRACE_CLOSE
parse_cleanup(442): (frm.top().type + 1) is UNKNOWN
Parsing: /home/ari/ros-tut/install/ros_tut/include/ros_tut/msg/detail/num__struct.hpp as language CPP
Parsing: /home/ari/ros-tut/install/ros_tut/include/ros_tut/msg/detail/num__traits.hpp as language CPP
Parsing: /home/ari/ros-tut/install/ros_tut/include/ros_tut/msg/detail/num__type_support.cpp as language CPP
parse_cleanup(440): pc-&gt;orig_line is 106, orig_col is 1, text() is '}', type is BRACE_CLOSE
parse_cleanup(442): (frm.top().type + 1) is UNKNOWN
Parsing: /home/ari/ros-tut/install/ros_tut/include/ros_tut/srv/add_three_ints.hpp as language CPP
Parsing: /home/ari/ros-tut/install/ros_tut/include/ros_tut/srv/success.hpp as language CPP
Parsing: /home/ari/ros-tut/install/ros_tut/include/ros_tut/srv/detail/add_three_ints__builder.hpp as language CPP
Parsing: /home/ari/ros-tut/install/ros_tut/include/ros_tut/srv/detail/add_three_ints__rosidl_typesupport_fastrtps_cpp.hpp as language CPP
parse_cleanup(440): pc-&gt;orig_line is 76, orig_col is 1, text() is '}', type is BRACE_CLOSE
parse_cleanup(442): (frm.top().type + 1) is UNKNOWN
parse_cleanup(440): pc-&gt;orig_line is 152, orig_col is 1, text() is '}', type is BRACE_CLOSE
parse_cleanup(442): (frm.top().type + 1) is UNKNOWN
parse_cleanup(440): pc-&gt;orig_line is 172, orig_col is 1, text() is '}', type is BRACE_CLOSE
parse_cleanup(442): (frm.top().type + 1) is UNKNOWN
Parsing: /home/ari/ros-tut/install/ros_tut/include/ros_tut/srv/detail/add_three_ints__rosidl_typesupport_introspection_cpp.hpp as language CPP
parse_cleanup(440): pc-&gt;orig_line is 24, orig_col is 1, text() is '}', type is BRACE_CLOSE
parse_cleanup(442): (frm.top().type + 1) is UNKNOWN
parse_cleanup(440): pc-&gt;orig_line is 45, orig_col is 1, text() is '}', type is BRACE_CLOSE
parse_cleanup(442): (frm.top().type + 1) is UNKNOWN
parse_cleanup(440): pc-&gt;orig_line is 64, orig_col is 1, text() is '}', type is BRACE_CLOSE
parse_cleanup(442): (frm.top().type + 1) is UNKNOWN
Parsing: /home/ari/ros-tut/install/ros_tut/include/ros_tut/srv/detail/add_three_ints__struct.hpp as language CPP
Parsing: /home/ari/ros-tut/install/ros_tut/include/ros_tut/srv/detail/add_three_ints__traits.hpp as language CPP
Parsing: /home/ari/ros-tut/install/ros_tut/include/ros_tut/srv/detail/add_three_ints__type_support.cpp as language CPP
parse_cleanup(440): pc-&gt;orig_line is 136, orig_col is 1, text() is '}', type is BRACE_CLOSE
parse_cleanup(442): (frm.top().type + 1) is UNKNOWN
parse_cleanup(440): pc-&gt;orig_line is 253, orig_col is 1, text() is '}', type is BRACE_CLOSE
parse_cleanup(442): (frm.top().type + 1) is UNKNOWN
parse_cleanup(440): pc-&gt;orig_line is 361, orig_col is 1, text() is '}', type is BRACE_CLOSE
parse_cleanup(442): (frm.top().type + 1) is UNKNOWN
Parsing: /home/ari/ros-tut/install/ros_tut/include/ros_tut/srv/detail/success__builder.hpp as language CPP
Parsing: /home/ari/ros-tut/install/ros_tut/include/ros_tut/srv/detail/success__rosidl_typesupport_fastrtps_cpp.hpp as language CPP
parse_cleanup(440): pc-&gt;orig_line is 76, orig_col is 1, text() is '}', type is BRACE_CLOSE
parse_cleanup(442): (frm.top().type + 1) is UNKNOWN
parse_cleanup(440): pc-&gt;orig_line is 152, orig_col is 1, text() is '}', type is BRACE_CLOSE
parse_cleanup(442): (frm.top().type + 1) is UNKNOWN
parse_cleanup(440): pc-&gt;orig_line is 172, orig_col is 1, text() is '}', type is BRACE_CLOSE
parse_cleanup(442): (frm.top().type + 1) is UNKNOWN
Parsing: /home/ari/ros-tut/install/ros_tut/include/ros_tut/srv/detail/success__rosidl_typesupport_introspection_cpp.hpp as language CPP
parse_cleanup(440): pc-&gt;orig_line is 24, orig_col is 1, text() is '}', type is BRACE_CLOSE
parse_cleanup(442): (frm.top().type + 1) is UNKNOWN
parse_cleanup(440): pc-&gt;orig_line is 45, orig_col is 1, text() is '}', type is BRACE_CLOSE
parse_cleanup(442): (frm.top().type + 1) is UNKNOWN
parse_cleanup(440): pc-&gt;orig_line is 64, orig_col is 1, text() is '}', type is BRACE_CLOSE
parse_cleanup(442): (frm.top().type + 1) is UNKNOWN
Parsing: /home/ari/ros-tut/install/ros_tut/include/ros_tut/srv/detail/success__struct.hpp as language CPP
Parsing: /home/ari/ros-tut/install/ros_tut/include/ros_tut/srv/detail/success__traits.hpp as language CPP
Parsing: /home/ari/ros-tut/install/ros_tut/include/ros_tut/srv/detail/success__type_support.cpp as language CPP
parse_cleanup(440): pc-&gt;orig_line is 106, orig_col is 1, text() is '}', type is BRACE_CLOSE
parse_cleanup(442): (frm.top().type + 1) is UNKNOWN
parse_cleanup(440): pc-&gt;orig_line is 223, orig_col is 1, text() is '}', type is BRACE_CLOSE
parse_cleanup(442): (frm.top().type + 1) is UNKNOWN
parse_cleanup(440): pc-&gt;orig_line is 331, orig_col is 1, text() is '}', type is BRACE_CLOSE
parse_cleanup(442): (frm.top().type + 1) is UNKNOWN
Parsing: /home/ari/ros-tut/src/add_two_ints_client.cpp as language CPP
Parsing: /home/ari/ros-tut/src/add_two_ints_server.cpp as language CPP
Parsing: /home/ari/ros-tut/src/clear_turtles.cpp as language CPP
parse_cleanup(440): pc-&gt;orig_line is 70, orig_col is 1, text() is '}', type is BRACE_CLOSE
parse_cleanup(442): (frm.top().type + 1) is UNKNOWN
parse_cleanup(757): Unmatched BRACE_CLOSE
orig_line is 70, orig_col is 1
parse_cleanup(761): Try the option 'tok_split_gte = true'

The invocation of 'uncrustify' failed with error code 1: Command '['/usr/bin/uncrustify', '-c', '/opt/ros/foxy/lib/python3.8/site-packages/ament_uncrustify/configuration/ament_code_style.cfg', '-l', 'C++', '--prefix', '/tmp/uncrustify_lt8etlhs', '--suffix', '.uncrustify', '/home/ari/ros-tut/build/ros_tut/CMakeFiles/3.16.3/CompilerIdCXX/CMakeCXXCompilerId.cpp', '/home/ari/ros-tut/build/ros_tut/rosidl_generator_cpp/ros_tut/msg/num.hpp', '/home/ari/ros-tut/build/ros_tut/rosidl_generator_cpp/ros_tut/msg/detail/num__builder.hpp', '/home/ari/ros-tut/build/ros_tut/rosidl_generator_cpp/ros_tut/msg/detail/num__struct.hpp', '/home/ari/ros-tut/build/ros_tut/rosidl_generator_cpp/ros_tut/msg/detail/num__traits.hpp', '/home/ari/ros-tut/build/ros_tut/rosidl_generator_cpp/ros_tut/srv/add_three_ints.hpp', '/home/ari/ros-tut/build/ros_tut/rosidl_generator_cpp/ros_tut/srv/success.hpp', '/home/ari/ros-tut/build/ros_tut/rosidl_generator_cpp/ros_tut/srv/detail/add_three_ints__builder.hpp', '/home/ari/ros-tut/build/ros_tut/rosidl_generator_cpp/ros_tut/srv/detail/add_three_ints__struct.hpp', '/home/ari/ros-tut/build/ros_tut/rosidl_generator_cpp/ros_tut/srv/detail/add_three_ints__traits.hpp', '/home/ari/ros-tut/build/ros_tut/rosidl_generator_cpp/ros_tut/srv/detail/success__builder.hpp', '/home/ari/ros-tut/build/ros_tut/rosidl_generator_cpp/ros_tut/srv/detail/success__struct.hpp', '/home/ari/ros-tut/build/ros_tut/rosidl_generator_cpp/ros_tut/srv/detail/success__traits.hpp', '/home/ari/ros-tut/build/ros_tut/rosidl_typesupport_c/ros_tut/msg/num__type_support.cpp', '/home/ari/ros-tut/build/ros_tut/rosidl_typesupport_c/ros_tut/srv/add_three_ints__type_support.cpp', '/home/ari/ros-tut/build/ros_tut/rosidl_typesupport_c/ros_tut/srv/success__type_support.cpp', '/home/ari/ros-tut/build/ros_tut/rosidl_typesupport_cpp/ros_tut/msg/num__type_support.cpp', '/home/ari/ros-tut/build/ros_tut/rosidl_typesupport_cpp/ros_tut/srv/add_three_ints__type_support.cpp', '/home/ari/ros-tut/build/ros_tut/rosidl_typesupport_cpp/ros_tut/srv/success__type_support.cpp', '/home/ari/ros-tut/build/ros_tut/rosidl_typesupport_fastrtps_c/ros_tut/msg/detail/num__type_support_c.cpp', '/home/ari/ros-tut/build/ros_tut/rosidl_typesupport_fastrtps_c/ros_tut/srv/detail/add_three_ints__type_support_c.cpp', '/home/ari/ros-tut/build/ros_tut/rosidl_typesupport_fastrtps_c/ros_tut/srv/detail/success__type_support_c.cpp', '/home/ari/ros-tut/build/ros_tut/rosidl_typesupport_fastrtps_cpp/ros_tut/msg/detail/num__rosidl_typesupport_fastrtps_cpp.hpp', '/home/ari/ros-tut/build/ros_tut/rosidl_typesupport_fastrtps_cpp/ros_tut/msg/detail/dds_fastrtps/num__type_support.cpp', '/home/ari/ros-tut/build/ros_tut/rosidl_typesupport_fastrtps_cpp/ros_tut/srv/detail/add_three_ints__rosidl_typesupport_fastrtps_cpp.hpp', '/home/ari/ros-tut/build/ros_tut/rosidl_typesupport_fastrtps_cpp/ros_tut/srv/detail/success__rosidl_typesupport_fastrtps_cpp.hpp', '/home/ari/ros-tut/build/ros_tut/rosidl_typesupport_fastrtps_cpp/ros_tut/srv/detail/dds_fastrtps/add_three_ints__type_support.cpp', '/home/ari/ros-tut/build/ros_tut/rosidl_typesupport_fastrtps_cpp/ros_tut/srv/detail/dds_fastrtps/success__type_support.cpp', '/home/ari/ros-tut/build/ros_tut/rosidl_typesupport_introspection_cpp/ros_tut/msg/detail/num__rosidl_typesupport_introspection_cpp.hpp', '/home/ari/ros-tut/build/ros_tut/rosidl_typesupport_introspection_cpp/ros_tut/msg/detail/num__type_support.cpp', '/home/ari/ros-tut/build/ros_tut/rosidl_typesupport_introspection_cpp/ros_tut/srv/detail/add_three_ints__rosidl_typesupport_introspection_cpp.hpp', '/home/ari/ros-tut/build/ros_tut/rosidl_typesupport_introspection_cpp/ros_tut/srv/detail/add_three_ints__type_support.cpp', '/home/ari/ros-tut/build/ros_tut/rosidl_typesupport_introspection_cpp/ros_tut/srv/detail/success__rosidl_typesupport_introspection_cpp.hpp', '/home/ari/ros-tut/build/ros_tut/rosidl_typesupport_introspection_cpp/ros_tut/srv/detail/success__type_support.cpp', '/home/ari/ros-tut/include/visibility.hpp', '/home/ari/ros-tut/install/ros_tut/include/ros_tut/msg/num.hpp', '/home/ari/ros-tut/install/ros_tut/include/ros_tut/msg/detail/num__builder.hpp', '/home/ari/ros-tut/install/ros_tut/include/ros_tut/msg/detail/num__rosidl_typesupport_fastrtps_cpp.hpp', '/home/ari/ros-tut/install/ros_tut/include/ros_tut/msg/detail/num__rosidl_typesupport_introspection_cpp.hpp', '/home/ari/ros-tut/install/ros_tut/include/ros_tut/msg/detail/num__struct.hpp', '/home/ari/ros-tut/install/ros_tut/include/ros_tut/msg/detail/num__traits.hpp', '/home/ari/ros-tut/install/ros_tut/include/ros_tut/msg/detail/num__type_support.cpp', '/home/ari/ros-tut/install/ros_tut/include/ros_tut/srv/add_three_ints.hpp', '/home/ari/ros-tut/install/ros_tut/include/ros_tut/srv/success.hpp', '/home/ari/ros-tut/install/ros_tut/include/ros_tut/srv/detail/add_three_ints__builder.hpp', '/home/ari/ros-tut/install/ros_tut/include/ros_tut/srv/detail/add_three_ints__rosidl_typesupport_fastrtps_cpp.hpp', '/home/ari/ros-tut/install/ros_tut/include/ros_tut/srv/detail/add_three_ints__rosidl_typesupport_introspection_cpp.hpp', '/home/ari/ros-tut/install/ros_tut/include/ros_tut/srv/detail/add_three_ints__struct.hpp', '/home/ari/ros-tut/install/ros_tut/include/ros_tut/srv/detail/add_three_ints__traits.hpp', '/home/ari/ros-tut/install/ros_tut/include/ros_tut/srv/detail/add_three_ints__type_support.cpp', '/home/ari/ros-tut/install/ros_tut/include/ros_tut/srv/detail/success__builder.hpp', '/home/ari/ros-tut/install/ros_tut/include/ros_tut/srv/detail/success__rosidl_typesupport_fastrtps_cpp.hpp', '/home/ari/ros-tut/install/ros_tut/include/ros_tut/srv/detail/success__rosidl_typesupport_introspection_cpp.hpp', '/home/ari/ros-tut/install/ros_tut/include/ros_tut/srv/detail/success__struct.hpp', '/home/ari/ros-tut/install/ros_tut/include/ros_tut/srv/detail/success__traits.hpp', '/home/ari/ros-tut/install/ros_tut/include/ros_tut/srv/detail/success__type_support.cpp', '/home/ari/ros-tut/src/add_two_ints_client.cpp', '/home/ari/ros-tut/src/add_two_ints_server.cpp', '/home/ari/ros-tut/src/clear_turtles.cpp', '/home/ari/ros-tut/src/my_node.cpp', '/home/ari/ros-tut/src/my_publisher.cpp', '/home/ari/ros-tut/src/my_subscriber.cpp']' returned non-zero exit status 1.
-- run_test.py: return code 1
-- run_test.py: generate result file '/home/ari/ros-tut/build/ros_tut/test_results/ros_tut/uncrustify.xunit.xml' with failed test
-- run_test.py: verify result file '/home/ari/ros-tut/build/ros_tut/test_results/ros_tut/uncrustify.xunit.xml'
</Value>
				</Measurement>
			</Results>
			<Labels>
				<Label>linter</Label>
				<Label>uncrustify</Label>
			</Labels>
		</Test>
		<Test Status="passed">
			<Name>xmllint</Name>
			<Path>.</Path>
			<FullName>./xmllint</FullName>
			<FullCommandLine>/usr/bin/python3 "-u" "/opt/ros/foxy/share/ament_cmake_test/cmake/run_test.py" "/home/ari/ros-tut/build/ros_tut/test_results/ros_tut/xmllint.xunit.xml" "--package-name" "ros_tut" "--output-file" "/home/ari/ros-tut/build/ros_tut/ament_xmllint/xmllint.txt" "--command" "/opt/ros/foxy/bin/ament_xmllint" "--xunit-file" "/home/ari/ros-tut/build/ros_tut/test_results/ros_tut/xmllint.xunit.xml"</FullCommandLine>
			<Results>
				<NamedMeasurement type="numeric/double" name="Execution Time">
					<Value>2.83814</Value>
				</NamedMeasurement>
				<NamedMeasurement type="numeric/double" name="Processors">
					<Value>1</Value>
				</NamedMeasurement>
				<NamedMeasurement type="text/string" name="Completion Status">
					<Value>Completed</Value>
				</NamedMeasurement>
				<NamedMeasurement type="text/string" name="Command Line">
					<Value>/usr/bin/python3 "-u" "/opt/ros/foxy/share/ament_cmake_test/cmake/run_test.py" "/home/ari/ros-tut/build/ros_tut/test_results/ros_tut/xmllint.xunit.xml" "--package-name" "ros_tut" "--output-file" "/home/ari/ros-tut/build/ros_tut/ament_xmllint/xmllint.txt" "--command" "/opt/ros/foxy/bin/ament_xmllint" "--xunit-file" "/home/ari/ros-tut/build/ros_tut/test_results/ros_tut/xmllint.xunit.xml"</Value>
				</NamedMeasurement>
				<Measurement>
					<Value>-- run_test.py: invoking following command in '/home/ari/ros-tut':
 - /opt/ros/foxy/bin/ament_xmllint --xunit-file /home/ari/ros-tut/build/ros_tut/test_results/ros_tut/xmllint.xunit.xml
File 'package.xml' is valid

File 'build/ros_tut/test_results/ros_tut/copyright.xunit.xml' is valid

File 'build/ros_tut/test_results/ros_tut/cppcheck.xunit.xml' is valid

File 'build/ros_tut/test_results/ros_tut/cpplint.xunit.xml' is valid

File 'build/ros_tut/test_results/ros_tut/flake8.xunit.xml' is valid

File 'build/ros_tut/test_results/ros_tut/lint_cmake.xunit.xml' is valid

File 'build/ros_tut/test_results/ros_tut/pep257.xunit.xml' is valid

File 'build/ros_tut/test_results/ros_tut/uncrustify.xunit.xml' is valid

File 'build/ros_tut/test_results/ros_tut/xmllint.xunit.xml' is valid

File 'install/ros_tut/share/ros_tut/package.xml' is valid

No problems found
-- run_test.py: return code 0
-- run_test.py: verify result file '/home/ari/ros-tut/build/ros_tut/test_results/ros_tut/xmllint.xunit.xml'
</Value>
				</Measurement>
			</Results>
			<Labels>
				<Label>linter</Label>
				<Label>xmllint</Label>
			</Labels>
		</Test>
		<EndDateTime>Jun 19 17:29 UTC</EndDateTime>
		<EndTestTime>1624123745</EndTestTime>
		<ElapsedMinutes>0</ElapsedMinutes>
	</Testing>
</Site>
