[0.080s] Invoking command in '/home/ari/ros-tut/build/ros_tut': CMAKE_PREFIX_PATH=${CMAKE_PREFIX_PATH}:/opt/ros/foxy /usr/bin/cmake --build /home/ari/ros-tut/build/ros_tut -- -j8 -l8
[0.237s] [35m[1mScanning dependencies of target clear[0m
[0.257s] [  3%] Built target my_node
[0.259s] [  5%] Built target ros_tut__cpp
[0.262s] [  9%] Built target client
[0.268s] [ 13%] Built target talker
[0.271s] [ 21%] Built target ros_tut__rosidl_generator_c
[0.274s] [ 25%] Built target server
[0.285s] [ 29%] Built target listener
[0.292s] [ 37%] Built target ros_tut__rosidl_typesupport_introspection_cpp
[0.302s] [ 45%] Built target ros_tut__rosidl_typesupport_cpp
[0.307s] [ 47%] [32mBuilding CXX object CMakeFiles/clear.dir/src/clear_turtles.cpp.o[0m
[0.309s] [ 54%] Built target ros_tut__rosidl_typesupport_introspection_c
[0.312s] [ 62%] Built target ros_tut__rosidl_typesupport_c
[0.321s] [ 70%] Built target ros_tut__rosidl_typesupport_fastrtps_cpp
[0.347s] [ 78%] Built target ros_tut__rosidl_typesupport_fastrtps_c
[0.363s] [ 78%] Built target ros_tut
[0.387s] [ 80%] Built target ros_tut__py
[0.414s] [ 86%] Built target ros_tut__python
[0.444s] [ 90%] Built target ros_tut__rosidl_typesupport_fastrtps_c__pyext
[0.445s] [ 94%] Built target ros_tut__rosidl_typesupport_c__pyext
[0.454s] [ 98%] Built target ros_tut__rosidl_typesupport_introspection_c__pyext
[1.921s] [01m[K/home/ari/ros-tut/src/clear_turtles.cpp:[m[K In function â€˜[01m[Kint main(int, char**)[m[Kâ€™:
[1.921s] [01m[K/home/ari/ros-tut/src/clear_turtles.cpp:11:28:[m[K [01;31m[Kerror: [m[Kinvalid initialization of reference of type â€˜[01m[Kconst rclcpp::InitOptions&[m[Kâ€™ from expression of type â€˜[01m[Kconst char [6][m[Kâ€™
[1.921s]    11 |   rclcpp::init(argc, argv, [01;31m[K"clear"[m[K);
[1.921s]       |                            [01;31m[K^~~~~~~[m[K
[1.921s] In file included from [01m[K/opt/ros/foxy/include/rclcpp/client.hpp:36[m[K,
[1.921s]                  from [01m[K/opt/ros/foxy/include/rclcpp/callback_group.hpp:23[m[K,
[1.921s]                  from [01m[K/opt/ros/foxy/include/rclcpp/any_executable.hpp:20[m[K,
[1.921s]                  from [01m[K/opt/ros/foxy/include/rclcpp/memory_strategy.hpp:24[m[K,
[1.921s]                  from [01m[K/opt/ros/foxy/include/rclcpp/memory_strategies.hpp:18[m[K,
[1.921s]                  from [01m[K/opt/ros/foxy/include/rclcpp/executor_options.hpp:20[m[K,
[1.921s]                  from [01m[K/opt/ros/foxy/include/rclcpp/executor.hpp:33[m[K,
[1.921s]                  from [01m[K/opt/ros/foxy/include/rclcpp/executors/multi_threaded_executor.hpp:25[m[K,
[1.921s]                  from [01m[K/opt/ros/foxy/include/rclcpp/executors.hpp:21[m[K,
[1.922s]                  from [01m[K/opt/ros/foxy/include/rclcpp/rclcpp.hpp:146[m[K,
[1.922s]                  from [01m[K/home/ari/ros-tut/src/clear_turtles.cpp:6[m[K:
[1.922s] [01m[K/opt/ros/foxy/include/rclcpp/utilities.hpp:56:63:[m[K [01;36m[Knote: [m[Kin passing argument 3 of â€˜[01m[Kvoid rclcpp::init(int, const char* const*, const rclcpp::InitOptions&)[m[Kâ€™
[1.922s]    56 | init(int argc, char const * const argv[], [01;36m[Kconst InitOptions & init_options = InitOptions()[m[K);
[1.922s]       |                                           [01;36m[K~~~~~~~~~~~~~~~~~~~~^~~~~~~~~~~~~~~~~~~~~~~~~~~~[m[K
[1.924s] [01m[K/home/ari/ros-tut/src/clear_turtles.cpp:14:18:[m[K [01;31m[Kerror: [m[Kâ€˜[01m[Kexample_interfaces[m[Kâ€™ was not declared in this scope; did you mean â€˜[01m[Krcl_interfaces[m[Kâ€™?
[1.924s]    14 |   rclcpp::Client<[01;31m[Kexample_interfaces[m[K::srv::Empty>::SharedPtr client =
[1.924s]       |                  [01;31m[K^~~~~~~~~~~~~~~~~~[m[K
[1.924s]       |                  [32m[Krcl_interfaces[m[K
[1.924s] [01m[K/home/ari/ros-tut/src/clear_turtles.cpp:14:48:[m[K [01;31m[Kerror: [m[Ktemplate argument 1 is invalid
[1.924s]    14 |   rclcpp::Client<example_interfaces::srv::Empty[01;31m[K>[m[K::SharedPtr client =
[1.924s]       |                                                [01;31m[K^[m[K
[1.924s] [01m[K/home/ari/ros-tut/src/clear_turtles.cpp:14:61:[m[K [01;31m[Kerror: [m[Kqualified-id in declaration before â€˜[01m[Kclient[m[Kâ€™
[1.924s]    14 |   rclcpp::Client<example_interfaces::srv::Empty>::SharedPtr [01;31m[Kclient[m[K =
[1.924s]       |                                                             [01;31m[K^~~~~~[m[K
[1.925s] [01m[K/home/ari/ros-tut/src/clear_turtles.cpp:17:35:[m[K [01;31m[Kerror: [m[Kâ€˜[01m[Kturtlesim[m[Kâ€™ was not declared in this scope
[1.925s]    17 |   auto request = std::make_shared<[01;31m[Kturtlesim[m[K::srv::clear::Request>();
[1.925s]       |                                   [01;31m[K^~~~~~~~~[m[K
[1.925s] [01m[K/home/ari/ros-tut/src/clear_turtles.cpp:17:23:[m[K [01;31m[Kerror: [m[Kparse error in template argument list
[1.925s]    17 |   auto request = std::[01;31m[Kmake_shared<turtlesim::srv::clear::Request>[m[K();
[1.925s]       |                       [01;31m[K^~~~~~~~~~~~~~~~~~~~~~~~~~~~~~~~~~~~~~~~~~~[m[K
[1.925s] [01m[K/home/ari/ros-tut/src/clear_turtles.cpp:17:67:[m[K [01;31m[Kerror: [m[Kno matching function for call to â€˜[01m[Kmake_shared<<expression error> >()[m[Kâ€™
[1.925s]    17 |   auto request = std::make_shared<turtlesim::srv::clear::Request>([01;31m[K)[m[K;
[1.925s]       |                                                                   [01;31m[K^[m[K
[1.925s] In file included from [01m[K/usr/include/c++/9/memory:81[m[K,
[1.925s]                  from [01m[K/home/ari/ros-tut/src/clear_turtles.cpp:3[m[K:
[1.925s] [01m[K/usr/include/c++/9/bits/shared_ptr.h:714:5:[m[K [01;36m[Knote: [m[Kcandidate: â€˜[01m[Ktemplate<class _Tp, class ... _Args> std::shared_ptr<_Tp> std::make_shared(_Args&& ...)[m[Kâ€™
[1.926s]   714 |     [01;36m[Kmake_shared[m[K(_Args&&... __args)
[1.926s]       |     [01;36m[K^~~~~~~~~~~[m[K
[1.926s] [01m[K/usr/include/c++/9/bits/shared_ptr.h:714:5:[m[K [01;36m[Knote: [m[K  template argument deduction/substitution failed:
[1.926s] [01m[K/home/ari/ros-tut/src/clear_turtles.cpp:17:67:[m[K [01;31m[Kerror: [m[Ktemplate argument 1 is invalid
[1.926s]    17 |   auto request = std::make_shared<turtlesim::srv::clear::Request>([01;31m[K)[m[K;
[1.926s]       |                                                                   [01;31m[K^[m[K
[1.926s] [01m[K/home/ari/ros-tut/src/clear_turtles.cpp:21:17:[m[K [01;31m[Kerror: [m[Kâ€˜[01m[Kclient[m[Kâ€™ was not declared in this scope
[1.926s]    21 |   auto result = [01;31m[Kclient[m[K->async_send_request(request);
[1.926s]       |                 [01;31m[K^~~~~~[m[K
[2.303s] make[2]: *** [CMakeFiles/clear.dir/build.make:63: CMakeFiles/clear.dir/src/clear_turtles.cpp.o] Error 1
[2.303s] make[1]: *** [CMakeFiles/Makefile2:592: CMakeFiles/clear.dir/all] Error 2
[2.303s] make: *** [Makefile:141: all] Error 2
[2.308s] Invoked command in '/home/ari/ros-tut/build/ros_tut' returned '2': CMAKE_PREFIX_PATH=${CMAKE_PREFIX_PATH}:/opt/ros/foxy /usr/bin/cmake --build /home/ari/ros-tut/build/ros_tut -- -j8 -l8
