[0.033s] Invoking command in '/home/ari/ros-tut/build/ros_tut': CMAKE_PREFIX_PATH=${CMAKE_PREFIX_PATH}:/opt/ros/foxy /usr/bin/cmake --build /home/ari/ros-tut/build/ros_tut -- -j8 -l8
[0.087s] -- Found ament_cmake: 0.9.8 (/opt/ros/foxy/share/ament_cmake/cmake)
[0.114s] -- Found PythonInterp: /usr/bin/python3 (found suitable version "3.8.5", minimum required is "3") 
[0.114s] -- Using PYTHON_EXECUTABLE: /usr/bin/python3
[0.242s] -- Found rclcpp: 2.3.1 (/opt/ros/foxy/share/rclcpp/cmake)
[0.285s] -- Using all available rosidl_typesupport_c: rosidl_typesupport_fastrtps_c;rosidl_typesupport_introspection_c
[0.287s] -- Found rosidl_adapter: 1.2.1 (/opt/ros/foxy/share/rosidl_adapter/cmake)
[0.419s] -- Using all available rosidl_typesupport_cpp: rosidl_typesupport_fastrtps_cpp;rosidl_typesupport_introspection_cpp
[0.464s] -- Found rmw_implementation_cmake: 1.0.3 (/opt/ros/foxy/share/rmw_implementation_cmake/cmake)
[0.466s] -- Using RMW implementation 'rmw_fastrtps_cpp' as default
[0.609s] -- Found example_interfaces: 0.9.1 (/opt/ros/foxy/share/example_interfaces/cmake)
[0.701s] -- Found rosidl_default_generators: 1.0.1 (/opt/ros/foxy/share/rosidl_default_generators/cmake)
[0.709s] -- Found turtlesim: 1.2.5 (/opt/ros/foxy/share/turtlesim/cmake)
[0.756s] -- Found geometry_msgs: 2.0.4 (/opt/ros/foxy/share/geometry_msgs/cmake)
[0.782s] -- Found std_srvs: 2.0.4 (/opt/ros/foxy/share/std_srvs/cmake)
[0.805s] -- Found PythonInterp: /usr/bin/python3 (found version "3.8.5") 
[1.089s] CMake Error at /opt/ros/foxy/share/rosidl_adapter/cmake/rosidl_adapt_interfaces.cmake:60 (message):
[1.089s]   execute_process(/usr/bin/python3 -m rosidl_adapter --package-name ros_tut
[1.089s]   --arguments-file
[1.089s]   /home/ari/ros-tut/build/ros_tut/rosidl_adapter__arguments__ros_tut.json
[1.090s]   --output-dir /home/ari/ros-tut/build/ros_tut/rosidl_adapter/ros_tut
[1.090s]   --output-file /home/ari/ros-tut/build/ros_tut/rosidl_adapter/ros_tut.idls)
[1.090s]   returned error code 1:
[1.090s] 
[1.090s]   Traceback (most recent call last):
[1.090s] 
[1.090s]     File "/usr/lib/python3.8/runpy.py", line 194, in _run_module_as_main
[1.090s]       return _run_code(code, main_globals, None,
[1.090s]     File "/usr/lib/python3.8/runpy.py", line 87, in _run_code
[1.090s]       exec(code, run_globals)
[1.090s]     File "/opt/ros/foxy/lib/python3.8/site-packages/rosidl_adapter/__main__.py", line 19, in <module>
[1.090s]       sys.exit(main())
[1.090s]     File "/opt/ros/foxy/lib/python3.8/site-packages/rosidl_adapter/main.py", line 53, in main
[1.090s]       abs_idl_file = convert_to_idl(
[1.090s]     File "/opt/ros/foxy/lib/python3.8/site-packages/rosidl_adapter/__init__.py", line 24, in convert_to_idl
[1.090s]       return convert_srv_to_idl(
[1.090s]     File "/opt/ros/foxy/lib/python3.8/site-packages/rosidl_adapter/srv/__init__.py", line 28, in convert_srv_to_idl
[1.090s]       srv = parse_service_string(package_name, input_file.stem, content)
[1.090s]     File "/opt/ros/foxy/lib/python3.8/site-packages/rosidl_adapter/parser.py", line 843, in parse_service_string
[1.090s]       raise InvalidServiceSpecification(
[1.090s] 
[1.090s]   rosidl_adapter.parser.InvalidServiceSpecification: Could not find separator
[1.090s]   '---' between request and response
[1.090s] 
[1.090s] Call Stack (most recent call first):
[1.090s]   /opt/ros/foxy/share/rosidl_cmake/cmake/rosidl_generate_interfaces.cmake:130 (rosidl_adapt_interfaces)
[1.090s]   CMakeLists.txt:28 (rosidl_generate_interfaces)
[1.090s] 
[1.090s] 
[1.091s] -- Configuring incomplete, errors occurred!
[1.092s] See also "/home/ari/ros-tut/build/ros_tut/CMakeFiles/CMakeOutput.log".
[1.092s] See also "/home/ari/ros-tut/build/ros_tut/CMakeFiles/CMakeError.log".
[1.097s] make: *** [Makefile:1252: cmake_check_build_system] Error 1
[1.101s] Invoked command in '/home/ari/ros-tut/build/ros_tut' returned '2': CMAKE_PREFIX_PATH=${CMAKE_PREFIX_PATH}:/opt/ros/foxy /usr/bin/cmake --build /home/ari/ros-tut/build/ros_tut -- -j8 -l8
