[0.017s] Invoking command in '/home/ari/ros-tut/build/ros_tut': CMAKE_PREFIX_PATH=${CMAKE_PREFIX_PATH}:/opt/ros/foxy /usr/bin/cmake --build /home/ari/ros-tut/build/ros_tut -- -j8 -l8
[0.052s] [35m[1mScanning dependencies of target clear[0m
[0.083s] [  1%] [32mBuilding CXX object CMakeFiles/clear.dir/src/clear_turtles.cpp.o[0m
[0.087s] [  4%] Built target my_node
[0.089s] [ 13%] Built target ros_tut__rosidl_generator_c
[0.093s] [ 16%] Built target server
[0.093s] [ 18%] Built target ros_tut__cpp
[0.093s] [ 21%] Built target talker
[0.100s] [ 24%] Built target client
[0.103s] [ 27%] Built target listener
[0.105s] [35m[1mScanning dependencies of target turtle_request[0m
[0.125s] [ 29%] [32mBuilding CXX object CMakeFiles/turtle_request.dir/src/clear_turtles.cpp.o[0m
[0.126s] [ 37%] Built target ros_tut__rosidl_typesupport_introspection_cpp
[0.139s] [ 54%] Built target ros_tut__rosidl_typesupport_c
[0.139s] [ 54%] Built target ros_tut__rosidl_typesupport_cpp
[0.150s] [ 62%] Built target ros_tut__rosidl_typesupport_fastrtps_cpp
[0.160s] [ 70%] Built target ros_tut__rosidl_typesupport_introspection_c
[0.169s] [01m[K/home/ari/ros-tut/src/clear_turtles.cpp:12:10:[m[K [01;31m[Kfatal error: [m[Krclcpp/rclcpp.hpp: No such file or directory
[0.169s]    12 | #include [01;31m[K"rclcpp/rclcpp.hpp"[m[K
[0.169s]       |          [01;31m[K^~~~~~~~~~~~~~~~~~~[m[K
[0.169s] compilation terminated.
[0.171s] make[2]: *** [CMakeFiles/turtle_request.dir/build.make:63: CMakeFiles/turtle_request.dir/src/clear_turtles.cpp.o] Error 1
[0.171s] make[1]: *** [CMakeFiles/Makefile2:702: CMakeFiles/turtle_request.dir/all] Error 2
[0.171s] make[1]: *** Waiting for unfinished jobs....
[0.172s] [ 78%] Built target ros_tut__rosidl_typesupport_fastrtps_c
[1.358s] [01m[K/home/ari/ros-tut/src/clear_turtles.cpp:17:3:[m[K [01;31m[Kerror: [m[Kâ€˜[01m[Kkill_turtles[m[Kâ€™ does not name a type
[1.358s]    17 |   [01;31m[Kkill_turtles[m[K::kill_turtles(
[1.358s]       |   [01;31m[K^~~~~~~~~~~~[m[K
[1.358s] [01m[K/home/ari/ros-tut/src/clear_turtles.cpp:23:3:[m[K [01;31m[Kerror: [m[Kexpected unqualified-id before â€˜[01m[K)[m[Kâ€™ token
[1.358s]    23 |   [01;31m[K)[m[K
[1.358s]       |   [01;31m[K^[m[K
[2.567s] make[2]: *** [CMakeFiles/clear.dir/build.make:63: CMakeFiles/clear.dir/src/clear_turtles.cpp.o] Error 1
[2.569s] make[1]: *** [CMakeFiles/Makefile2:243: CMakeFiles/clear.dir/all] Error 2
[2.570s] make: *** [Makefile:141: all] Error 2
[2.574s] Invoked command in '/home/ari/ros-tut/build/ros_tut' returned '2': CMAKE_PREFIX_PATH=${CMAKE_PREFIX_PATH}:/opt/ros/foxy /usr/bin/cmake --build /home/ari/ros-tut/build/ros_tut -- -j8 -l8
