[0.018s] Invoking command in '/home/ari/ros-tut/build/ros_tut': CMAKE_PREFIX_PATH=${CMAKE_PREFIX_PATH}:/opt/ros/foxy /usr/bin/cmake --build /home/ari/ros-tut/build/ros_tut -- -j8 -l8
[0.067s] [35m[1mScanning dependencies of target clear[0m
[0.075s] [  3%] Built target server
[0.076s] [  6%] Built target client
[0.080s] [ 10%] Built target listener
[0.082s] [ 13%] Built target my_node
[0.083s] [ 15%] Built target ros_tut__cpp
[0.085s] [ 18%] Built target talker
[0.088s] [ 20%] [32mBuilding CXX object CMakeFiles/clear.dir/src/clear_turtles.cpp.o[0m
[0.091s] [ 28%] Built target ros_tut__rosidl_generator_c
[0.101s] [ 37%] Built target ros_tut__rosidl_typesupport_introspection_cpp
[0.113s] [ 45%] Built target ros_tut__rosidl_typesupport_introspection_c
[0.117s] [ 54%] Built target ros_tut__rosidl_typesupport_cpp
[0.119s] [ 62%] Built target ros_tut__rosidl_typesupport_fastrtps_cpp
[0.123s] [ 71%] Built target ros_tut__rosidl_typesupport_c
[0.140s] [ 79%] Built target ros_tut__rosidl_typesupport_fastrtps_c
[0.153s] [ 79%] Built target ros_tut
[0.166s] [ 81%] Built target ros_tut__py
[0.185s] [ 88%] Built target ros_tut__python
[0.207s] [ 91%] Built target ros_tut__rosidl_typesupport_c__pyext
[0.207s] [ 94%] Built target ros_tut__rosidl_typesupport_introspection_c__pyext
[0.207s] [ 98%] Built target ros_tut__rosidl_typesupport_fastrtps_c__pyext
[2.229s] [01m[K/home/ari/ros-tut/src/clear_turtles.cpp:[m[K In function â€˜[01m[Kint main(int, char**)[m[Kâ€™:
[2.229s] [01m[K/home/ari/ros-tut/src/clear_turtles.cpp:15:18:[m[K [01;31m[Kerror: [m[Kâ€˜[01m[Kros_tut[m[Kâ€™ was not declared in this scope
[2.229s]    15 |   rclcpp::Client<[01;31m[Kros_tut[m[K::srv::Success>::SharedPtr client =
[2.229s]       |                  [01;31m[K^~~~~~~[m[K
[2.229s] [01m[K/home/ari/ros-tut/src/clear_turtles.cpp:15:39:[m[K [01;31m[Kerror: [m[Ktemplate argument 1 is invalid
[2.229s]    15 |   rclcpp::Client<ros_tut::srv::Success[01;31m[K>[m[K::SharedPtr client =
[2.229s]       |                                       [01;31m[K^[m[K
[2.229s] [01m[K/home/ari/ros-tut/src/clear_turtles.cpp:15:52:[m[K [01;31m[Kerror: [m[Kqualified-id in declaration before â€˜[01m[Kclient[m[Kâ€™
[2.229s]    15 |   rclcpp::Client<ros_tut::srv::Success>::SharedPtr [01;31m[Kclient[m[K =
[2.229s]       |                                                    [01;31m[K^~~~~~[m[K
[2.230s] [01m[K/home/ari/ros-tut/src/clear_turtles.cpp:18:35:[m[K [01;31m[Kerror: [m[Kâ€˜[01m[Kturtlesim[m[Kâ€™ was not declared in this scope
[2.230s]    18 |   auto request = std::make_shared<[01;31m[Kturtlesim[m[K::srv::Success::Request>();
[2.230s]       |                                   [01;31m[K^~~~~~~~~[m[K
[2.230s] [01m[K/home/ari/ros-tut/src/clear_turtles.cpp:18:23:[m[K [01;31m[Kerror: [m[Kparse error in template argument list
[2.230s]    18 |   auto request = std::[01;31m[Kmake_shared<turtlesim::srv::Success::Request>[m[K();
[2.230s]       |                       [01;31m[K^~~~~~~~~~~~~~~~~~~~~~~~~~~~~~~~~~~~~~~~~~~~~[m[K
[2.230s] [01m[K/home/ari/ros-tut/src/clear_turtles.cpp:18:69:[m[K [01;31m[Kerror: [m[Kno matching function for call to â€˜[01m[Kmake_shared<<expression error> >()[m[Kâ€™
[2.230s]    18 |   auto request = std::make_shared<turtlesim::srv::Success::Request>([01;31m[K)[m[K;
[2.230s]       |                                                                     [01;31m[K^[m[K
[2.231s] In file included from [01m[K/usr/include/c++/9/memory:81[m[K,
[2.231s]                  from [01m[K/home/ari/ros-tut/src/clear_turtles.cpp:3[m[K:
[2.231s] [01m[K/usr/include/c++/9/bits/shared_ptr.h:714:5:[m[K [01;36m[Knote: [m[Kcandidate: â€˜[01m[Ktemplate<class _Tp, class ... _Args> std::shared_ptr<_Tp> std::make_shared(_Args&& ...)[m[Kâ€™
[2.231s]   714 |     [01;36m[Kmake_shared[m[K(_Args&&... __args)
[2.231s]       |     [01;36m[K^~~~~~~~~~~[m[K
[2.231s] [01m[K/usr/include/c++/9/bits/shared_ptr.h:714:5:[m[K [01;36m[Knote: [m[K  template argument deduction/substitution failed:
[2.231s] [01m[K/home/ari/ros-tut/src/clear_turtles.cpp:18:69:[m[K [01;31m[Kerror: [m[Ktemplate argument 1 is invalid
[2.231s]    18 |   auto request = std::make_shared<turtlesim::srv::Success::Request>([01;31m[K)[m[K;
[2.231s]       |                                                                     [01;31m[K^[m[K
[2.231s] [01m[K/home/ari/ros-tut/src/clear_turtles.cpp:22:17:[m[K [01;31m[Kerror: [m[Kâ€˜[01m[Kclient[m[Kâ€™ was not declared in this scope
[2.231s]    22 |   auto result = [01;31m[Kclient[m[K->async_send_request(request);
[2.231s]       |                 [01;31m[K^~~~~~[m[K
[3.030s] make[2]: *** [CMakeFiles/clear.dir/build.make:63: CMakeFiles/clear.dir/src/clear_turtles.cpp.o] Error 1
[3.030s] make[1]: *** [CMakeFiles/Makefile2:592: CMakeFiles/clear.dir/all] Error 2
[3.030s] make: *** [Makefile:141: all] Error 2
[3.035s] Invoked command in '/home/ari/ros-tut/build/ros_tut' returned '2': CMAKE_PREFIX_PATH=${CMAKE_PREFIX_PATH}:/opt/ros/foxy /usr/bin/cmake --build /home/ari/ros-tut/build/ros_tut -- -j8 -l8
