[01m[K/home/ari/ros-tut/src/clear_turtles.cpp:[m[K In function â€˜[01m[Kint main(int, char**)[m[Kâ€™:
[01m[K/home/ari/ros-tut/src/clear_turtles.cpp:14:18:[m[K [01;31m[Kerror: [m[Kâ€˜[01m[Kexample_interfaces[m[Kâ€™ was not declared in this scope; did you mean â€˜[01m[Krcl_interfaces[m[Kâ€™?
   14 |   rclcpp::Client<[01;31m[Kexample_interfaces[m[K::srv::Empty>::SharedPtr client =
      |                  [01;31m[K^~~~~~~~~~~~~~~~~~[m[K
      |                  [32m[Krcl_interfaces[m[K
[01m[K/home/ari/ros-tut/src/clear_turtles.cpp:14:48:[m[K [01;31m[Kerror: [m[Ktemplate argument 1 is invalid
   14 |   rclcpp::Client<example_interfaces::srv::Empty[01;31m[K>[m[K::SharedPtr client =
      |                                                [01;31m[K^[m[K
[01m[K/home/ari/ros-tut/src/clear_turtles.cpp:14:61:[m[K [01;31m[Kerror: [m[Kqualified-id in declaration before â€˜[01m[Kclient[m[Kâ€™
   14 |   rclcpp::Client<example_interfaces::srv::Empty>::SharedPtr [01;31m[Kclient[m[K =
      |                                                             [01;31m[K^~~~~~[m[K
[01m[K/home/ari/ros-tut/src/clear_turtles.cpp:17:35:[m[K [01;31m[Kerror: [m[Kâ€˜[01m[Kturtlesim[m[Kâ€™ was not declared in this scope
   17 |   auto request = std::make_shared<[01;31m[Kturtlesim[m[K::srv::clear::Request>();
      |                                   [01;31m[K^~~~~~~~~[m[K
[01m[K/home/ari/ros-tut/src/clear_turtles.cpp:17:23:[m[K [01;31m[Kerror: [m[Kparse error in template argument list
   17 |   auto request = std::[01;31m[Kmake_shared<turtlesim::srv::clear::Request>[m[K();
      |                       [01;31m[K^~~~~~~~~~~~~~~~~~~~~~~~~~~~~~~~~~~~~~~~~~~[m[K
[01m[K/home/ari/ros-tut/src/clear_turtles.cpp:17:67:[m[K [01;31m[Kerror: [m[Kno matching function for call to â€˜[01m[Kmake_shared<<expression error> >()[m[Kâ€™
   17 |   auto request = std::make_shared<turtlesim::srv::clear::Request>([01;31m[K)[m[K;
      |                                                                   [01;31m[K^[m[K
In file included from [01m[K/usr/include/c++/9/memory:81[m[K,
                 from [01m[K/home/ari/ros-tut/src/clear_turtles.cpp:3[m[K:
[01m[K/usr/include/c++/9/bits/shared_ptr.h:714:5:[m[K [01;36m[Knote: [m[Kcandidate: â€˜[01m[Ktemplate<class _Tp, class ... _Args> std::shared_ptr<_Tp> std::make_shared(_Args&& ...)[m[Kâ€™
  714 |     [01;36m[Kmake_shared[m[K(_Args&&... __args)
      |     [01;36m[K^~~~~~~~~~~[m[K
[01m[K/usr/include/c++/9/bits/shared_ptr.h:714:5:[m[K [01;36m[Knote: [m[K  template argument deduction/substitution failed:
[01m[K/home/ari/ros-tut/src/clear_turtles.cpp:17:67:[m[K [01;31m[Kerror: [m[Ktemplate argument 1 is invalid
   17 |   auto request = std::make_shared<turtlesim::srv::clear::Request>([01;31m[K)[m[K;
      |                                                                   [01;31m[K^[m[K
[01m[K/home/ari/ros-tut/src/clear_turtles.cpp:21:17:[m[K [01;31m[Kerror: [m[Kâ€˜[01m[Kclient[m[Kâ€™ was not declared in this scope
   21 |   auto result = [01;31m[Kclient[m[K->async_send_request(request);
      |                 [01;31m[K^~~~~~[m[K
make[2]: *** [CMakeFiles/clear.dir/build.make:63: CMakeFiles/clear.dir/src/clear_turtles.cpp.o] Error 1
make[1]: *** [CMakeFiles/Makefile2:592: CMakeFiles/clear.dir/all] Error 2
make: *** [Makefile:141: all] Error 2
