[0.019s] Invoking command in '/home/ari/ros-tut/build/ros_tut': CMAKE_PREFIX_PATH=${CMAKE_PREFIX_PATH}:/opt/ros/foxy /usr/bin/cmake --build /home/ari/ros-tut/build/ros_tut -- -j8 -l8
[0.085s] [  3%] Built target client
[0.085s] [  7%] Built target listener
[0.087s] [ 11%] Built target talker
[0.087s] [ 15%] Built target my_node
[0.089s] [ 19%] Built target server
[0.092s] [ 21%] Built target ros_tut__cpp
[0.102s] [35m[1mScanning dependencies of target clear[0m
[0.110s] [ 29%] Built target ros_tut__rosidl_generator_c
[0.128s] [ 31%] [32mBuilding CXX object CMakeFiles/clear.dir/src/clear_turtles.cpp.o[0m
[0.128s] [ 39%] Built target ros_tut__rosidl_typesupport_introspection_cpp
[0.133s] [ 47%] Built target ros_tut__rosidl_typesupport_cpp
[0.141s] [ 54%] Built target ros_tut__rosidl_typesupport_introspection_c
[0.145s] [ 62%] Built target ros_tut__rosidl_typesupport_fastrtps_cpp
[0.160s] [ 70%] Built target ros_tut__rosidl_typesupport_c
[0.168s] [ 78%] Built target ros_tut__rosidl_typesupport_fastrtps_c
[0.180s] [ 78%] Built target ros_tut
[0.192s] [ 80%] Built target ros_tut__py
[0.213s] [ 86%] Built target ros_tut__python
[0.233s] [ 90%] Built target ros_tut__rosidl_typesupport_c__pyext
[0.233s] [ 94%] Built target ros_tut__rosidl_typesupport_fastrtps_c__pyext
[0.237s] [ 98%] Built target ros_tut__rosidl_typesupport_introspection_c__pyext
[0.736s] [01m[K/home/ari/ros-tut/src/clear_turtles.cpp:[m[K In function â€˜[01m[Kint main(int, char**)[m[Kâ€™:
[0.736s] [01m[K/home/ari/ros-tut/src/clear_turtles.cpp:14:18:[m[K [01;31m[Kerror: [m[Kâ€˜[01m[Kexample_interfaces[m[Kâ€™ was not declared in this scope; did you mean â€˜[01m[Krcl_interfaces[m[Kâ€™?
[0.736s]    14 |   rclcpp::Client<[01;31m[Kexample_interfaces[m[K::srv::Empty>::SharedPtr client =
[0.736s]       |                  [01;31m[K^~~~~~~~~~~~~~~~~~[m[K
[0.736s]       |                  [32m[Krcl_interfaces[m[K
[0.736s] [01m[K/home/ari/ros-tut/src/clear_turtles.cpp:14:48:[m[K [01;31m[Kerror: [m[Ktemplate argument 1 is invalid
[0.736s]    14 |   rclcpp::Client<example_interfaces::srv::Empty[01;31m[K>[m[K::SharedPtr client =
[0.736s]       |                                                [01;31m[K^[m[K
[0.736s] [01m[K/home/ari/ros-tut/src/clear_turtles.cpp:14:61:[m[K [01;31m[Kerror: [m[Kqualified-id in declaration before â€˜[01m[Kclient[m[Kâ€™
[0.736s]    14 |   rclcpp::Client<example_interfaces::srv::Empty>::SharedPtr [01;31m[Kclient[m[K =
[0.736s]       |                                                             [01;31m[K^~~~~~[m[K
[0.737s] [01m[K/home/ari/ros-tut/src/clear_turtles.cpp:17:35:[m[K [01;31m[Kerror: [m[Kâ€˜[01m[Kturtlesim[m[Kâ€™ was not declared in this scope
[0.737s]    17 |   auto request = std::make_shared<[01;31m[Kturtlesim[m[K::srv::clear::Request>();
[0.737s]       |                                   [01;31m[K^~~~~~~~~[m[K
[0.737s] [01m[K/home/ari/ros-tut/src/clear_turtles.cpp:17:23:[m[K [01;31m[Kerror: [m[Kparse error in template argument list
[0.737s]    17 |   auto request = std::[01;31m[Kmake_shared<turtlesim::srv::clear::Request>[m[K();
[0.737s]       |                       [01;31m[K^~~~~~~~~~~~~~~~~~~~~~~~~~~~~~~~~~~~~~~~~~~[m[K
[0.737s] [01m[K/home/ari/ros-tut/src/clear_turtles.cpp:17:67:[m[K [01;31m[Kerror: [m[Kno matching function for call to â€˜[01m[Kmake_shared<<expression error> >()[m[Kâ€™
[0.737s]    17 |   auto request = std::make_shared<turtlesim::srv::clear::Request>([01;31m[K)[m[K;
[0.737s]       |                                                                   [01;31m[K^[m[K
[0.737s] In file included from [01m[K/usr/include/c++/9/memory:81[m[K,
[0.737s]                  from [01m[K/home/ari/ros-tut/src/clear_turtles.cpp:3[m[K:
[0.737s] [01m[K/usr/include/c++/9/bits/shared_ptr.h:714:5:[m[K [01;36m[Knote: [m[Kcandidate: â€˜[01m[Ktemplate<class _Tp, class ... _Args> std::shared_ptr<_Tp> std::make_shared(_Args&& ...)[m[Kâ€™
[0.737s]   714 |     [01;36m[Kmake_shared[m[K(_Args&&... __args)
[0.737s]       |     [01;36m[K^~~~~~~~~~~[m[K
[0.737s] [01m[K/usr/include/c++/9/bits/shared_ptr.h:714:5:[m[K [01;36m[Knote: [m[K  template argument deduction/substitution failed:
[0.737s] [01m[K/home/ari/ros-tut/src/clear_turtles.cpp:17:67:[m[K [01;31m[Kerror: [m[Ktemplate argument 1 is invalid
[0.737s]    17 |   auto request = std::make_shared<turtlesim::srv::clear::Request>([01;31m[K)[m[K;
[0.737s]       |                                                                   [01;31m[K^[m[K
[0.738s] [01m[K/home/ari/ros-tut/src/clear_turtles.cpp:21:17:[m[K [01;31m[Kerror: [m[Kâ€˜[01m[Kclient[m[Kâ€™ was not declared in this scope
[0.738s]    21 |   auto result = [01;31m[Kclient[m[K->async_send_request(request);
[0.738s]       |                 [01;31m[K^~~~~~[m[K
[0.985s] make[2]: *** [CMakeFiles/clear.dir/build.make:63: CMakeFiles/clear.dir/src/clear_turtles.cpp.o] Error 1
[0.985s] make[1]: *** [CMakeFiles/Makefile2:592: CMakeFiles/clear.dir/all] Error 2
[0.986s] make: *** [Makefile:141: all] Error 2
[0.989s] Invoked command in '/home/ari/ros-tut/build/ros_tut' returned '2': CMAKE_PREFIX_PATH=${CMAKE_PREFIX_PATH}:/opt/ros/foxy /usr/bin/cmake --build /home/ari/ros-tut/build/ros_tut -- -j8 -l8
