[01m[K/home/ari/ros-tut/src/clear_turtles.cpp:12:10:[m[K [01;31m[Kfatal error: [m[Krclcpp/rclcpp.hpp: No such file or directory
   12 | #include [01;31m[K"rclcpp/rclcpp.hpp"[m[K
      |          [01;31m[K^~~~~~~~~~~~~~~~~~~[m[K
compilation terminated.
make[2]: *** [CMakeFiles/turtle_request.dir/build.make:63: CMakeFiles/turtle_request.dir/src/clear_turtles.cpp.o] Error 1
make[1]: *** [CMakeFiles/Makefile2:702: CMakeFiles/turtle_request.dir/all] Error 2
make[1]: *** Waiting for unfinished jobs....
[01m[K/home/ari/ros-tut/src/clear_turtles.cpp:17:3:[m[K [01;31m[Kerror: [m[Kâ€˜[01m[Kkill_turtles[m[Kâ€™ does not name a type
   17 |   [01;31m[Kkill_turtles[m[K::kill_turtles(
      |   [01;31m[K^~~~~~~~~~~~[m[K
[01m[K/home/ari/ros-tut/src/clear_turtles.cpp:24:8:[m[K [01;31m[Kerror: [m[Kâ€˜[01m[Kkill_turtles[m[Kâ€™ has not been declared
   24 |   void [01;31m[Kkill_turtles[m[K::clear()
      |        [01;31m[K^~~~~~~~~~~~[m[K
[01m[K/home/ari/ros-tut/src/clear_turtles.cpp:[m[K In function â€˜[01m[Kvoid composition::clear()[m[Kâ€™:
[01m[K/home/ari/ros-tut/src/clear_turtles.cpp:26:10:[m[K [01;31m[Kerror: [m[Kâ€˜[01m[Kclient_[m[Kâ€™ was not declared in this scope
   26 |     if (![01;31m[Kclient_[m[K->wait_for_service(1s)) {
      |          [01;31m[K^~~~~~~[m[K
In file included from [01m[K/opt/ros/foxy/include/rclcpp/service.hpp:34[m[K,
                 from [01m[K/opt/ros/foxy/include/rclcpp/callback_group.hpp:25[m[K,
                 from [01m[K/opt/ros/foxy/include/rclcpp/any_executable.hpp:20[m[K,
                 from [01m[K/opt/ros/foxy/include/rclcpp/memory_strategy.hpp:24[m[K,
                 from [01m[K/opt/ros/foxy/include/rclcpp/memory_strategies.hpp:18[m[K,
                 from [01m[K/opt/ros/foxy/include/rclcpp/executor_options.hpp:20[m[K,
                 from [01m[K/opt/ros/foxy/include/rclcpp/executor.hpp:33[m[K,
                 from [01m[K/opt/ros/foxy/include/rclcpp/executors/multi_threaded_executor.hpp:25[m[K,
                 from [01m[K/opt/ros/foxy/include/rclcpp/executors.hpp:21[m[K,
                 from [01m[K/opt/ros/foxy/include/rclcpp/rclcpp.hpp:146[m[K,
                 from [01m[K/home/ari/ros-tut/src/clear_turtles.cpp:12[m[K:
[01m[K/home/ari/ros-tut/src/clear_turtles.cpp:29:11:[m[K [01;31m[Kerror: [m[Kinvalid use of â€˜[01m[Kthis[m[Kâ€™ in non-member function
   29 |           [01;31m[Kthis[m[K->get_logger(),
      |           [01;31m[K^~~~[m[K
[01m[K/home/ari/ros-tut/src/clear_turtles.cpp:29:11:[m[K [01;31m[Kerror: [m[Kinvalid use of â€˜[01m[Kthis[m[Kâ€™ in non-member function
[01m[K/home/ari/ros-tut/src/clear_turtles.cpp:28:9:[m[K [01;31m[Kerror: [m[Ktemplate argument 1 is invalid
   28 |         [01;31m[KRCLCPP_ERROR[m[K(
      |         [01;31m[K^~~~~~~~~~~~[m[K
[01m[K/home/ari/ros-tut/src/clear_turtles.cpp:28:9:[m[K [01;31m[Kerror: [m[Ktemplate argument 1 is invalid
   28 |         [01;31m[KRCLCPP_ERROR[m[K(
      |         [01;31m[K^~~~~~~~~~~~[m[K
[01m[K/home/ari/ros-tut/src/clear_turtles.cpp:28:9:[m[K [01;31m[Kerror: [m[Ktemplate argument 1 is invalid
   28 |         [01;31m[KRCLCPP_ERROR[m[K(
      |         [01;31m[K^~~~~~~~~~~~[m[K
In file included from [01m[K/opt/ros/foxy/include/rclcpp/client.hpp:40[m[K,
                 from [01m[K/opt/ros/foxy/include/rclcpp/callback_group.hpp:23[m[K,
                 from [01m[K/opt/ros/foxy/include/rclcpp/any_executable.hpp:20[m[K,
                 from [01m[K/opt/ros/foxy/include/rclcpp/memory_strategy.hpp:24[m[K,
                 from [01m[K/opt/ros/foxy/include/rclcpp/memory_strategies.hpp:18[m[K,
                 from [01m[K/opt/ros/foxy/include/rclcpp/executor_options.hpp:20[m[K,
                 from [01m[K/opt/ros/foxy/include/rclcpp/executor.hpp:33[m[K,
                 from [01m[K/opt/ros/foxy/include/rclcpp/executors/multi_threaded_executor.hpp:25[m[K,
                 from [01m[K/opt/ros/foxy/include/rclcpp/executors.hpp:21[m[K,
                 from [01m[K/opt/ros/foxy/include/rclcpp/rclcpp.hpp:146[m[K,
                 from [01m[K/home/ari/ros-tut/src/clear_turtles.cpp:12[m[K:
[01m[K/home/ari/ros-tut/src/clear_turtles.cpp:29:11:[m[K [01;31m[Kerror: [m[Kinvalid use of â€˜[01m[Kthis[m[Kâ€™ in non-member function
   29 |           [01;31m[Kthis[m[K->get_logger(),
      |           [01;31m[K^~~~[m[K
[01m[K/home/ari/ros-tut/src/clear_turtles.cpp:29:11:[m[K [01;31m[Kerror: [m[Kinvalid use of â€˜[01m[Kthis[m[Kâ€™ in non-member function
   29 |           [01;31m[Kthis[m[K->get_logger(),
      |           [01;31m[K^~~~[m[K
In file included from [01m[K/opt/ros/foxy/include/rclcpp/service.hpp:34[m[K,
                 from [01m[K/opt/ros/foxy/include/rclcpp/callback_group.hpp:25[m[K,
                 from [01m[K/opt/ros/foxy/include/rclcpp/any_executable.hpp:20[m[K,
                 from [01m[K/opt/ros/foxy/include/rclcpp/memory_strategy.hpp:24[m[K,
                 from [01m[K/opt/ros/foxy/include/rclcpp/memory_strategies.hpp:18[m[K,
                 from [01m[K/opt/ros/foxy/include/rclcpp/executor_options.hpp:20[m[K,
                 from [01m[K/opt/ros/foxy/include/rclcpp/executor.hpp:33[m[K,
                 from [01m[K/opt/ros/foxy/include/rclcpp/executors/multi_threaded_executor.hpp:25[m[K,
                 from [01m[K/opt/ros/foxy/include/rclcpp/executors.hpp:21[m[K,
                 from [01m[K/opt/ros/foxy/include/rclcpp/rclcpp.hpp:146[m[K,
                 from [01m[K/home/ari/ros-tut/src/clear_turtles.cpp:12[m[K:
[01m[K/home/ari/ros-tut/src/clear_turtles.cpp:33:19:[m[K [01;31m[Kerror: [m[Kinvalid use of â€˜[01m[Kthis[m[Kâ€™ in non-member function
   33 |       RCLCPP_INFO([01;31m[Kthis[m[K->get_logger(), "Service not available after waiting");
      |                   [01;31m[K^~~~[m[K
[01m[K/home/ari/ros-tut/src/clear_turtles.cpp:33:19:[m[K [01;31m[Kerror: [m[Kinvalid use of â€˜[01m[Kthis[m[Kâ€™ in non-member function
[01m[K/home/ari/ros-tut/src/clear_turtles.cpp:33:7:[m[K [01;31m[Kerror: [m[Ktemplate argument 1 is invalid
   33 |       [01;31m[KRCLCPP_INFO[m[K(this->get_logger(), "Service not available after waiting");
      |       [01;31m[K^~~~~~~~~~~[m[K
[01m[K/home/ari/ros-tut/src/clear_turtles.cpp:33:7:[m[K [01;31m[Kerror: [m[Ktemplate argument 1 is invalid
   33 |       [01;31m[KRCLCPP_INFO[m[K(this->get_logger(), "Service not available after waiting");
      |       [01;31m[K^~~~~~~~~~~[m[K
[01m[K/home/ari/ros-tut/src/clear_turtles.cpp:33:7:[m[K [01;31m[Kerror: [m[Ktemplate argument 1 is invalid
   33 |       [01;31m[KRCLCPP_INFO[m[K(this->get_logger(), "Service not available after waiting");
      |       [01;31m[K^~~~~~~~~~~[m[K
In file included from [01m[K/opt/ros/foxy/include/rclcpp/client.hpp:40[m[K,
                 from [01m[K/opt/ros/foxy/include/rclcpp/callback_group.hpp:23[m[K,
                 from [01m[K/opt/ros/foxy/include/rclcpp/any_executable.hpp:20[m[K,
                 from [01m[K/opt/ros/foxy/include/rclcpp/memory_strategy.hpp:24[m[K,
                 from [01m[K/opt/ros/foxy/include/rclcpp/memory_strategies.hpp:18[m[K,
                 from [01m[K/opt/ros/foxy/include/rclcpp/executor_options.hpp:20[m[K,
                 from [01m[K/opt/ros/foxy/include/rclcpp/executor.hpp:33[m[K,
                 from [01m[K/opt/ros/foxy/include/rclcpp/executors/multi_threaded_executor.hpp:25[m[K,
                 from [01m[K/opt/ros/foxy/include/rclcpp/executors.hpp:21[m[K,
                 from [01m[K/opt/ros/foxy/include/rclcpp/rclcpp.hpp:146[m[K,
                 from [01m[K/home/ari/ros-tut/src/clear_turtles.cpp:12[m[K:
[01m[K/home/ari/ros-tut/src/clear_turtles.cpp:33:19:[m[K [01;31m[Kerror: [m[Kinvalid use of â€˜[01m[Kthis[m[Kâ€™ in non-member function
   33 |       RCLCPP_INFO([01;31m[Kthis[m[K->get_logger(), "Service not available after waiting");
      |                   [01;31m[K^~~~[m[K
[01m[K/home/ari/ros-tut/src/clear_turtles.cpp:33:19:[m[K [01;31m[Kerror: [m[Kinvalid use of â€˜[01m[Kthis[m[Kâ€™ in non-member function
   33 |       RCLCPP_INFO([01;31m[Kthis[m[K->get_logger(), "Service not available after waiting");
      |                   [01;31m[K^~~~[m[K
[01m[K/home/ari/ros-tut/src/clear_turtles.cpp:36:35:[m[K [01;31m[Kerror: [m[Kâ€˜[01m[Kturtlesim[m[Kâ€™ was not declared in this scope
   36 |   auto request = std::make_shared<[01;31m[Kturtlesim[m[K::srv::Empty::Request>();
      |                                   [01;31m[K^~~~~~~~~[m[K
[01m[K/home/ari/ros-tut/src/clear_turtles.cpp:36:23:[m[K [01;31m[Kerror: [m[Kparse error in template argument list
   36 |   auto request = std::[01;31m[Kmake_shared<turtlesim::srv::Empty::Request>[m[K();
      |                       [01;31m[K^~~~~~~~~~~~~~~~~~~~~~~~~~~~~~~~~~~~~~~~~~~[m[K
[01m[K/home/ari/ros-tut/src/clear_turtles.cpp:36:67:[m[K [01;31m[Kerror: [m[Kno matching function for call to â€˜[01m[Kmake_shared<<expression error> >()[m[Kâ€™
   36 |   auto request = std::make_shared<turtlesim::srv::Empty::Request>([01;31m[K)[m[K;
      |                                                                   [01;31m[K^[m[K
In file included from [01m[K/usr/include/c++/9/memory:81[m[K,
                 from [01m[K/home/ari/ros-tut/src/clear_turtles.cpp:3[m[K:
[01m[K/usr/include/c++/9/bits/shared_ptr.h:714:5:[m[K [01;36m[Knote: [m[Kcandidate: â€˜[01m[Ktemplate<class _Tp, class ... _Args> std::shared_ptr<_Tp> std::make_shared(_Args&& ...)[m[Kâ€™
  714 |     [01;36m[Kmake_shared[m[K(_Args&&... __args)
      |     [01;36m[K^~~~~~~~~~~[m[K
[01m[K/usr/include/c++/9/bits/shared_ptr.h:714:5:[m[K [01;36m[Knote: [m[K  template argument deduction/substitution failed:
[01m[K/home/ari/ros-tut/src/clear_turtles.cpp:36:67:[m[K [01;31m[Kerror: [m[Ktemplate argument 1 is invalid
   36 |   auto request = std::make_shared<turtlesim::srv::Empty::Request>([01;31m[K)[m[K;
      |                                                                   [01;31m[K^[m[K
[01m[K/home/ari/ros-tut/src/clear_turtles.cpp:39:13:[m[K [01;31m[Kerror: [m[Kâ€˜[01m[Kkill_turtles[m[Kâ€™ in namespace â€˜[01m[Krclcpp[m[Kâ€™ does not name a template type
   39 |     rclcpp::[01;31m[Kkill_turtles[m[K<turtlesim::srv::Empty>::SharedFuture;
      |             [01;31m[K^~~~~~~~~~~~[m[K
[01m[K/home/ari/ros-tut/src/clear_turtles.cpp:40:38:[m[K [01;31m[Kerror: [m[Kinvalid use of â€˜[01m[Kthis[m[Kâ€™ in non-member function
   40 |   auto response_received_callback = [[01;31m[Kthis[m[K](ServiceResponseFuture future) {
      |                                      [01;31m[K^~~~[m[K
[01m[K/home/ari/ros-tut/src/clear_turtles.cpp:40:44:[m[K [01;31m[Kerror: [m[Kâ€˜[01m[KServiceResponseFuture[m[Kâ€™ has not been declared
   40 |   auto response_received_callback = [this]([01;31m[KServiceResponseFuture[m[K future) {
      |                                            [01;31m[K^~~~~~~~~~~~~~~~~~~~~[m[K
In file included from [01m[K/opt/ros/foxy/include/rclcpp/service.hpp:34[m[K,
                 from [01m[K/opt/ros/foxy/include/rclcpp/callback_group.hpp:25[m[K,
                 from [01m[K/opt/ros/foxy/include/rclcpp/any_executable.hpp:20[m[K,
                 from [01m[K/opt/ros/foxy/include/rclcpp/memory_strategy.hpp:24[m[K,
                 from [01m[K/opt/ros/foxy/include/rclcpp/memory_strategies.hpp:18[m[K,
                 from [01m[K/opt/ros/foxy/include/rclcpp/executor_options.hpp:20[m[K,
                 from [01m[K/opt/ros/foxy/include/rclcpp/executor.hpp:33[m[K,
                 from [01m[K/opt/ros/foxy/include/rclcpp/executors/multi_threaded_executor.hpp:25[m[K,
                 from [01m[K/opt/ros/foxy/include/rclcpp/executors.hpp:21[m[K,
                 from [01m[K/opt/ros/foxy/include/rclcpp/rclcpp.hpp:146[m[K,
                 from [01m[K/home/ari/ros-tut/src/clear_turtles.cpp:12[m[K:
[01m[K/home/ari/ros-tut/src/clear_turtles.cpp:[m[K In lambda function:
[01m[K/home/ari/ros-tut/src/clear_turtles.cpp:41:19:[m[K [01;31m[Kerror: [m[Kinvalid use of â€˜[01m[Kthis[m[Kâ€™ in non-member function
   41 |       RCLCPP_INFO([01;31m[Kthis[m[K->get_logger(), "Got result: [%" PRId64 "]", future.get()->sum);
      |                   [01;31m[K^~~~[m[K
[01m[K/home/ari/ros-tut/src/clear_turtles.cpp:41:19:[m[K [01;31m[Kerror: [m[Kinvalid use of â€˜[01m[Kthis[m[Kâ€™ in non-member function
[01m[K/home/ari/ros-tut/src/clear_turtles.cpp:41:7:[m[K [01;31m[Kerror: [m[Ktemplate argument 1 is invalid
   41 |       [01;31m[KRCLCPP_INFO[m[K(this->get_logger(), "Got result: [%" PRId64 "]", future.get()->sum);
      |       [01;31m[K^~~~~~~~~~~[m[K
[01m[K/home/ari/ros-tut/src/clear_turtles.cpp:41:7:[m[K [01;31m[Kerror: [m[Ktemplate argument 1 is invalid
   41 |       [01;31m[KRCLCPP_INFO[m[K(this->get_logger(), "Got result: [%" PRId64 "]", future.get()->sum);
      |       [01;31m[K^~~~~~~~~~~[m[K
[01m[K/home/ari/ros-tut/src/clear_turtles.cpp:41:7:[m[K [01;31m[Kerror: [m[Ktemplate argument 1 is invalid
   41 |       [01;31m[KRCLCPP_INFO[m[K(this->get_logger(), "Got result: [%" PRId64 "]", future.get()->sum);
      |       [01;31m[K^~~~~~~~~~~[m[K
In file included from [01m[K/opt/ros/foxy/include/rclcpp/client.hpp:40[m[K,
                 from [01m[K/opt/ros/foxy/include/rclcpp/callback_group.hpp:23[m[K,
                 from [01m[K/opt/ros/foxy/include/rclcpp/any_executable.hpp:20[m[K,
                 from [01m[K/opt/ros/foxy/include/rclcpp/memory_strategy.hpp:24[m[K,
                 from [01m[K/opt/ros/foxy/include/rclcpp/memory_strategies.hpp:18[m[K,
                 from [01m[K/opt/ros/foxy/include/rclcpp/executor_options.hpp:20[m[K,
                 from [01m[K/opt/ros/foxy/include/rclcpp/executor.hpp:33[m[K,
                 from [01m[K/opt/ros/foxy/include/rclcpp/executors/multi_threaded_executor.hpp:25[m[K,
                 from [01m[K/opt/ros/foxy/include/rclcpp/executors.hpp:21[m[K,
                 from [01m[K/opt/ros/foxy/include/rclcpp/rclcpp.hpp:146[m[K,
                 from [01m[K/home/ari/ros-tut/src/clear_turtles.cpp:12[m[K:
[01m[K/home/ari/ros-tut/src/clear_turtles.cpp:41:19:[m[K [01;31m[Kerror: [m[Kâ€˜[01m[Kthis[m[Kâ€™ was not captured for this lambda function
   41 |       RCLCPP_INFO([01;31m[Kthis[m[K->get_logger(), "Got result: [%" PRId64 "]", future.get()->sum);
      |                   [01;31m[K^~~~[m[K
[01m[K/home/ari/ros-tut/src/clear_turtles.cpp:41:19:[m[K [01;31m[Kerror: [m[Kâ€˜[01m[Kthis[m[Kâ€™ was not captured for this lambda function
   41 |       RCLCPP_INFO([01;31m[Kthis[m[K->get_logger(), "Got result: [%" PRId64 "]", future.get()->sum);
      |                   [01;31m[K^~~~[m[K
[01m[K/home/ari/ros-tut/src/clear_turtles.cpp:41:56:[m[K [01;31m[Kerror: [m[Kexpected â€˜[01m[K)[m[Kâ€™ before â€˜[01m[KPRId64[m[Kâ€™
   41 |       RCLCPP_INFO(this->get_logger(), "Got result: [%" [01;31m[KPRId64[m[K "]", future.get()->sum);
      |                                                        [01;31m[K^~~~~~[m[K
[01m[K/home/ari/ros-tut/src/clear_turtles.cpp:41:7:[m[K [01;36m[Knote: [m[Kto match this â€˜[01m[K([m[Kâ€™
   41 |       [01;36m[KRCLCPP_INFO[m[K(this->get_logger(), "Got result: [%" PRId64 "]", future.get()->sum);
      |       [01;36m[K^~~~~~~~~~~[m[K
[01m[K/home/ari/ros-tut/src/clear_turtles.cpp:41:75:[m[K [01;31m[Kerror: [m[Krequest for member â€˜[01m[Kget[m[Kâ€™ in â€˜[01m[Kfuture[m[Kâ€™, which is of non-class type â€˜[01m[Kint[m[Kâ€™
   41 |       RCLCPP_INFO(this->get_logger(), "Got result: [%" PRId64 "]", future.[01;31m[Kget[m[K()->sum);
      |                                                                           [01;31m[K^~~[m[K
[01m[K/home/ari/ros-tut/src/clear_turtles.cpp:[m[K In function â€˜[01m[Kvoid composition::clear()[m[Kâ€™:
[01m[K/home/ari/ros-tut/src/clear_turtles.cpp:43:24:[m[K [01;31m[Kerror: [m[Kâ€˜[01m[Kclient_[m[Kâ€™ was not declared in this scope
   43 |   auto future_result = [01;31m[Kclient_[m[K->async_send_request(request, response_received_callback);
      |                        [01;31m[K^~~~~~~[m[K
make[2]: *** [CMakeFiles/clear.dir/build.make:63: CMakeFiles/clear.dir/src/clear_turtles.cpp.o] Error 1
make[1]: *** [CMakeFiles/Makefile2:243: CMakeFiles/clear.dir/all] Error 2
make: *** [Makefile:141: all] Error 2
