[0.000000] (-) TimerEvent: {}
[0.000096] (ros_tut) JobQueued: {'identifier': 'ros_tut', 'dependencies': OrderedDict()}
[0.000134] (ros_tut) JobStarted: {'identifier': 'ros_tut'}
[0.012417] (ros_tut) JobProgress: {'identifier': 'ros_tut', 'progress': 'cmake'}
[0.014387] (ros_tut) JobProgress: {'identifier': 'ros_tut', 'progress': 'build'}
[0.014444] (ros_tut) Command: {'cmd': ['/usr/bin/cmake', '--build', '/home/ari/ros_tut/build/ros_tut', '--', '-j8', '-l8'], 'cwd': '/home/ari/ros_tut/build/ros_tut', 'env': OrderedDict([('GJS_DEBUG_TOPICS', 'JS ERROR;JS LOG'), ('LESSOPEN', '| /usr/bin/lesspipe %s'), ('USER', 'ari'), ('SSH_AGENT_PID', '1734'), ('XDG_SESSION_TYPE', 'x11'), ('GIT_ASKPASS', '/usr/share/code/resources/app/extensions/git/dist/askpass.sh'), ('SHLVL', '1'), ('LD_LIBRARY_PATH', '/opt/ros/foxy/opt/yaml_cpp_vendor/lib:/opt/ros/foxy/opt/rviz_ogre_vendor/lib:/opt/ros/foxy/lib/aarch64-linux-gnu:/opt/ros/foxy/lib'), ('HOME', '/home/ari'), ('CHROME_DESKTOP', 'code-url-handler.desktop'), ('TERM_PROGRAM_VERSION', '1.57.0'), ('DESKTOP_SESSION', 'ubuntu'), ('GIO_LAUNCHED_DESKTOP_FILE', '/usr/share/applications/code.desktop'), ('ROS_PYTHON_VERSION', '3'), ('GNOME_SHELL_SESSION_MODE', 'ubuntu'), ('GTK_MODULES', 'gail:atk-bridge'), ('VSCODE_GIT_ASKPASS_MAIN', '/usr/share/code/resources/app/extensions/git/dist/askpass-main.js'), ('VSCODE_GIT_ASKPASS_NODE', '/usr/share/code/code'), ('MANAGERPID', '1524'), ('DBUS_SESSION_BUS_ADDRESS', 'unix:path=/run/user/1000/bus'), ('COLORTERM', 'truecolor'), ('GIO_LAUNCHED_DESKTOP_FILE_PID', '2261'), ('_colcon_cd_root', '/home/ari/ros2_install'), ('IM_CONFIG_PHASE', '1'), ('ROS_DISTRO', 'foxy'), ('LOGNAME', 'ari'), ('JOURNAL_STREAM', '9:35705'), ('_', '/home/ari/.local/bin/colcon'), ('ROS_VERSION', '2'), ('XDG_SESSION_CLASS', 'user'), ('USERNAME', 'ari'), ('TERM', 'xterm-256color'), ('GNOME_DESKTOP_SESSION_ID', 'this-is-deprecated'), ('ROS_LOCALHOST_ONLY', '0'), ('WINDOWPATH', '2'), ('PATH', '/home/ari/.local/bin:/opt/ros/foxy/bin:/home/ari/.local/bin:/usr/local/sbin:/usr/local/bin:/usr/sbin:/usr/bin:/sbin:/bin:/usr/games:/usr/local/games:/snap/bin'), ('SESSION_MANAGER', 'local/ari-ubuntu:@/tmp/.ICE-unix/1830,unix/ari-ubuntu:/tmp/.ICE-unix/1830'), ('INVOCATION_ID', 'ddfe11af678d4b5087654806caaa1044'), ('XDG_MENU_PREFIX', 'gnome-'), ('XDG_RUNTIME_DIR', '/run/user/1000'), ('GDK_BACKEND', 'x11'), ('DISPLAY', ':0'), ('LANG', 'en_US.UTF-8'), ('XDG_CURRENT_DESKTOP', 'Unity'), ('XMODIFIERS', '@im=ibus'), ('XDG_SESSION_DESKTOP', 'ubuntu'), ('XAUTHORITY', '/run/user/1000/gdm/Xauthority'), ('LS_COLORS', 'rs=0:di=01;34:ln=01;36:mh=00:pi=40;33:so=01;35:do=01;35:bd=40;33;01:cd=40;33;01:or=40;31;01:mi=00:su=37;41:sg=30;43:ca=30;41:tw=30;42:ow=34;42:st=37;44:ex=01;32:*.tar=01;31:*.tgz=01;31:*.arc=01;31:*.arj=01;31:*.taz=01;31:*.lha=01;31:*.lz4=01;31:*.lzh=01;31:*.lzma=01;31:*.tlz=01;31:*.txz=01;31:*.tzo=01;31:*.t7z=01;31:*.zip=01;31:*.z=01;31:*.dz=01;31:*.gz=01;31:*.lrz=01;31:*.lz=01;31:*.lzo=01;31:*.xz=01;31:*.zst=01;31:*.tzst=01;31:*.bz2=01;31:*.bz=01;31:*.tbz=01;31:*.tbz2=01;31:*.tz=01;31:*.deb=01;31:*.rpm=01;31:*.jar=01;31:*.war=01;31:*.ear=01;31:*.sar=01;31:*.rar=01;31:*.alz=01;31:*.ace=01;31:*.zoo=01;31:*.cpio=01;31:*.7z=01;31:*.rz=01;31:*.cab=01;31:*.wim=01;31:*.swm=01;31:*.dwm=01;31:*.esd=01;31:*.jpg=01;35:*.jpeg=01;35:*.mjpg=01;35:*.mjpeg=01;35:*.gif=01;35:*.bmp=01;35:*.pbm=01;35:*.pgm=01;35:*.ppm=01;35:*.tga=01;35:*.xbm=01;35:*.xpm=01;35:*.tif=01;35:*.tiff=01;35:*.png=01;35:*.svg=01;35:*.svgz=01;35:*.mng=01;35:*.pcx=01;35:*.mov=01;35:*.mpg=01;35:*.mpeg=01;35:*.m2v=01;35:*.mkv=01;35:*.webm=01;35:*.ogm=01;35:*.mp4=01;35:*.m4v=01;35:*.mp4v=01;35:*.vob=01;35:*.qt=01;35:*.nuv=01;35:*.wmv=01;35:*.asf=01;35:*.rm=01;35:*.rmvb=01;35:*.flc=01;35:*.avi=01;35:*.fli=01;35:*.flv=01;35:*.gl=01;35:*.dl=01;35:*.xcf=01;35:*.xwd=01;35:*.yuv=01;35:*.cgm=01;35:*.emf=01;35:*.ogv=01;35:*.ogx=01;35:*.aac=00;36:*.au=00;36:*.flac=00;36:*.m4a=00;36:*.mid=00;36:*.midi=00;36:*.mka=00;36:*.mp3=00;36:*.mpc=00;36:*.ogg=00;36:*.ra=00;36:*.wav=00;36:*.oga=00;36:*.opus=00;36:*.spx=00;36:*.xspf=00;36:'), ('VSCODE_GIT_IPC_HANDLE', '/run/user/1000/vscode-git-bf9f2c4739.sock'), ('TERM_PROGRAM', 'vscode'), ('SSH_AUTH_SOCK', '/run/user/1000/keyring/ssh'), ('AMENT_PREFIX_PATH', '/opt/ros/foxy'), ('ORIGINAL_XDG_CURRENT_DESKTOP', 'ubuntu:GNOME'), ('SHELL', '/bin/bash'), ('QT_ACCESSIBILITY', '1'), ('GDMSESSION', 'ubuntu'), ('LESSCLOSE', '/usr/bin/lesspipe %s %s'), ('GPG_AGENT_INFO', '/run/user/1000/gnupg/S.gpg-agent:0:1'), ('GJS_DEBUG_OUTPUT', 'stderr'), ('QT_IM_MODULE', 'ibus'), ('PWD', '/home/ari/ros_tut/build/ros_tut'), ('XDG_CONFIG_DIRS', '/etc/xdg/xdg-ubuntu:/etc/xdg'), ('XDG_DATA_DIRS', '/usr/share/ubuntu:/usr/local/share/:/usr/share/:/var/lib/snapd/desktop'), ('PYTHONPATH', '/opt/ros/foxy/lib/python3.8/site-packages'), ('BREAKPAD_DUMP_LOCATION', '/home/ari/.config/Code/exthost Crash Reports'), ('COLCON', '1'), ('CMAKE_PREFIX_PATH', '/opt/ros/foxy')]), 'shell': False}
[0.030413] (ros_tut) StderrLine: {'line': b'CMake Error: The current CMakeCache.txt directory /home/ari/ros_tut/build/ros_tut/CMakeCache.txt is different than the directory /home/ari/ros-tut/build/ros_tut where CMakeCache.txt was created. This may result in binaries being created in the wrong place. If you are not sure, reedit the CMakeCache.txt\n'}
[0.057922] (ros_tut) StderrLine: {'line': b"/bin/sh: 1: cd: can't cd to /home/ari/ros-tut/build/ros_tut\n"}
[0.058805] (ros_tut) StderrLine: {'line': b'make[2]: *** [CMakeFiles/ros_tut__cpp.dir/build.make:151: CMakeFiles/ros_tut__cpp.dir/depend] Error 2\n'}
[0.058888] (ros_tut) StderrLine: {'line': b'make[1]: *** [CMakeFiles/Makefile2:645: CMakeFiles/ros_tut__cpp.dir/all] Error 2\n'}
[0.059809] (ros_tut) StderrLine: {'line': b'make[1]: *** Waiting for unfinished jobs....\n'}
[0.059878] (ros_tut) StderrLine: {'line': b"/bin/sh: 1: cd: can't cd to /home/ari/ros-tut/build/ros_tut\n"}
[0.059942] (ros_tut) StderrLine: {'line': b"/bin/sh: 1: cd: can't cd to /home/ari/ros-tut/build/ros_tut\n"}
[0.059996] (ros_tut) StderrLine: {'line': b"/bin/sh: 1: cd: can't cd to /home/ari/ros-tut/build/ros_tut\n"}
[0.060069] (ros_tut) StderrLine: {'line': b'make[2]: *** [CMakeFiles/client.dir/build.make:158: CMakeFiles/client.dir/depend] Error 2\n'}
[0.060660] (ros_tut) StderrLine: {'line': b"/bin/sh: 1: cd: can't cd to /home/ari/ros-tut/build/ros_tut\n"}
[0.060951] (ros_tut) StderrLine: {'line': b'make[2]: *** [CMakeFiles/my_node.dir/build.make:96: CMakeFiles/my_node.dir/depend] Error 2\n'}
[0.061023] (ros_tut) StderrLine: {'line': b'make[2]: *** [CMakeFiles/ros_tut__rosidl_generator_c.dir/build.make:203: CMakeFiles/ros_tut__rosidl_generator_c.dir/depend] Error 2\n'}
[0.061077] (ros_tut) StderrLine: {'line': b'make[1]: *** [CMakeFiles/Makefile2:132: CMakeFiles/client.dir/all] Error 2\n'}
[0.061114] (ros_tut) StderrLine: {'line': b'make[1]: *** [CMakeFiles/Makefile2:213: CMakeFiles/my_node.dir/all] Error 2\n'}
[0.061183] (ros_tut) StderrLine: {'line': b'make[1]: *** [CMakeFiles/Makefile2:422: CMakeFiles/ros_tut__rosidl_generator_c.dir/all] Error 2\n'}
[0.061455] (ros_tut) StderrLine: {'line': b'make[2]: *** [CMakeFiles/server.dir/build.make:158: CMakeFiles/server.dir/depend] Error 2\n'}
[0.061564] (ros_tut) StderrLine: {'line': b'make[1]: *** [CMakeFiles/Makefile2:159: CMakeFiles/server.dir/all] Error 2\n'}
[0.063209] (ros_tut) StderrLine: {'line': b"/bin/sh: 1: cd: can't cd to /home/ari/ros-tut/build/ros_tut\n"}
[0.063340] (ros_tut) StderrLine: {'line': b"/bin/sh: 1: cd: can't cd to /home/ari/ros-tut/build/ros_tut\n"}
[0.063392] (ros_tut) StderrLine: {'line': b'make[2]: *** [CMakeFiles/clear.dir/build.make:148: CMakeFiles/clear.dir/depend] Error 2\n'}
[0.064224] (ros_tut) StderrLine: {'line': b'make[1]: *** [CMakeFiles/Makefile2:591: CMakeFiles/clear.dir/all] Error 2\n'}
[0.064317] (ros_tut) StderrLine: {'line': b'make[2]: *** [CMakeFiles/listener.dir/build.make:143: CMakeFiles/listener.dir/depend] Error 2\n'}
[0.064358] (ros_tut) StderrLine: {'line': b'make[1]: *** [CMakeFiles/Makefile2:186: CMakeFiles/listener.dir/all] Error 2\n'}
[0.064410] (ros_tut) StderrLine: {'line': b"/bin/sh: 1: cd: can't cd to /home/ari/ros-tut/build/ros_tut\n"}
[0.064451] (ros_tut) StderrLine: {'line': b'make[2]: *** [CMakeFiles/talker.dir/build.make:143: CMakeFiles/talker.dir/depend] Error 2\n'}
[0.064770] (ros_tut) StderrLine: {'line': b'make[1]: *** [CMakeFiles/Makefile2:240: CMakeFiles/talker.dir/all] Error 2\n'}
[0.065525] (ros_tut) StderrLine: {'line': b'make: *** [Makefile:141: all] Error 2\n'}
[0.066857] (ros_tut) CommandEnded: {'returncode': 2}
[0.098134] (-) TimerEvent: {}
[0.180772] (ros_tut) JobEnded: {'identifier': 'ros_tut', 'rc': 2}
[0.191378] (-) EventReactorShutdown: {}
