<?xml version="1.0" encoding="UTF-8"?>
<testsuite
  name="ros_tut.lint_cmake"
  tests="423"
  errors="0"
  failures="389"
  time="0.102"
>
  <testcase
    name="whitespace/mismatch (CMakeLists.txt:31)"
    classname="ros_tut.lint_cmake"
  >
      <failure message="Mismatching spaces inside () after command"/>
  </testcase>
  <testcase
    name="whitespace/indent (CMakeLists.txt:35)"
    classname="ros_tut.lint_cmake"
  >
      <failure message="Weird indentation; use 2 spaces"/>
  </testcase>
  <testcase
    name="whitespace/eol (CMakeLists.txt:52)"
    classname="ros_tut.lint_cmake"
  >
      <failure message="Line ends in whitespace"/>
  </testcase>
  <testcase
    name="whitespace/eol (CMakeLists.txt:58)"
    classname="ros_tut.lint_cmake"
  >
      <failure message="Line ends in whitespace"/>
  </testcase>
  <testcase
    name="whitespace/tabs (CMakeLists.txt:59)"
    classname="ros_tut.lint_cmake"
  >
      <failure message="Tab found; please use spaces"/>
  </testcase>
  <testcase
    name="whitespace/tabs (CMakeLists.txt:61)"
    classname="ros_tut.lint_cmake"
  >
      <failure message="Tab found; please use spaces"/>
  </testcase>
  <testcase
    name="whitespace/tabs (CMakeLists.txt:63)"
    classname="ros_tut.lint_cmake"
  >
      <failure message="Tab found; please use spaces"/>
  </testcase>
  <testcase
    name="whitespace/tabs (CMakeLists.txt:64)"
    classname="ros_tut.lint_cmake"
  >
      <failure message="Tab found; please use spaces"/>
  </testcase>
  <testcase
    name="whitespace/tabs (CMakeLists.txt:65)"
    classname="ros_tut.lint_cmake"
  >
      <failure message="Tab found; please use spaces"/>
  </testcase>
  <testcase
    name="whitespace/tabs (CMakeLists.txt:66)"
    classname="ros_tut.lint_cmake"
  >
      <failure message="Tab found; please use spaces"/>
  </testcase>
  <testcase
    name="whitespace/eol (CMakeLists.txt:71)"
    classname="ros_tut.lint_cmake"
  >
      <failure message="Line ends in whitespace"/>
  </testcase>
  <testcase
    name="build/ros_tut/CTestCustom.cmake"
    classname="ros_tut.lint_cmake"/>
  <testcase
    name="whitespace/eol (build/ros_tut/CTestTestfile.cmake:1)"
    classname="ros_tut.lint_cmake"
  >
      <failure message="Line ends in whitespace"/>
  </testcase>
  <testcase
    name="whitespace/eol (build/ros_tut/CTestTestfile.cmake:4)"
    classname="ros_tut.lint_cmake"
  >
      <failure message="Line ends in whitespace"/>
  </testcase>
  <testcase
    name="whitespace/eol (build/ros_tut/CTestTestfile.cmake:5)"
    classname="ros_tut.lint_cmake"
  >
      <failure message="Line ends in whitespace"/>
  </testcase>
  <testcase
    name="linelength (build/ros_tut/CTestTestfile.cmake:7)"
    classname="ros_tut.lint_cmake"
  >
      <failure message="Lines should be &lt;= 80 characters long"/>
  </testcase>
  <testcase
    name="whitespace/indent (build/ros_tut/cmake_install.cmake:13)"
    classname="ros_tut.lint_cmake"
  >
      <failure message="Weird indentation; use 2 spaces"/>
  </testcase>
  <testcase
    name="whitespace/indent (build/ros_tut/cmake_install.cmake:58)"
    classname="ros_tut.lint_cmake"
  >
      <failure message="Weird indentation; use 2 spaces"/>
  </testcase>
  <testcase
    name="whitespace/indent (build/ros_tut/cmake_install.cmake:60)"
    classname="ros_tut.lint_cmake"
  >
      <failure message="Weird indentation; use 2 spaces"/>
  </testcase>
  <testcase
    name="whitespace/indent (build/ros_tut/cmake_install.cmake:61)"
    classname="ros_tut.lint_cmake"
  >
      <failure message="Weird indentation; use 2 spaces"/>
  </testcase>
  <testcase
    name="whitespace/indent (build/ros_tut/cmake_install.cmake:65)"
    classname="ros_tut.lint_cmake"
  >
      <failure message="Weird indentation; use 2 spaces"/>
  </testcase>
  <testcase
    name="whitespace/indent (build/ros_tut/cmake_install.cmake:67)"
    classname="ros_tut.lint_cmake"
  >
      <failure message="Weird indentation; use 2 spaces"/>
  </testcase>
  <testcase
    name="whitespace/indent (build/ros_tut/cmake_install.cmake:68)"
    classname="ros_tut.lint_cmake"
  >
      <failure message="Weird indentation; use 2 spaces"/>
  </testcase>
  <testcase
    name="whitespace/indent (build/ros_tut/cmake_install.cmake:69)"
    classname="ros_tut.lint_cmake"
  >
      <failure message="Weird indentation; use 2 spaces"/>
  </testcase>
  <testcase
    name="whitespace/indent (build/ros_tut/cmake_install.cmake:85)"
    classname="ros_tut.lint_cmake"
  >
      <failure message="Weird indentation; use 2 spaces"/>
  </testcase>
  <testcase
    name="whitespace/indent (build/ros_tut/cmake_install.cmake:87)"
    classname="ros_tut.lint_cmake"
  >
      <failure message="Weird indentation; use 2 spaces"/>
  </testcase>
  <testcase
    name="whitespace/indent (build/ros_tut/cmake_install.cmake:88)"
    classname="ros_tut.lint_cmake"
  >
      <failure message="Weird indentation; use 2 spaces"/>
  </testcase>
  <testcase
    name="whitespace/indent (build/ros_tut/cmake_install.cmake:92)"
    classname="ros_tut.lint_cmake"
  >
      <failure message="Weird indentation; use 2 spaces"/>
  </testcase>
  <testcase
    name="whitespace/indent (build/ros_tut/cmake_install.cmake:94)"
    classname="ros_tut.lint_cmake"
  >
      <failure message="Weird indentation; use 2 spaces"/>
  </testcase>
  <testcase
    name="whitespace/indent (build/ros_tut/cmake_install.cmake:95)"
    classname="ros_tut.lint_cmake"
  >
      <failure message="Weird indentation; use 2 spaces"/>
  </testcase>
  <testcase
    name="whitespace/indent (build/ros_tut/cmake_install.cmake:96)"
    classname="ros_tut.lint_cmake"
  >
      <failure message="Weird indentation; use 2 spaces"/>
  </testcase>
  <testcase
    name="whitespace/indent (build/ros_tut/cmake_install.cmake:112)"
    classname="ros_tut.lint_cmake"
  >
      <failure message="Weird indentation; use 2 spaces"/>
  </testcase>
  <testcase
    name="whitespace/indent (build/ros_tut/cmake_install.cmake:114)"
    classname="ros_tut.lint_cmake"
  >
      <failure message="Weird indentation; use 2 spaces"/>
  </testcase>
  <testcase
    name="whitespace/indent (build/ros_tut/cmake_install.cmake:115)"
    classname="ros_tut.lint_cmake"
  >
      <failure message="Weird indentation; use 2 spaces"/>
  </testcase>
  <testcase
    name="whitespace/indent (build/ros_tut/cmake_install.cmake:119)"
    classname="ros_tut.lint_cmake"
  >
      <failure message="Weird indentation; use 2 spaces"/>
  </testcase>
  <testcase
    name="whitespace/indent (build/ros_tut/cmake_install.cmake:121)"
    classname="ros_tut.lint_cmake"
  >
      <failure message="Weird indentation; use 2 spaces"/>
  </testcase>
  <testcase
    name="whitespace/indent (build/ros_tut/cmake_install.cmake:122)"
    classname="ros_tut.lint_cmake"
  >
      <failure message="Weird indentation; use 2 spaces"/>
  </testcase>
  <testcase
    name="whitespace/indent (build/ros_tut/cmake_install.cmake:123)"
    classname="ros_tut.lint_cmake"
  >
      <failure message="Weird indentation; use 2 spaces"/>
  </testcase>
  <testcase
    name="whitespace/indent (build/ros_tut/cmake_install.cmake:139)"
    classname="ros_tut.lint_cmake"
  >
      <failure message="Weird indentation; use 2 spaces"/>
  </testcase>
  <testcase
    name="whitespace/indent (build/ros_tut/cmake_install.cmake:141)"
    classname="ros_tut.lint_cmake"
  >
      <failure message="Weird indentation; use 2 spaces"/>
  </testcase>
  <testcase
    name="whitespace/indent (build/ros_tut/cmake_install.cmake:142)"
    classname="ros_tut.lint_cmake"
  >
      <failure message="Weird indentation; use 2 spaces"/>
  </testcase>
  <testcase
    name="whitespace/indent (build/ros_tut/cmake_install.cmake:146)"
    classname="ros_tut.lint_cmake"
  >
      <failure message="Weird indentation; use 2 spaces"/>
  </testcase>
  <testcase
    name="whitespace/indent (build/ros_tut/cmake_install.cmake:148)"
    classname="ros_tut.lint_cmake"
  >
      <failure message="Weird indentation; use 2 spaces"/>
  </testcase>
  <testcase
    name="whitespace/indent (build/ros_tut/cmake_install.cmake:149)"
    classname="ros_tut.lint_cmake"
  >
      <failure message="Weird indentation; use 2 spaces"/>
  </testcase>
  <testcase
    name="whitespace/indent (build/ros_tut/cmake_install.cmake:150)"
    classname="ros_tut.lint_cmake"
  >
      <failure message="Weird indentation; use 2 spaces"/>
  </testcase>
  <testcase
    name="whitespace/indent (build/ros_tut/cmake_install.cmake:162)"
    classname="ros_tut.lint_cmake"
  >
      <failure message="Weird indentation; use 2 spaces"/>
  </testcase>
  <testcase
    name="whitespace/indent (build/ros_tut/cmake_install.cmake:164)"
    classname="ros_tut.lint_cmake"
  >
      <failure message="Weird indentation; use 2 spaces"/>
  </testcase>
  <testcase
    name="whitespace/indent (build/ros_tut/cmake_install.cmake:165)"
    classname="ros_tut.lint_cmake"
  >
      <failure message="Weird indentation; use 2 spaces"/>
  </testcase>
  <testcase
    name="whitespace/indent (build/ros_tut/cmake_install.cmake:169)"
    classname="ros_tut.lint_cmake"
  >
      <failure message="Weird indentation; use 2 spaces"/>
  </testcase>
  <testcase
    name="whitespace/indent (build/ros_tut/cmake_install.cmake:171)"
    classname="ros_tut.lint_cmake"
  >
      <failure message="Weird indentation; use 2 spaces"/>
  </testcase>
  <testcase
    name="whitespace/indent (build/ros_tut/cmake_install.cmake:172)"
    classname="ros_tut.lint_cmake"
  >
      <failure message="Weird indentation; use 2 spaces"/>
  </testcase>
  <testcase
    name="whitespace/indent (build/ros_tut/cmake_install.cmake:173)"
    classname="ros_tut.lint_cmake"
  >
      <failure message="Weird indentation; use 2 spaces"/>
  </testcase>
  <testcase
    name="whitespace/indent (build/ros_tut/cmake_install.cmake:193)"
    classname="ros_tut.lint_cmake"
  >
      <failure message="Weird indentation; use 2 spaces"/>
  </testcase>
  <testcase
    name="whitespace/indent (build/ros_tut/cmake_install.cmake:195)"
    classname="ros_tut.lint_cmake"
  >
      <failure message="Weird indentation; use 2 spaces"/>
  </testcase>
  <testcase
    name="whitespace/indent (build/ros_tut/cmake_install.cmake:196)"
    classname="ros_tut.lint_cmake"
  >
      <failure message="Weird indentation; use 2 spaces"/>
  </testcase>
  <testcase
    name="whitespace/indent (build/ros_tut/cmake_install.cmake:200)"
    classname="ros_tut.lint_cmake"
  >
      <failure message="Weird indentation; use 2 spaces"/>
  </testcase>
  <testcase
    name="whitespace/indent (build/ros_tut/cmake_install.cmake:202)"
    classname="ros_tut.lint_cmake"
  >
      <failure message="Weird indentation; use 2 spaces"/>
  </testcase>
  <testcase
    name="whitespace/indent (build/ros_tut/cmake_install.cmake:203)"
    classname="ros_tut.lint_cmake"
  >
      <failure message="Weird indentation; use 2 spaces"/>
  </testcase>
  <testcase
    name="whitespace/indent (build/ros_tut/cmake_install.cmake:204)"
    classname="ros_tut.lint_cmake"
  >
      <failure message="Weird indentation; use 2 spaces"/>
  </testcase>
  <testcase
    name="whitespace/indent (build/ros_tut/cmake_install.cmake:216)"
    classname="ros_tut.lint_cmake"
  >
      <failure message="Weird indentation; use 2 spaces"/>
  </testcase>
  <testcase
    name="whitespace/indent (build/ros_tut/cmake_install.cmake:218)"
    classname="ros_tut.lint_cmake"
  >
      <failure message="Weird indentation; use 2 spaces"/>
  </testcase>
  <testcase
    name="whitespace/indent (build/ros_tut/cmake_install.cmake:219)"
    classname="ros_tut.lint_cmake"
  >
      <failure message="Weird indentation; use 2 spaces"/>
  </testcase>
  <testcase
    name="whitespace/indent (build/ros_tut/cmake_install.cmake:223)"
    classname="ros_tut.lint_cmake"
  >
      <failure message="Weird indentation; use 2 spaces"/>
  </testcase>
  <testcase
    name="whitespace/indent (build/ros_tut/cmake_install.cmake:225)"
    classname="ros_tut.lint_cmake"
  >
      <failure message="Weird indentation; use 2 spaces"/>
  </testcase>
  <testcase
    name="whitespace/indent (build/ros_tut/cmake_install.cmake:226)"
    classname="ros_tut.lint_cmake"
  >
      <failure message="Weird indentation; use 2 spaces"/>
  </testcase>
  <testcase
    name="whitespace/indent (build/ros_tut/cmake_install.cmake:227)"
    classname="ros_tut.lint_cmake"
  >
      <failure message="Weird indentation; use 2 spaces"/>
  </testcase>
  <testcase
    name="whitespace/mismatch (build/ros_tut/cmake_install.cmake:250)"
    classname="ros_tut.lint_cmake"
  >
      <failure message="Mismatching spaces inside () after command"/>
  </testcase>
  <testcase
    name="whitespace/indent (build/ros_tut/cmake_install.cmake:267)"
    classname="ros_tut.lint_cmake"
  >
      <failure message="Weird indentation; use 2 spaces"/>
  </testcase>
  <testcase
    name="whitespace/indent (build/ros_tut/cmake_install.cmake:269)"
    classname="ros_tut.lint_cmake"
  >
      <failure message="Weird indentation; use 2 spaces"/>
  </testcase>
  <testcase
    name="whitespace/indent (build/ros_tut/cmake_install.cmake:270)"
    classname="ros_tut.lint_cmake"
  >
      <failure message="Weird indentation; use 2 spaces"/>
  </testcase>
  <testcase
    name="whitespace/indent (build/ros_tut/cmake_install.cmake:274)"
    classname="ros_tut.lint_cmake"
  >
      <failure message="Weird indentation; use 2 spaces"/>
  </testcase>
  <testcase
    name="whitespace/indent (build/ros_tut/cmake_install.cmake:276)"
    classname="ros_tut.lint_cmake"
  >
      <failure message="Weird indentation; use 2 spaces"/>
  </testcase>
  <testcase
    name="whitespace/indent (build/ros_tut/cmake_install.cmake:277)"
    classname="ros_tut.lint_cmake"
  >
      <failure message="Weird indentation; use 2 spaces"/>
  </testcase>
  <testcase
    name="whitespace/indent (build/ros_tut/cmake_install.cmake:278)"
    classname="ros_tut.lint_cmake"
  >
      <failure message="Weird indentation; use 2 spaces"/>
  </testcase>
  <testcase
    name="whitespace/indent (build/ros_tut/cmake_install.cmake:290)"
    classname="ros_tut.lint_cmake"
  >
      <failure message="Weird indentation; use 2 spaces"/>
  </testcase>
  <testcase
    name="whitespace/indent (build/ros_tut/cmake_install.cmake:292)"
    classname="ros_tut.lint_cmake"
  >
      <failure message="Weird indentation; use 2 spaces"/>
  </testcase>
  <testcase
    name="whitespace/indent (build/ros_tut/cmake_install.cmake:293)"
    classname="ros_tut.lint_cmake"
  >
      <failure message="Weird indentation; use 2 spaces"/>
  </testcase>
  <testcase
    name="whitespace/indent (build/ros_tut/cmake_install.cmake:297)"
    classname="ros_tut.lint_cmake"
  >
      <failure message="Weird indentation; use 2 spaces"/>
  </testcase>
  <testcase
    name="whitespace/indent (build/ros_tut/cmake_install.cmake:299)"
    classname="ros_tut.lint_cmake"
  >
      <failure message="Weird indentation; use 2 spaces"/>
  </testcase>
  <testcase
    name="whitespace/indent (build/ros_tut/cmake_install.cmake:300)"
    classname="ros_tut.lint_cmake"
  >
      <failure message="Weird indentation; use 2 spaces"/>
  </testcase>
  <testcase
    name="whitespace/indent (build/ros_tut/cmake_install.cmake:301)"
    classname="ros_tut.lint_cmake"
  >
      <failure message="Weird indentation; use 2 spaces"/>
  </testcase>
  <testcase
    name="whitespace/indent (build/ros_tut/cmake_install.cmake:313)"
    classname="ros_tut.lint_cmake"
  >
      <failure message="Weird indentation; use 2 spaces"/>
  </testcase>
  <testcase
    name="whitespace/indent (build/ros_tut/cmake_install.cmake:315)"
    classname="ros_tut.lint_cmake"
  >
      <failure message="Weird indentation; use 2 spaces"/>
  </testcase>
  <testcase
    name="whitespace/indent (build/ros_tut/cmake_install.cmake:316)"
    classname="ros_tut.lint_cmake"
  >
      <failure message="Weird indentation; use 2 spaces"/>
  </testcase>
  <testcase
    name="whitespace/indent (build/ros_tut/cmake_install.cmake:320)"
    classname="ros_tut.lint_cmake"
  >
      <failure message="Weird indentation; use 2 spaces"/>
  </testcase>
  <testcase
    name="whitespace/indent (build/ros_tut/cmake_install.cmake:322)"
    classname="ros_tut.lint_cmake"
  >
      <failure message="Weird indentation; use 2 spaces"/>
  </testcase>
  <testcase
    name="whitespace/indent (build/ros_tut/cmake_install.cmake:323)"
    classname="ros_tut.lint_cmake"
  >
      <failure message="Weird indentation; use 2 spaces"/>
  </testcase>
  <testcase
    name="whitespace/indent (build/ros_tut/cmake_install.cmake:324)"
    classname="ros_tut.lint_cmake"
  >
      <failure message="Weird indentation; use 2 spaces"/>
  </testcase>
  <testcase
    name="whitespace/indent (build/ros_tut/cmake_install.cmake:336)"
    classname="ros_tut.lint_cmake"
  >
      <failure message="Weird indentation; use 2 spaces"/>
  </testcase>
  <testcase
    name="whitespace/indent (build/ros_tut/cmake_install.cmake:338)"
    classname="ros_tut.lint_cmake"
  >
      <failure message="Weird indentation; use 2 spaces"/>
  </testcase>
  <testcase
    name="whitespace/indent (build/ros_tut/cmake_install.cmake:339)"
    classname="ros_tut.lint_cmake"
  >
      <failure message="Weird indentation; use 2 spaces"/>
  </testcase>
  <testcase
    name="whitespace/indent (build/ros_tut/cmake_install.cmake:343)"
    classname="ros_tut.lint_cmake"
  >
      <failure message="Weird indentation; use 2 spaces"/>
  </testcase>
  <testcase
    name="whitespace/indent (build/ros_tut/cmake_install.cmake:345)"
    classname="ros_tut.lint_cmake"
  >
      <failure message="Weird indentation; use 2 spaces"/>
  </testcase>
  <testcase
    name="whitespace/indent (build/ros_tut/cmake_install.cmake:346)"
    classname="ros_tut.lint_cmake"
  >
      <failure message="Weird indentation; use 2 spaces"/>
  </testcase>
  <testcase
    name="whitespace/indent (build/ros_tut/cmake_install.cmake:347)"
    classname="ros_tut.lint_cmake"
  >
      <failure message="Weird indentation; use 2 spaces"/>
  </testcase>
  <testcase
    name="whitespace/indent (build/ros_tut/cmake_install.cmake:399)"
    classname="ros_tut.lint_cmake"
  >
      <failure message="Weird indentation; use 2 spaces"/>
  </testcase>
  <testcase
    name="whitespace/indent (build/ros_tut/cmake_install.cmake:401)"
    classname="ros_tut.lint_cmake"
  >
      <failure message="Weird indentation; use 2 spaces"/>
  </testcase>
  <testcase
    name="whitespace/indent (build/ros_tut/cmake_install.cmake:402)"
    classname="ros_tut.lint_cmake"
  >
      <failure message="Weird indentation; use 2 spaces"/>
  </testcase>
  <testcase
    name="whitespace/indent (build/ros_tut/cmake_install.cmake:406)"
    classname="ros_tut.lint_cmake"
  >
      <failure message="Weird indentation; use 2 spaces"/>
  </testcase>
  <testcase
    name="whitespace/indent (build/ros_tut/cmake_install.cmake:415)"
    classname="ros_tut.lint_cmake"
  >
      <failure message="Weird indentation; use 2 spaces"/>
  </testcase>
  <testcase
    name="whitespace/indent (build/ros_tut/cmake_install.cmake:417)"
    classname="ros_tut.lint_cmake"
  >
      <failure message="Weird indentation; use 2 spaces"/>
  </testcase>
  <testcase
    name="whitespace/indent (build/ros_tut/cmake_install.cmake:418)"
    classname="ros_tut.lint_cmake"
  >
      <failure message="Weird indentation; use 2 spaces"/>
  </testcase>
  <testcase
    name="whitespace/indent (build/ros_tut/cmake_install.cmake:422)"
    classname="ros_tut.lint_cmake"
  >
      <failure message="Weird indentation; use 2 spaces"/>
  </testcase>
  <testcase
    name="whitespace/indent (build/ros_tut/cmake_install.cmake:424)"
    classname="ros_tut.lint_cmake"
  >
      <failure message="Weird indentation; use 2 spaces"/>
  </testcase>
  <testcase
    name="whitespace/indent (build/ros_tut/cmake_install.cmake:425)"
    classname="ros_tut.lint_cmake"
  >
      <failure message="Weird indentation; use 2 spaces"/>
  </testcase>
  <testcase
    name="whitespace/indent (build/ros_tut/cmake_install.cmake:426)"
    classname="ros_tut.lint_cmake"
  >
      <failure message="Weird indentation; use 2 spaces"/>
  </testcase>
  <testcase
    name="whitespace/indent (build/ros_tut/cmake_install.cmake:435)"
    classname="ros_tut.lint_cmake"
  >
      <failure message="Weird indentation; use 2 spaces"/>
  </testcase>
  <testcase
    name="whitespace/indent (build/ros_tut/cmake_install.cmake:437)"
    classname="ros_tut.lint_cmake"
  >
      <failure message="Weird indentation; use 2 spaces"/>
  </testcase>
  <testcase
    name="whitespace/indent (build/ros_tut/cmake_install.cmake:438)"
    classname="ros_tut.lint_cmake"
  >
      <failure message="Weird indentation; use 2 spaces"/>
  </testcase>
  <testcase
    name="whitespace/indent (build/ros_tut/cmake_install.cmake:442)"
    classname="ros_tut.lint_cmake"
  >
      <failure message="Weird indentation; use 2 spaces"/>
  </testcase>
  <testcase
    name="whitespace/indent (build/ros_tut/cmake_install.cmake:444)"
    classname="ros_tut.lint_cmake"
  >
      <failure message="Weird indentation; use 2 spaces"/>
  </testcase>
  <testcase
    name="whitespace/indent (build/ros_tut/cmake_install.cmake:445)"
    classname="ros_tut.lint_cmake"
  >
      <failure message="Weird indentation; use 2 spaces"/>
  </testcase>
  <testcase
    name="whitespace/indent (build/ros_tut/cmake_install.cmake:446)"
    classname="ros_tut.lint_cmake"
  >
      <failure message="Weird indentation; use 2 spaces"/>
  </testcase>
  <testcase
    name="whitespace/indent (build/ros_tut/cmake_install.cmake:455)"
    classname="ros_tut.lint_cmake"
  >
      <failure message="Weird indentation; use 2 spaces"/>
  </testcase>
  <testcase
    name="whitespace/indent (build/ros_tut/cmake_install.cmake:457)"
    classname="ros_tut.lint_cmake"
  >
      <failure message="Weird indentation; use 2 spaces"/>
  </testcase>
  <testcase
    name="whitespace/indent (build/ros_tut/cmake_install.cmake:458)"
    classname="ros_tut.lint_cmake"
  >
      <failure message="Weird indentation; use 2 spaces"/>
  </testcase>
  <testcase
    name="whitespace/indent (build/ros_tut/cmake_install.cmake:462)"
    classname="ros_tut.lint_cmake"
  >
      <failure message="Weird indentation; use 2 spaces"/>
  </testcase>
  <testcase
    name="whitespace/indent (build/ros_tut/cmake_install.cmake:464)"
    classname="ros_tut.lint_cmake"
  >
      <failure message="Weird indentation; use 2 spaces"/>
  </testcase>
  <testcase
    name="whitespace/indent (build/ros_tut/cmake_install.cmake:465)"
    classname="ros_tut.lint_cmake"
  >
      <failure message="Weird indentation; use 2 spaces"/>
  </testcase>
  <testcase
    name="whitespace/indent (build/ros_tut/cmake_install.cmake:466)"
    classname="ros_tut.lint_cmake"
  >
      <failure message="Weird indentation; use 2 spaces"/>
  </testcase>
  <testcase
    name="whitespace/indent (build/ros_tut/cmake_install.cmake:527)"
    classname="ros_tut.lint_cmake"
  >
      <failure message="Weird indentation; use 2 spaces"/>
  </testcase>
  <testcase
    name="whitespace/indent (build/ros_tut/cmake_install.cmake:528)"
    classname="ros_tut.lint_cmake"
  >
      <failure message="Weird indentation; use 2 spaces"/>
  </testcase>
  <testcase
    name="whitespace/indent (build/ros_tut/cmake_install.cmake:546)"
    classname="ros_tut.lint_cmake"
  >
      <failure message="Weird indentation; use 2 spaces"/>
  </testcase>
  <testcase
    name="whitespace/indent (build/ros_tut/cmake_install.cmake:547)"
    classname="ros_tut.lint_cmake"
  >
      <failure message="Weird indentation; use 2 spaces"/>
  </testcase>
  <testcase
    name="whitespace/indent (build/ros_tut/cmake_install.cmake:565)"
    classname="ros_tut.lint_cmake"
  >
      <failure message="Weird indentation; use 2 spaces"/>
  </testcase>
  <testcase
    name="whitespace/indent (build/ros_tut/cmake_install.cmake:566)"
    classname="ros_tut.lint_cmake"
  >
      <failure message="Weird indentation; use 2 spaces"/>
  </testcase>
  <testcase
    name="whitespace/indent (build/ros_tut/cmake_install.cmake:584)"
    classname="ros_tut.lint_cmake"
  >
      <failure message="Weird indentation; use 2 spaces"/>
  </testcase>
  <testcase
    name="whitespace/indent (build/ros_tut/cmake_install.cmake:585)"
    classname="ros_tut.lint_cmake"
  >
      <failure message="Weird indentation; use 2 spaces"/>
  </testcase>
  <testcase
    name="whitespace/indent (build/ros_tut/cmake_install.cmake:600)"
    classname="ros_tut.lint_cmake"
  >
      <failure message="Weird indentation; use 2 spaces"/>
  </testcase>
  <testcase
    name="whitespace/indent (build/ros_tut/cmake_install.cmake:601)"
    classname="ros_tut.lint_cmake"
  >
      <failure message="Weird indentation; use 2 spaces"/>
  </testcase>
  <testcase
    name="whitespace/indent (build/ros_tut/cmake_install.cmake:619)"
    classname="ros_tut.lint_cmake"
  >
      <failure message="Weird indentation; use 2 spaces"/>
  </testcase>
  <testcase
    name="whitespace/indent (build/ros_tut/cmake_install.cmake:620)"
    classname="ros_tut.lint_cmake"
  >
      <failure message="Weird indentation; use 2 spaces"/>
  </testcase>
  <testcase
    name="whitespace/mismatch (build/ros_tut/cmake_install.cmake:668)"
    classname="ros_tut.lint_cmake"
  >
      <failure message="Mismatching spaces inside () after command"/>
  </testcase>
  <testcase
    name="whitespace/indent (build/ros_tut/cmake_install.cmake:691)"
    classname="ros_tut.lint_cmake"
  >
      <failure message="Weird indentation; use 2 spaces"/>
  </testcase>
  <testcase
    name="whitespace/indent (build/ros_tut/cmake_install.cmake:693)"
    classname="ros_tut.lint_cmake"
  >
      <failure message="Weird indentation; use 2 spaces"/>
  </testcase>
  <testcase
    name="build/ros_tut/CMakeFiles/CMakeDirectoryInformation.cmake"
    classname="ros_tut.lint_cmake"/>
  <testcase
    name="whitespace/mismatch (build/ros_tut/CMakeFiles/Makefile.cmake:8)"
    classname="ros_tut.lint_cmake"
  >
      <failure message="Mismatching spaces inside () after command"/>
  </testcase>
  <testcase
    name="whitespace/mismatch (build/ros_tut/CMakeFiles/Makefile.cmake:775)"
    classname="ros_tut.lint_cmake"
  >
      <failure message="Mismatching spaces inside () after command"/>
  </testcase>
  <testcase
    name="whitespace/mismatch (build/ros_tut/CMakeFiles/Makefile.cmake:781)"
    classname="ros_tut.lint_cmake"
  >
      <failure message="Mismatching spaces inside () after command"/>
  </testcase>
  <testcase
    name="whitespace/mismatch (build/ros_tut/CMakeFiles/Makefile.cmake:831)"
    classname="ros_tut.lint_cmake"
  >
      <failure message="Mismatching spaces inside () after command"/>
  </testcase>
  <testcase
    name="whitespace/mismatch (build/ros_tut/CMakeFiles/3.16.3/CMakeCCompiler.cmake:30)"
    classname="ros_tut.lint_cmake"
  >
      <failure message="Mismatching spaces inside () after command"/>
  </testcase>
  <testcase
    name="whitespace/mismatch (build/ros_tut/CMakeFiles/3.16.3/CMakeCCompiler.cmake:31)"
    classname="ros_tut.lint_cmake"
  >
      <failure message="Mismatching spaces inside () after command"/>
  </testcase>
  <testcase
    name="whitespace/mismatch (build/ros_tut/CMakeFiles/3.16.3/CMakeCXXCompiler.cmake:32)"
    classname="ros_tut.lint_cmake"
  >
      <failure message="Mismatching spaces inside () after command"/>
  </testcase>
  <testcase
    name="whitespace/mismatch (build/ros_tut/CMakeFiles/3.16.3/CMakeCXXCompiler.cmake:33)"
    classname="ros_tut.lint_cmake"
  >
      <failure message="Mismatching spaces inside () after command"/>
  </testcase>
  <testcase
    name="whitespace/extra (build/ros_tut/CMakeFiles/3.16.3/CMakeCXXCompiler.cmake:48)"
    classname="ros_tut.lint_cmake"
  >
      <failure message="Extra spaces between 'foreach' and its ()"/>
  </testcase>
  <testcase
    name="whitespace/extra (build/ros_tut/CMakeFiles/3.16.3/CMakeCXXCompiler.cmake:49)"
    classname="ros_tut.lint_cmake"
  >
      <failure message="Extra spaces between 'if' and its ()"/>
  </testcase>
  <testcase
    name="build/ros_tut/CMakeFiles/3.16.3/CMakeSystem.cmake"
    classname="ros_tut.lint_cmake"/>
  <testcase
    name="whitespace/mismatch (build/ros_tut/CMakeFiles/Export/share/ros_tut/cmake/ros_tut__rosidl_generator_cExport-noconfig.cmake:10)"
    classname="ros_tut.lint_cmake"
  >
      <failure message="Mismatching spaces inside () after command"/>
  </testcase>
  <testcase
    name="whitespace/mismatch (build/ros_tut/CMakeFiles/Export/share/ros_tut/cmake/ros_tut__rosidl_generator_cExport-noconfig.cmake:15)"
    classname="ros_tut.lint_cmake"
  >
      <failure message="Mismatching spaces inside () after command"/>
  </testcase>
  <testcase
    name="whitespace/mismatch (build/ros_tut/CMakeFiles/Export/share/ros_tut/cmake/ros_tut__rosidl_generator_cExport-noconfig.cmake:16)"
    classname="ros_tut.lint_cmake"
  >
      <failure message="Mismatching spaces inside () after command"/>
  </testcase>
  <testcase
    name="whitespace/indent (build/ros_tut/CMakeFiles/Export/share/ros_tut/cmake/ros_tut__rosidl_generator_cExport.cmake:4)"
    classname="ros_tut.lint_cmake"
  >
      <failure message="Weird indentation; use 2 spaces"/>
  </testcase>
  <testcase
    name="whitespace/mismatch (build/ros_tut/CMakeFiles/Export/share/ros_tut/cmake/ros_tut__rosidl_generator_cExport.cmake:76)"
    classname="ros_tut.lint_cmake"
  >
      <failure message="Mismatching spaces inside () after command"/>
  </testcase>
  <testcase
    name="whitespace/mismatch (build/ros_tut/CMakeFiles/Export/share/ros_tut/cmake/ros_tut__rosidl_generator_cExport.cmake:77)"
    classname="ros_tut.lint_cmake"
  >
      <failure message="Mismatching spaces inside () after command"/>
  </testcase>
  <testcase
    name="whitespace/mismatch (build/ros_tut/CMakeFiles/Export/share/ros_tut/cmake/ros_tut__rosidl_generator_cExport.cmake:78)"
    classname="ros_tut.lint_cmake"
  >
      <failure message="Mismatching spaces inside () after command"/>
  </testcase>
  <testcase
    name="whitespace/indent (build/ros_tut/CMakeFiles/Export/share/ros_tut/cmake/ros_tut__rosidl_generator_cExport.cmake:80)"
    classname="ros_tut.lint_cmake"
  >
      <failure message="Weird indentation; use 2 spaces"/>
  </testcase>
  <testcase
    name="whitespace/indent (build/ros_tut/CMakeFiles/Export/share/ros_tut/cmake/ros_tut__rosidl_generator_cExport.cmake:85)"
    classname="ros_tut.lint_cmake"
  >
      <failure message="Weird indentation; use 2 spaces"/>
  </testcase>
  <testcase
    name="whitespace/indent (build/ros_tut/CMakeFiles/Export/share/ros_tut/cmake/ros_tut__rosidl_generator_cppExport.cmake:4)"
    classname="ros_tut.lint_cmake"
  >
      <failure message="Weird indentation; use 2 spaces"/>
  </testcase>
  <testcase
    name="whitespace/mismatch (build/ros_tut/CMakeFiles/Export/share/ros_tut/cmake/ros_tut__rosidl_generator_cppExport.cmake:76)"
    classname="ros_tut.lint_cmake"
  >
      <failure message="Mismatching spaces inside () after command"/>
  </testcase>
  <testcase
    name="whitespace/mismatch (build/ros_tut/CMakeFiles/Export/share/ros_tut/cmake/ros_tut__rosidl_generator_cppExport.cmake:77)"
    classname="ros_tut.lint_cmake"
  >
      <failure message="Mismatching spaces inside () after command"/>
  </testcase>
  <testcase
    name="whitespace/mismatch (build/ros_tut/CMakeFiles/Export/share/ros_tut/cmake/ros_tut__rosidl_generator_cppExport.cmake:78)"
    classname="ros_tut.lint_cmake"
  >
      <failure message="Mismatching spaces inside () after command"/>
  </testcase>
  <testcase
    name="whitespace/indent (build/ros_tut/CMakeFiles/Export/share/ros_tut/cmake/ros_tut__rosidl_generator_cppExport.cmake:80)"
    classname="ros_tut.lint_cmake"
  >
      <failure message="Weird indentation; use 2 spaces"/>
  </testcase>
  <testcase
    name="whitespace/indent (build/ros_tut/CMakeFiles/Export/share/ros_tut/cmake/ros_tut__rosidl_generator_cppExport.cmake:85)"
    classname="ros_tut.lint_cmake"
  >
      <failure message="Weird indentation; use 2 spaces"/>
  </testcase>
  <testcase
    name="whitespace/mismatch (build/ros_tut/CMakeFiles/Export/share/ros_tut/cmake/ros_tut__rosidl_typesupport_cExport-noconfig.cmake:10)"
    classname="ros_tut.lint_cmake"
  >
      <failure message="Mismatching spaces inside () after command"/>
  </testcase>
  <testcase
    name="whitespace/mismatch (build/ros_tut/CMakeFiles/Export/share/ros_tut/cmake/ros_tut__rosidl_typesupport_cExport-noconfig.cmake:15)"
    classname="ros_tut.lint_cmake"
  >
      <failure message="Mismatching spaces inside () after command"/>
  </testcase>
  <testcase
    name="whitespace/mismatch (build/ros_tut/CMakeFiles/Export/share/ros_tut/cmake/ros_tut__rosidl_typesupport_cExport-noconfig.cmake:16)"
    classname="ros_tut.lint_cmake"
  >
      <failure message="Mismatching spaces inside () after command"/>
  </testcase>
  <testcase
    name="whitespace/indent (build/ros_tut/CMakeFiles/Export/share/ros_tut/cmake/ros_tut__rosidl_typesupport_cExport.cmake:4)"
    classname="ros_tut.lint_cmake"
  >
      <failure message="Weird indentation; use 2 spaces"/>
  </testcase>
  <testcase
    name="whitespace/mismatch (build/ros_tut/CMakeFiles/Export/share/ros_tut/cmake/ros_tut__rosidl_typesupport_cExport.cmake:76)"
    classname="ros_tut.lint_cmake"
  >
      <failure message="Mismatching spaces inside () after command"/>
  </testcase>
  <testcase
    name="whitespace/mismatch (build/ros_tut/CMakeFiles/Export/share/ros_tut/cmake/ros_tut__rosidl_typesupport_cExport.cmake:77)"
    classname="ros_tut.lint_cmake"
  >
      <failure message="Mismatching spaces inside () after command"/>
  </testcase>
  <testcase
    name="whitespace/mismatch (build/ros_tut/CMakeFiles/Export/share/ros_tut/cmake/ros_tut__rosidl_typesupport_cExport.cmake:78)"
    classname="ros_tut.lint_cmake"
  >
      <failure message="Mismatching spaces inside () after command"/>
  </testcase>
  <testcase
    name="whitespace/indent (build/ros_tut/CMakeFiles/Export/share/ros_tut/cmake/ros_tut__rosidl_typesupport_cExport.cmake:80)"
    classname="ros_tut.lint_cmake"
  >
      <failure message="Weird indentation; use 2 spaces"/>
  </testcase>
  <testcase
    name="whitespace/indent (build/ros_tut/CMakeFiles/Export/share/ros_tut/cmake/ros_tut__rosidl_typesupport_cExport.cmake:85)"
    classname="ros_tut.lint_cmake"
  >
      <failure message="Weird indentation; use 2 spaces"/>
  </testcase>
  <testcase
    name="whitespace/mismatch (build/ros_tut/CMakeFiles/Export/share/ros_tut/cmake/ros_tut__rosidl_typesupport_cppExport-noconfig.cmake:10)"
    classname="ros_tut.lint_cmake"
  >
      <failure message="Mismatching spaces inside () after command"/>
  </testcase>
  <testcase
    name="whitespace/mismatch (build/ros_tut/CMakeFiles/Export/share/ros_tut/cmake/ros_tut__rosidl_typesupport_cppExport-noconfig.cmake:15)"
    classname="ros_tut.lint_cmake"
  >
      <failure message="Mismatching spaces inside () after command"/>
  </testcase>
  <testcase
    name="whitespace/mismatch (build/ros_tut/CMakeFiles/Export/share/ros_tut/cmake/ros_tut__rosidl_typesupport_cppExport-noconfig.cmake:16)"
    classname="ros_tut.lint_cmake"
  >
      <failure message="Mismatching spaces inside () after command"/>
  </testcase>
  <testcase
    name="whitespace/indent (build/ros_tut/CMakeFiles/Export/share/ros_tut/cmake/ros_tut__rosidl_typesupport_cppExport.cmake:4)"
    classname="ros_tut.lint_cmake"
  >
      <failure message="Weird indentation; use 2 spaces"/>
  </testcase>
  <testcase
    name="whitespace/mismatch (build/ros_tut/CMakeFiles/Export/share/ros_tut/cmake/ros_tut__rosidl_typesupport_cppExport.cmake:76)"
    classname="ros_tut.lint_cmake"
  >
      <failure message="Mismatching spaces inside () after command"/>
  </testcase>
  <testcase
    name="whitespace/mismatch (build/ros_tut/CMakeFiles/Export/share/ros_tut/cmake/ros_tut__rosidl_typesupport_cppExport.cmake:77)"
    classname="ros_tut.lint_cmake"
  >
      <failure message="Mismatching spaces inside () after command"/>
  </testcase>
  <testcase
    name="whitespace/mismatch (build/ros_tut/CMakeFiles/Export/share/ros_tut/cmake/ros_tut__rosidl_typesupport_cppExport.cmake:78)"
    classname="ros_tut.lint_cmake"
  >
      <failure message="Mismatching spaces inside () after command"/>
  </testcase>
  <testcase
    name="whitespace/indent (build/ros_tut/CMakeFiles/Export/share/ros_tut/cmake/ros_tut__rosidl_typesupport_cppExport.cmake:80)"
    classname="ros_tut.lint_cmake"
  >
      <failure message="Weird indentation; use 2 spaces"/>
  </testcase>
  <testcase
    name="whitespace/indent (build/ros_tut/CMakeFiles/Export/share/ros_tut/cmake/ros_tut__rosidl_typesupport_cppExport.cmake:85)"
    classname="ros_tut.lint_cmake"
  >
      <failure message="Weird indentation; use 2 spaces"/>
  </testcase>
  <testcase
    name="whitespace/mismatch (build/ros_tut/CMakeFiles/Export/share/ros_tut/cmake/ros_tut__rosidl_typesupport_introspection_cExport-noconfig.cmake:10)"
    classname="ros_tut.lint_cmake"
  >
      <failure message="Mismatching spaces inside () after command"/>
  </testcase>
  <testcase
    name="whitespace/mismatch (build/ros_tut/CMakeFiles/Export/share/ros_tut/cmake/ros_tut__rosidl_typesupport_introspection_cExport-noconfig.cmake:15)"
    classname="ros_tut.lint_cmake"
  >
      <failure message="Mismatching spaces inside () after command"/>
  </testcase>
  <testcase
    name="whitespace/mismatch (build/ros_tut/CMakeFiles/Export/share/ros_tut/cmake/ros_tut__rosidl_typesupport_introspection_cExport-noconfig.cmake:16)"
    classname="ros_tut.lint_cmake"
  >
      <failure message="Mismatching spaces inside () after command"/>
  </testcase>
  <testcase
    name="whitespace/indent (build/ros_tut/CMakeFiles/Export/share/ros_tut/cmake/ros_tut__rosidl_typesupport_introspection_cExport.cmake:4)"
    classname="ros_tut.lint_cmake"
  >
      <failure message="Weird indentation; use 2 spaces"/>
  </testcase>
  <testcase
    name="whitespace/mismatch (build/ros_tut/CMakeFiles/Export/share/ros_tut/cmake/ros_tut__rosidl_typesupport_introspection_cExport.cmake:75)"
    classname="ros_tut.lint_cmake"
  >
      <failure message="Mismatching spaces inside () after command"/>
  </testcase>
  <testcase
    name="whitespace/mismatch (build/ros_tut/CMakeFiles/Export/share/ros_tut/cmake/ros_tut__rosidl_typesupport_introspection_cExport.cmake:76)"
    classname="ros_tut.lint_cmake"
  >
      <failure message="Mismatching spaces inside () after command"/>
  </testcase>
  <testcase
    name="whitespace/mismatch (build/ros_tut/CMakeFiles/Export/share/ros_tut/cmake/ros_tut__rosidl_typesupport_introspection_cExport.cmake:77)"
    classname="ros_tut.lint_cmake"
  >
      <failure message="Mismatching spaces inside () after command"/>
  </testcase>
  <testcase
    name="whitespace/indent (build/ros_tut/CMakeFiles/Export/share/ros_tut/cmake/ros_tut__rosidl_typesupport_introspection_cExport.cmake:79)"
    classname="ros_tut.lint_cmake"
  >
      <failure message="Weird indentation; use 2 spaces"/>
  </testcase>
  <testcase
    name="whitespace/indent (build/ros_tut/CMakeFiles/Export/share/ros_tut/cmake/ros_tut__rosidl_typesupport_introspection_cExport.cmake:84)"
    classname="ros_tut.lint_cmake"
  >
      <failure message="Weird indentation; use 2 spaces"/>
  </testcase>
  <testcase
    name="whitespace/eol (build/ros_tut/CMakeFiles/Export/share/ros_tut/cmake/ros_tut__rosidl_typesupport_introspection_cExport.cmake:93)"
    classname="ros_tut.lint_cmake"
  >
      <failure message="Line ends in whitespace"/>
  </testcase>
  <testcase
    name="whitespace/mismatch (build/ros_tut/CMakeFiles/Export/share/ros_tut/cmake/ros_tut__rosidl_typesupport_introspection_cExport.cmake:96)"
    classname="ros_tut.lint_cmake"
  >
      <failure message="Mismatching spaces inside () after command"/>
  </testcase>
  <testcase
    name="whitespace/mismatch (build/ros_tut/CMakeFiles/Export/share/ros_tut/cmake/ros_tut__rosidl_typesupport_introspection_cExport.cmake:97)"
    classname="ros_tut.lint_cmake"
  >
      <failure message="Mismatching spaces inside () after command"/>
  </testcase>
  <testcase
    name="whitespace/mismatch (build/ros_tut/CMakeFiles/Export/share/ros_tut/cmake/ros_tut__rosidl_typesupport_introspection_cExport.cmake:104)"
    classname="ros_tut.lint_cmake"
  >
      <failure message="Mismatching spaces inside () after command"/>
  </testcase>
  <testcase
    name="whitespace/mismatch (build/ros_tut/CMakeFiles/Export/share/ros_tut/cmake/ros_tut__rosidl_typesupport_introspection_cExport.cmake:105)"
    classname="ros_tut.lint_cmake"
  >
      <failure message="Mismatching spaces inside () after command"/>
  </testcase>
  <testcase
    name="whitespace/mismatch (build/ros_tut/CMakeFiles/Export/share/ros_tut/cmake/ros_tut__rosidl_typesupport_introspection_cppExport-noconfig.cmake:10)"
    classname="ros_tut.lint_cmake"
  >
      <failure message="Mismatching spaces inside () after command"/>
  </testcase>
  <testcase
    name="whitespace/mismatch (build/ros_tut/CMakeFiles/Export/share/ros_tut/cmake/ros_tut__rosidl_typesupport_introspection_cppExport-noconfig.cmake:15)"
    classname="ros_tut.lint_cmake"
  >
      <failure message="Mismatching spaces inside () after command"/>
  </testcase>
  <testcase
    name="whitespace/mismatch (build/ros_tut/CMakeFiles/Export/share/ros_tut/cmake/ros_tut__rosidl_typesupport_introspection_cppExport-noconfig.cmake:16)"
    classname="ros_tut.lint_cmake"
  >
      <failure message="Mismatching spaces inside () after command"/>
  </testcase>
  <testcase
    name="whitespace/indent (build/ros_tut/CMakeFiles/Export/share/ros_tut/cmake/ros_tut__rosidl_typesupport_introspection_cppExport.cmake:4)"
    classname="ros_tut.lint_cmake"
  >
      <failure message="Weird indentation; use 2 spaces"/>
  </testcase>
  <testcase
    name="whitespace/mismatch (build/ros_tut/CMakeFiles/Export/share/ros_tut/cmake/ros_tut__rosidl_typesupport_introspection_cppExport.cmake:75)"
    classname="ros_tut.lint_cmake"
  >
      <failure message="Mismatching spaces inside () after command"/>
  </testcase>
  <testcase
    name="whitespace/mismatch (build/ros_tut/CMakeFiles/Export/share/ros_tut/cmake/ros_tut__rosidl_typesupport_introspection_cppExport.cmake:76)"
    classname="ros_tut.lint_cmake"
  >
      <failure message="Mismatching spaces inside () after command"/>
  </testcase>
  <testcase
    name="whitespace/mismatch (build/ros_tut/CMakeFiles/Export/share/ros_tut/cmake/ros_tut__rosidl_typesupport_introspection_cppExport.cmake:77)"
    classname="ros_tut.lint_cmake"
  >
      <failure message="Mismatching spaces inside () after command"/>
  </testcase>
  <testcase
    name="whitespace/indent (build/ros_tut/CMakeFiles/Export/share/ros_tut/cmake/ros_tut__rosidl_typesupport_introspection_cppExport.cmake:79)"
    classname="ros_tut.lint_cmake"
  >
      <failure message="Weird indentation; use 2 spaces"/>
  </testcase>
  <testcase
    name="whitespace/indent (build/ros_tut/CMakeFiles/Export/share/ros_tut/cmake/ros_tut__rosidl_typesupport_introspection_cppExport.cmake:84)"
    classname="ros_tut.lint_cmake"
  >
      <failure message="Weird indentation; use 2 spaces"/>
  </testcase>
  <testcase
    name="whitespace/mismatch (build/ros_tut/CMakeFiles/clear.dir/DependInfo.cmake:2)"
    classname="ros_tut.lint_cmake"
  >
      <failure message="Mismatching spaces inside () after command"/>
  </testcase>
  <testcase
    name="whitespace/mismatch (build/ros_tut/CMakeFiles/clear.dir/DependInfo.cmake:6)"
    classname="ros_tut.lint_cmake"
  >
      <failure message="Mismatching spaces inside () after command"/>
  </testcase>
  <testcase
    name="whitespace/mismatch (build/ros_tut/CMakeFiles/clear.dir/DependInfo.cmake:12)"
    classname="ros_tut.lint_cmake"
  >
      <failure message="Mismatching spaces inside () after command"/>
  </testcase>
  <testcase
    name="whitespace/mismatch (build/ros_tut/CMakeFiles/clear.dir/DependInfo.cmake:20)"
    classname="ros_tut.lint_cmake"
  >
      <failure message="Mismatching spaces inside () after command"/>
  </testcase>
  <testcase
    name="whitespace/mismatch (build/ros_tut/CMakeFiles/clear.dir/DependInfo.cmake:25)"
    classname="ros_tut.lint_cmake"
  >
      <failure message="Mismatching spaces inside () after command"/>
  </testcase>
  <testcase
    name="build/ros_tut/CMakeFiles/clear.dir/cmake_clean.cmake"
    classname="ros_tut.lint_cmake"/>
  <testcase
    name="whitespace/mismatch (build/ros_tut/CMakeFiles/client.dir/DependInfo.cmake:2)"
    classname="ros_tut.lint_cmake"
  >
      <failure message="Mismatching spaces inside () after command"/>
  </testcase>
  <testcase
    name="whitespace/mismatch (build/ros_tut/CMakeFiles/client.dir/DependInfo.cmake:6)"
    classname="ros_tut.lint_cmake"
  >
      <failure message="Mismatching spaces inside () after command"/>
  </testcase>
  <testcase
    name="whitespace/mismatch (build/ros_tut/CMakeFiles/client.dir/DependInfo.cmake:12)"
    classname="ros_tut.lint_cmake"
  >
      <failure message="Mismatching spaces inside () after command"/>
  </testcase>
  <testcase
    name="whitespace/mismatch (build/ros_tut/CMakeFiles/client.dir/DependInfo.cmake:20)"
    classname="ros_tut.lint_cmake"
  >
      <failure message="Mismatching spaces inside () after command"/>
  </testcase>
  <testcase
    name="whitespace/mismatch (build/ros_tut/CMakeFiles/client.dir/DependInfo.cmake:25)"
    classname="ros_tut.lint_cmake"
  >
      <failure message="Mismatching spaces inside () after command"/>
  </testcase>
  <testcase
    name="build/ros_tut/CMakeFiles/client.dir/cmake_clean.cmake"
    classname="ros_tut.lint_cmake"/>
  <testcase
    name="whitespace/mismatch (build/ros_tut/CMakeFiles/kill_turtles.dir/DependInfo.cmake:2)"
    classname="ros_tut.lint_cmake"
  >
      <failure message="Mismatching spaces inside () after command"/>
  </testcase>
  <testcase
    name="whitespace/mismatch (build/ros_tut/CMakeFiles/kill_turtles.dir/DependInfo.cmake:6)"
    classname="ros_tut.lint_cmake"
  >
      <failure message="Mismatching spaces inside () after command"/>
  </testcase>
  <testcase
    name="whitespace/mismatch (build/ros_tut/CMakeFiles/kill_turtles.dir/DependInfo.cmake:12)"
    classname="ros_tut.lint_cmake"
  >
      <failure message="Mismatching spaces inside () after command"/>
  </testcase>
  <testcase
    name="whitespace/mismatch (build/ros_tut/CMakeFiles/kill_turtles.dir/DependInfo.cmake:22)"
    classname="ros_tut.lint_cmake"
  >
      <failure message="Mismatching spaces inside () after command"/>
  </testcase>
  <testcase
    name="whitespace/mismatch (build/ros_tut/CMakeFiles/kill_turtles.dir/DependInfo.cmake:27)"
    classname="ros_tut.lint_cmake"
  >
      <failure message="Mismatching spaces inside () after command"/>
  </testcase>
  <testcase
    name="build/ros_tut/CMakeFiles/kill_turtles.dir/cmake_clean.cmake"
    classname="ros_tut.lint_cmake"/>
  <testcase
    name="whitespace/mismatch (build/ros_tut/CMakeFiles/listener.dir/DependInfo.cmake:2)"
    classname="ros_tut.lint_cmake"
  >
      <failure message="Mismatching spaces inside () after command"/>
  </testcase>
  <testcase
    name="whitespace/mismatch (build/ros_tut/CMakeFiles/listener.dir/DependInfo.cmake:6)"
    classname="ros_tut.lint_cmake"
  >
      <failure message="Mismatching spaces inside () after command"/>
  </testcase>
  <testcase
    name="whitespace/mismatch (build/ros_tut/CMakeFiles/listener.dir/DependInfo.cmake:12)"
    classname="ros_tut.lint_cmake"
  >
      <failure message="Mismatching spaces inside () after command"/>
  </testcase>
  <testcase
    name="whitespace/mismatch (build/ros_tut/CMakeFiles/listener.dir/DependInfo.cmake:20)"
    classname="ros_tut.lint_cmake"
  >
      <failure message="Mismatching spaces inside () after command"/>
  </testcase>
  <testcase
    name="whitespace/mismatch (build/ros_tut/CMakeFiles/listener.dir/DependInfo.cmake:25)"
    classname="ros_tut.lint_cmake"
  >
      <failure message="Mismatching spaces inside () after command"/>
  </testcase>
  <testcase
    name="build/ros_tut/CMakeFiles/listener.dir/cmake_clean.cmake"
    classname="ros_tut.lint_cmake"/>
  <testcase
    name="whitespace/mismatch (build/ros_tut/CMakeFiles/my_node.dir/DependInfo.cmake:2)"
    classname="ros_tut.lint_cmake"
  >
      <failure message="Mismatching spaces inside () after command"/>
  </testcase>
  <testcase
    name="whitespace/mismatch (build/ros_tut/CMakeFiles/my_node.dir/DependInfo.cmake:6)"
    classname="ros_tut.lint_cmake"
  >
      <failure message="Mismatching spaces inside () after command"/>
  </testcase>
  <testcase
    name="whitespace/mismatch (build/ros_tut/CMakeFiles/my_node.dir/DependInfo.cmake:12)"
    classname="ros_tut.lint_cmake"
  >
      <failure message="Mismatching spaces inside () after command"/>
  </testcase>
  <testcase
    name="whitespace/mismatch (build/ros_tut/CMakeFiles/my_node.dir/DependInfo.cmake:17)"
    classname="ros_tut.lint_cmake"
  >
      <failure message="Mismatching spaces inside () after command"/>
  </testcase>
  <testcase
    name="whitespace/mismatch (build/ros_tut/CMakeFiles/my_node.dir/DependInfo.cmake:22)"
    classname="ros_tut.lint_cmake"
  >
      <failure message="Mismatching spaces inside () after command"/>
  </testcase>
  <testcase
    name="build/ros_tut/CMakeFiles/my_node.dir/cmake_clean.cmake"
    classname="ros_tut.lint_cmake"/>
  <testcase
    name="whitespace/mismatch (build/ros_tut/CMakeFiles/ros_tut.dir/DependInfo.cmake:2)"
    classname="ros_tut.lint_cmake"
  >
      <failure message="Mismatching spaces inside () after command"/>
  </testcase>
  <testcase
    name="whitespace/mismatch (build/ros_tut/CMakeFiles/ros_tut.dir/DependInfo.cmake:7)"
    classname="ros_tut.lint_cmake"
  >
      <failure message="Mismatching spaces inside () after command"/>
  </testcase>
  <testcase
    name="whitespace/mismatch (build/ros_tut/CMakeFiles/ros_tut.dir/cmake_clean.cmake:6)"
    classname="ros_tut.lint_cmake"
  >
      <failure message="Mismatching spaces inside () after command"/>
  </testcase>
  <testcase
    name="whitespace/mismatch (build/ros_tut/CMakeFiles/ros_tut__cpp.dir/DependInfo.cmake:2)"
    classname="ros_tut.lint_cmake"
  >
      <failure message="Mismatching spaces inside () after command"/>
  </testcase>
  <testcase
    name="whitespace/mismatch (build/ros_tut/CMakeFiles/ros_tut__cpp.dir/DependInfo.cmake:7)"
    classname="ros_tut.lint_cmake"
  >
      <failure message="Mismatching spaces inside () after command"/>
  </testcase>
  <testcase
    name="whitespace/mismatch (build/ros_tut/CMakeFiles/ros_tut__cpp.dir/DependInfo.cmake:23)"
    classname="ros_tut.lint_cmake"
  >
      <failure message="Mismatching spaces inside () after command"/>
  </testcase>
  <testcase
    name="whitespace/mismatch (build/ros_tut/CMakeFiles/ros_tut__cpp.dir/cmake_clean.cmake:18)"
    classname="ros_tut.lint_cmake"
  >
      <failure message="Mismatching spaces inside () after command"/>
  </testcase>
  <testcase
    name="whitespace/mismatch (build/ros_tut/CMakeFiles/ros_tut__python.dir/DependInfo.cmake:2)"
    classname="ros_tut.lint_cmake"
  >
      <failure message="Mismatching spaces inside () after command"/>
  </testcase>
  <testcase
    name="whitespace/mismatch (build/ros_tut/CMakeFiles/ros_tut__python.dir/DependInfo.cmake:6)"
    classname="ros_tut.lint_cmake"
  >
      <failure message="Mismatching spaces inside () after command"/>
  </testcase>
  <testcase
    name="whitespace/mismatch (build/ros_tut/CMakeFiles/ros_tut__python.dir/DependInfo.cmake:14)"
    classname="ros_tut.lint_cmake"
  >
      <failure message="Mismatching spaces inside () after command"/>
  </testcase>
  <testcase
    name="whitespace/mismatch (build/ros_tut/CMakeFiles/ros_tut__python.dir/DependInfo.cmake:21)"
    classname="ros_tut.lint_cmake"
  >
      <failure message="Mismatching spaces inside () after command"/>
  </testcase>
  <testcase
    name="whitespace/mismatch (build/ros_tut/CMakeFiles/ros_tut__python.dir/DependInfo.cmake:30)"
    classname="ros_tut.lint_cmake"
  >
      <failure message="Mismatching spaces inside () after command"/>
  </testcase>
  <testcase
    name="build/ros_tut/CMakeFiles/ros_tut__python.dir/cmake_clean.cmake"
    classname="ros_tut.lint_cmake"/>
  <testcase
    name="whitespace/mismatch (build/ros_tut/CMakeFiles/ros_tut__rosidl_generator_c.dir/DependInfo.cmake:2)"
    classname="ros_tut.lint_cmake"
  >
      <failure message="Mismatching spaces inside () after command"/>
  </testcase>
  <testcase
    name="whitespace/mismatch (build/ros_tut/CMakeFiles/ros_tut__rosidl_generator_c.dir/DependInfo.cmake:6)"
    classname="ros_tut.lint_cmake"
  >
      <failure message="Mismatching spaces inside () after command"/>
  </testcase>
  <testcase
    name="whitespace/mismatch (build/ros_tut/CMakeFiles/ros_tut__rosidl_generator_c.dir/DependInfo.cmake:14)"
    classname="ros_tut.lint_cmake"
  >
      <failure message="Mismatching spaces inside () after command"/>
  </testcase>
  <testcase
    name="whitespace/mismatch (build/ros_tut/CMakeFiles/ros_tut__rosidl_generator_c.dir/DependInfo.cmake:21)"
    classname="ros_tut.lint_cmake"
  >
      <failure message="Mismatching spaces inside () after command"/>
  </testcase>
  <testcase
    name="whitespace/mismatch (build/ros_tut/CMakeFiles/ros_tut__rosidl_generator_c.dir/DependInfo.cmake:27)"
    classname="ros_tut.lint_cmake"
  >
      <failure message="Mismatching spaces inside () after command"/>
  </testcase>
  <testcase
    name="whitespace/mismatch (build/ros_tut/CMakeFiles/ros_tut__rosidl_generator_c.dir/DependInfo.cmake:46)"
    classname="ros_tut.lint_cmake"
  >
      <failure message="Mismatching spaces inside () after command"/>
  </testcase>
  <testcase
    name="build/ros_tut/CMakeFiles/ros_tut__rosidl_generator_c.dir/cmake_clean.cmake"
    classname="ros_tut.lint_cmake"/>
  <testcase
    name="whitespace/mismatch (build/ros_tut/CMakeFiles/ros_tut__rosidl_typesupport_c.dir/DependInfo.cmake:2)"
    classname="ros_tut.lint_cmake"
  >
      <failure message="Mismatching spaces inside () after command"/>
  </testcase>
  <testcase
    name="whitespace/mismatch (build/ros_tut/CMakeFiles/ros_tut__rosidl_typesupport_c.dir/DependInfo.cmake:6)"
    classname="ros_tut.lint_cmake"
  >
      <failure message="Mismatching spaces inside () after command"/>
  </testcase>
  <testcase
    name="whitespace/mismatch (build/ros_tut/CMakeFiles/ros_tut__rosidl_typesupport_c.dir/DependInfo.cmake:14)"
    classname="ros_tut.lint_cmake"
  >
      <failure message="Mismatching spaces inside () after command"/>
  </testcase>
  <testcase
    name="whitespace/mismatch (build/ros_tut/CMakeFiles/ros_tut__rosidl_typesupport_c.dir/DependInfo.cmake:21)"
    classname="ros_tut.lint_cmake"
  >
      <failure message="Mismatching spaces inside () after command"/>
  </testcase>
  <testcase
    name="whitespace/mismatch (build/ros_tut/CMakeFiles/ros_tut__rosidl_typesupport_c.dir/DependInfo.cmake:28)"
    classname="ros_tut.lint_cmake"
  >
      <failure message="Mismatching spaces inside () after command"/>
  </testcase>
  <testcase
    name="whitespace/mismatch (build/ros_tut/CMakeFiles/ros_tut__rosidl_typesupport_c.dir/DependInfo.cmake:35)"
    classname="ros_tut.lint_cmake"
  >
      <failure message="Mismatching spaces inside () after command"/>
  </testcase>
  <testcase
    name="build/ros_tut/CMakeFiles/ros_tut__rosidl_typesupport_c.dir/cmake_clean.cmake"
    classname="ros_tut.lint_cmake"/>
  <testcase
    name="whitespace/mismatch (build/ros_tut/CMakeFiles/ros_tut__rosidl_typesupport_c__pyext.dir/DependInfo.cmake:2)"
    classname="ros_tut.lint_cmake"
  >
      <failure message="Mismatching spaces inside () after command"/>
  </testcase>
  <testcase
    name="whitespace/mismatch (build/ros_tut/CMakeFiles/ros_tut__rosidl_typesupport_c__pyext.dir/DependInfo.cmake:6)"
    classname="ros_tut.lint_cmake"
  >
      <failure message="Mismatching spaces inside () after command"/>
  </testcase>
  <testcase
    name="whitespace/mismatch (build/ros_tut/CMakeFiles/ros_tut__rosidl_typesupport_c__pyext.dir/DependInfo.cmake:12)"
    classname="ros_tut.lint_cmake"
  >
      <failure message="Mismatching spaces inside () after command"/>
  </testcase>
  <testcase
    name="whitespace/mismatch (build/ros_tut/CMakeFiles/ros_tut__rosidl_typesupport_c__pyext.dir/DependInfo.cmake:19)"
    classname="ros_tut.lint_cmake"
  >
      <failure message="Mismatching spaces inside () after command"/>
  </testcase>
  <testcase
    name="whitespace/mismatch (build/ros_tut/CMakeFiles/ros_tut__rosidl_typesupport_c__pyext.dir/DependInfo.cmake:28)"
    classname="ros_tut.lint_cmake"
  >
      <failure message="Mismatching spaces inside () after command"/>
  </testcase>
  <testcase
    name="build/ros_tut/CMakeFiles/ros_tut__rosidl_typesupport_c__pyext.dir/cmake_clean.cmake"
    classname="ros_tut.lint_cmake"/>
  <testcase
    name="whitespace/mismatch (build/ros_tut/CMakeFiles/ros_tut__rosidl_typesupport_cpp.dir/DependInfo.cmake:2)"
    classname="ros_tut.lint_cmake"
  >
      <failure message="Mismatching spaces inside () after command"/>
  </testcase>
  <testcase
    name="whitespace/mismatch (build/ros_tut/CMakeFiles/ros_tut__rosidl_typesupport_cpp.dir/DependInfo.cmake:6)"
    classname="ros_tut.lint_cmake"
  >
      <failure message="Mismatching spaces inside () after command"/>
  </testcase>
  <testcase
    name="whitespace/mismatch (build/ros_tut/CMakeFiles/ros_tut__rosidl_typesupport_cpp.dir/DependInfo.cmake:14)"
    classname="ros_tut.lint_cmake"
  >
      <failure message="Mismatching spaces inside () after command"/>
  </testcase>
  <testcase
    name="whitespace/mismatch (build/ros_tut/CMakeFiles/ros_tut__rosidl_typesupport_cpp.dir/DependInfo.cmake:21)"
    classname="ros_tut.lint_cmake"
  >
      <failure message="Mismatching spaces inside () after command"/>
  </testcase>
  <testcase
    name="whitespace/mismatch (build/ros_tut/CMakeFiles/ros_tut__rosidl_typesupport_cpp.dir/DependInfo.cmake:27)"
    classname="ros_tut.lint_cmake"
  >
      <failure message="Mismatching spaces inside () after command"/>
  </testcase>
  <testcase
    name="whitespace/mismatch (build/ros_tut/CMakeFiles/ros_tut__rosidl_typesupport_cpp.dir/DependInfo.cmake:34)"
    classname="ros_tut.lint_cmake"
  >
      <failure message="Mismatching spaces inside () after command"/>
  </testcase>
  <testcase
    name="build/ros_tut/CMakeFiles/ros_tut__rosidl_typesupport_cpp.dir/cmake_clean.cmake"
    classname="ros_tut.lint_cmake"/>
  <testcase
    name="whitespace/mismatch (build/ros_tut/CMakeFiles/ros_tut__rosidl_typesupport_fastrtps_c.dir/DependInfo.cmake:2)"
    classname="ros_tut.lint_cmake"
  >
      <failure message="Mismatching spaces inside () after command"/>
  </testcase>
  <testcase
    name="whitespace/mismatch (build/ros_tut/CMakeFiles/ros_tut__rosidl_typesupport_fastrtps_c.dir/DependInfo.cmake:6)"
    classname="ros_tut.lint_cmake"
  >
      <failure message="Mismatching spaces inside () after command"/>
  </testcase>
  <testcase
    name="whitespace/mismatch (build/ros_tut/CMakeFiles/ros_tut__rosidl_typesupport_fastrtps_c.dir/DependInfo.cmake:14)"
    classname="ros_tut.lint_cmake"
  >
      <failure message="Mismatching spaces inside () after command"/>
  </testcase>
  <testcase
    name="whitespace/mismatch (build/ros_tut/CMakeFiles/ros_tut__rosidl_typesupport_fastrtps_c.dir/DependInfo.cmake:25)"
    classname="ros_tut.lint_cmake"
  >
      <failure message="Mismatching spaces inside () after command"/>
  </testcase>
  <testcase
    name="whitespace/mismatch (build/ros_tut/CMakeFiles/ros_tut__rosidl_typesupport_fastrtps_c.dir/DependInfo.cmake:36)"
    classname="ros_tut.lint_cmake"
  >
      <failure message="Mismatching spaces inside () after command"/>
  </testcase>
  <testcase
    name="whitespace/mismatch (build/ros_tut/CMakeFiles/ros_tut__rosidl_typesupport_fastrtps_c.dir/DependInfo.cmake:46)"
    classname="ros_tut.lint_cmake"
  >
      <failure message="Mismatching spaces inside () after command"/>
  </testcase>
  <testcase
    name="build/ros_tut/CMakeFiles/ros_tut__rosidl_typesupport_fastrtps_c.dir/cmake_clean.cmake"
    classname="ros_tut.lint_cmake"/>
  <testcase
    name="whitespace/mismatch (build/ros_tut/CMakeFiles/ros_tut__rosidl_typesupport_fastrtps_c__pyext.dir/DependInfo.cmake:2)"
    classname="ros_tut.lint_cmake"
  >
      <failure message="Mismatching spaces inside () after command"/>
  </testcase>
  <testcase
    name="whitespace/mismatch (build/ros_tut/CMakeFiles/ros_tut__rosidl_typesupport_fastrtps_c__pyext.dir/DependInfo.cmake:6)"
    classname="ros_tut.lint_cmake"
  >
      <failure message="Mismatching spaces inside () after command"/>
  </testcase>
  <testcase
    name="whitespace/mismatch (build/ros_tut/CMakeFiles/ros_tut__rosidl_typesupport_fastrtps_c__pyext.dir/DependInfo.cmake:12)"
    classname="ros_tut.lint_cmake"
  >
      <failure message="Mismatching spaces inside () after command"/>
  </testcase>
  <testcase
    name="whitespace/mismatch (build/ros_tut/CMakeFiles/ros_tut__rosidl_typesupport_fastrtps_c__pyext.dir/DependInfo.cmake:23)"
    classname="ros_tut.lint_cmake"
  >
      <failure message="Mismatching spaces inside () after command"/>
  </testcase>
  <testcase
    name="whitespace/mismatch (build/ros_tut/CMakeFiles/ros_tut__rosidl_typesupport_fastrtps_c__pyext.dir/DependInfo.cmake:37)"
    classname="ros_tut.lint_cmake"
  >
      <failure message="Mismatching spaces inside () after command"/>
  </testcase>
  <testcase
    name="build/ros_tut/CMakeFiles/ros_tut__rosidl_typesupport_fastrtps_c__pyext.dir/cmake_clean.cmake"
    classname="ros_tut.lint_cmake"/>
  <testcase
    name="whitespace/mismatch (build/ros_tut/CMakeFiles/ros_tut__rosidl_typesupport_fastrtps_cpp.dir/DependInfo.cmake:2)"
    classname="ros_tut.lint_cmake"
  >
      <failure message="Mismatching spaces inside () after command"/>
  </testcase>
  <testcase
    name="whitespace/mismatch (build/ros_tut/CMakeFiles/ros_tut__rosidl_typesupport_fastrtps_cpp.dir/DependInfo.cmake:6)"
    classname="ros_tut.lint_cmake"
  >
      <failure message="Mismatching spaces inside () after command"/>
  </testcase>
  <testcase
    name="whitespace/mismatch (build/ros_tut/CMakeFiles/ros_tut__rosidl_typesupport_fastrtps_cpp.dir/DependInfo.cmake:14)"
    classname="ros_tut.lint_cmake"
  >
      <failure message="Mismatching spaces inside () after command"/>
  </testcase>
  <testcase
    name="whitespace/mismatch (build/ros_tut/CMakeFiles/ros_tut__rosidl_typesupport_fastrtps_cpp.dir/DependInfo.cmake:25)"
    classname="ros_tut.lint_cmake"
  >
      <failure message="Mismatching spaces inside () after command"/>
  </testcase>
  <testcase
    name="whitespace/mismatch (build/ros_tut/CMakeFiles/ros_tut__rosidl_typesupport_fastrtps_cpp.dir/DependInfo.cmake:34)"
    classname="ros_tut.lint_cmake"
  >
      <failure message="Mismatching spaces inside () after command"/>
  </testcase>
  <testcase
    name="whitespace/mismatch (build/ros_tut/CMakeFiles/ros_tut__rosidl_typesupport_fastrtps_cpp.dir/DependInfo.cmake:44)"
    classname="ros_tut.lint_cmake"
  >
      <failure message="Mismatching spaces inside () after command"/>
  </testcase>
  <testcase
    name="build/ros_tut/CMakeFiles/ros_tut__rosidl_typesupport_fastrtps_cpp.dir/cmake_clean.cmake"
    classname="ros_tut.lint_cmake"/>
  <testcase
    name="whitespace/mismatch (build/ros_tut/CMakeFiles/ros_tut__rosidl_typesupport_introspection_c.dir/DependInfo.cmake:2)"
    classname="ros_tut.lint_cmake"
  >
      <failure message="Mismatching spaces inside () after command"/>
  </testcase>
  <testcase
    name="whitespace/mismatch (build/ros_tut/CMakeFiles/ros_tut__rosidl_typesupport_introspection_c.dir/DependInfo.cmake:6)"
    classname="ros_tut.lint_cmake"
  >
      <failure message="Mismatching spaces inside () after command"/>
  </testcase>
  <testcase
    name="whitespace/mismatch (build/ros_tut/CMakeFiles/ros_tut__rosidl_typesupport_introspection_c.dir/DependInfo.cmake:14)"
    classname="ros_tut.lint_cmake"
  >
      <failure message="Mismatching spaces inside () after command"/>
  </testcase>
  <testcase
    name="whitespace/mismatch (build/ros_tut/CMakeFiles/ros_tut__rosidl_typesupport_introspection_c.dir/DependInfo.cmake:21)"
    classname="ros_tut.lint_cmake"
  >
      <failure message="Mismatching spaces inside () after command"/>
  </testcase>
  <testcase
    name="whitespace/mismatch (build/ros_tut/CMakeFiles/ros_tut__rosidl_typesupport_introspection_c.dir/DependInfo.cmake:28)"
    classname="ros_tut.lint_cmake"
  >
      <failure message="Mismatching spaces inside () after command"/>
  </testcase>
  <testcase
    name="whitespace/mismatch (build/ros_tut/CMakeFiles/ros_tut__rosidl_typesupport_introspection_c.dir/DependInfo.cmake:38)"
    classname="ros_tut.lint_cmake"
  >
      <failure message="Mismatching spaces inside () after command"/>
  </testcase>
  <testcase
    name="build/ros_tut/CMakeFiles/ros_tut__rosidl_typesupport_introspection_c.dir/cmake_clean.cmake"
    classname="ros_tut.lint_cmake"/>
  <testcase
    name="whitespace/mismatch (build/ros_tut/CMakeFiles/ros_tut__rosidl_typesupport_introspection_c__pyext.dir/DependInfo.cmake:2)"
    classname="ros_tut.lint_cmake"
  >
      <failure message="Mismatching spaces inside () after command"/>
  </testcase>
  <testcase
    name="whitespace/mismatch (build/ros_tut/CMakeFiles/ros_tut__rosidl_typesupport_introspection_c__pyext.dir/DependInfo.cmake:6)"
    classname="ros_tut.lint_cmake"
  >
      <failure message="Mismatching spaces inside () after command"/>
  </testcase>
  <testcase
    name="whitespace/mismatch (build/ros_tut/CMakeFiles/ros_tut__rosidl_typesupport_introspection_c__pyext.dir/DependInfo.cmake:12)"
    classname="ros_tut.lint_cmake"
  >
      <failure message="Mismatching spaces inside () after command"/>
  </testcase>
  <testcase
    name="whitespace/mismatch (build/ros_tut/CMakeFiles/ros_tut__rosidl_typesupport_introspection_c__pyext.dir/DependInfo.cmake:19)"
    classname="ros_tut.lint_cmake"
  >
      <failure message="Mismatching spaces inside () after command"/>
  </testcase>
  <testcase
    name="whitespace/mismatch (build/ros_tut/CMakeFiles/ros_tut__rosidl_typesupport_introspection_c__pyext.dir/DependInfo.cmake:29)"
    classname="ros_tut.lint_cmake"
  >
      <failure message="Mismatching spaces inside () after command"/>
  </testcase>
  <testcase
    name="build/ros_tut/CMakeFiles/ros_tut__rosidl_typesupport_introspection_c__pyext.dir/cmake_clean.cmake"
    classname="ros_tut.lint_cmake"/>
  <testcase
    name="whitespace/mismatch (build/ros_tut/CMakeFiles/ros_tut__rosidl_typesupport_introspection_cpp.dir/DependInfo.cmake:2)"
    classname="ros_tut.lint_cmake"
  >
      <failure message="Mismatching spaces inside () after command"/>
  </testcase>
  <testcase
    name="whitespace/mismatch (build/ros_tut/CMakeFiles/ros_tut__rosidl_typesupport_introspection_cpp.dir/DependInfo.cmake:6)"
    classname="ros_tut.lint_cmake"
  >
      <failure message="Mismatching spaces inside () after command"/>
  </testcase>
  <testcase
    name="whitespace/mismatch (build/ros_tut/CMakeFiles/ros_tut__rosidl_typesupport_introspection_cpp.dir/DependInfo.cmake:14)"
    classname="ros_tut.lint_cmake"
  >
      <failure message="Mismatching spaces inside () after command"/>
  </testcase>
  <testcase
    name="whitespace/mismatch (build/ros_tut/CMakeFiles/ros_tut__rosidl_typesupport_introspection_cpp.dir/DependInfo.cmake:21)"
    classname="ros_tut.lint_cmake"
  >
      <failure message="Mismatching spaces inside () after command"/>
  </testcase>
  <testcase
    name="whitespace/mismatch (build/ros_tut/CMakeFiles/ros_tut__rosidl_typesupport_introspection_cpp.dir/DependInfo.cmake:27)"
    classname="ros_tut.lint_cmake"
  >
      <failure message="Mismatching spaces inside () after command"/>
  </testcase>
  <testcase
    name="whitespace/mismatch (build/ros_tut/CMakeFiles/ros_tut__rosidl_typesupport_introspection_cpp.dir/DependInfo.cmake:37)"
    classname="ros_tut.lint_cmake"
  >
      <failure message="Mismatching spaces inside () after command"/>
  </testcase>
  <testcase
    name="build/ros_tut/CMakeFiles/ros_tut__rosidl_typesupport_introspection_cpp.dir/cmake_clean.cmake"
    classname="ros_tut.lint_cmake"/>
  <testcase
    name="whitespace/mismatch (build/ros_tut/CMakeFiles/ros_tut_uninstall.dir/DependInfo.cmake:2)"
    classname="ros_tut.lint_cmake"
  >
      <failure message="Mismatching spaces inside () after command"/>
  </testcase>
  <testcase
    name="whitespace/mismatch (build/ros_tut/CMakeFiles/ros_tut_uninstall.dir/DependInfo.cmake:7)"
    classname="ros_tut.lint_cmake"
  >
      <failure message="Mismatching spaces inside () after command"/>
  </testcase>
  <testcase
    name="whitespace/mismatch (build/ros_tut/CMakeFiles/ros_tut_uninstall.dir/cmake_clean.cmake:6)"
    classname="ros_tut.lint_cmake"
  >
      <failure message="Mismatching spaces inside () after command"/>
  </testcase>
  <testcase
    name="whitespace/mismatch (build/ros_tut/CMakeFiles/server.dir/DependInfo.cmake:2)"
    classname="ros_tut.lint_cmake"
  >
      <failure message="Mismatching spaces inside () after command"/>
  </testcase>
  <testcase
    name="whitespace/mismatch (build/ros_tut/CMakeFiles/server.dir/DependInfo.cmake:6)"
    classname="ros_tut.lint_cmake"
  >
      <failure message="Mismatching spaces inside () after command"/>
  </testcase>
  <testcase
    name="whitespace/mismatch (build/ros_tut/CMakeFiles/server.dir/DependInfo.cmake:12)"
    classname="ros_tut.lint_cmake"
  >
      <failure message="Mismatching spaces inside () after command"/>
  </testcase>
  <testcase
    name="whitespace/mismatch (build/ros_tut/CMakeFiles/server.dir/DependInfo.cmake:20)"
    classname="ros_tut.lint_cmake"
  >
      <failure message="Mismatching spaces inside () after command"/>
  </testcase>
  <testcase
    name="whitespace/mismatch (build/ros_tut/CMakeFiles/server.dir/DependInfo.cmake:25)"
    classname="ros_tut.lint_cmake"
  >
      <failure message="Mismatching spaces inside () after command"/>
  </testcase>
  <testcase
    name="build/ros_tut/CMakeFiles/server.dir/cmake_clean.cmake"
    classname="ros_tut.lint_cmake"/>
  <testcase
    name="whitespace/mismatch (build/ros_tut/CMakeFiles/talker.dir/DependInfo.cmake:2)"
    classname="ros_tut.lint_cmake"
  >
      <failure message="Mismatching spaces inside () after command"/>
  </testcase>
  <testcase
    name="whitespace/mismatch (build/ros_tut/CMakeFiles/talker.dir/DependInfo.cmake:6)"
    classname="ros_tut.lint_cmake"
  >
      <failure message="Mismatching spaces inside () after command"/>
  </testcase>
  <testcase
    name="whitespace/mismatch (build/ros_tut/CMakeFiles/talker.dir/DependInfo.cmake:12)"
    classname="ros_tut.lint_cmake"
  >
      <failure message="Mismatching spaces inside () after command"/>
  </testcase>
  <testcase
    name="whitespace/mismatch (build/ros_tut/CMakeFiles/talker.dir/DependInfo.cmake:20)"
    classname="ros_tut.lint_cmake"
  >
      <failure message="Mismatching spaces inside () after command"/>
  </testcase>
  <testcase
    name="whitespace/mismatch (build/ros_tut/CMakeFiles/talker.dir/DependInfo.cmake:25)"
    classname="ros_tut.lint_cmake"
  >
      <failure message="Mismatching spaces inside () after command"/>
  </testcase>
  <testcase
    name="build/ros_tut/CMakeFiles/talker.dir/cmake_clean.cmake"
    classname="ros_tut.lint_cmake"/>
  <testcase
    name="whitespace/mismatch (build/ros_tut/CMakeFiles/uninstall.dir/DependInfo.cmake:2)"
    classname="ros_tut.lint_cmake"
  >
      <failure message="Mismatching spaces inside () after command"/>
  </testcase>
  <testcase
    name="whitespace/mismatch (build/ros_tut/CMakeFiles/uninstall.dir/DependInfo.cmake:7)"
    classname="ros_tut.lint_cmake"
  >
      <failure message="Mismatching spaces inside () after command"/>
  </testcase>
  <testcase
    name="whitespace/mismatch (build/ros_tut/CMakeFiles/uninstall.dir/cmake_clean.cmake:3)"
    classname="ros_tut.lint_cmake"
  >
      <failure message="Mismatching spaces inside () after command"/>
  </testcase>
  <testcase
    name="whitespace/mismatch (build/ros_tut/ament_cmake_core/package.cmake:7)"
    classname="ros_tut.lint_cmake"
  >
      <failure message="Mismatching spaces inside () after command"/>
  </testcase>
  <testcase
    name="whitespace/mismatch (build/ros_tut/ament_cmake_core/package.cmake:10)"
    classname="ros_tut.lint_cmake"
  >
      <failure message="Mismatching spaces inside () after command"/>
  </testcase>
  <testcase
    name="build/ros_tut/ament_cmake_core/ros_tutConfig-version.cmake"
    classname="ros_tut.lint_cmake"/>
  <testcase
    name="build/ros_tut/ament_cmake_core/ros_tutConfig.cmake"
    classname="ros_tut.lint_cmake"/>
  <testcase
    name="linelength (build/ros_tut/ament_cmake_export_dependencies/ament_cmake_export_dependencies-extras.cmake:1)"
    classname="ros_tut.lint_cmake"
  >
      <failure message="Lines should be &lt;= 80 characters long"/>
  </testcase>
  <testcase
    name="linelength (build/ros_tut/ament_cmake_export_include_directories/ament_cmake_export_include_directories-extras.cmake:1)"
    classname="ros_tut.lint_cmake"
  >
      <failure message="Lines should be &lt;= 80 characters long"/>
  </testcase>
  <testcase
    name="linelength (build/ros_tut/ament_cmake_export_libraries/ament_cmake_export_libraries-extras.cmake:1)"
    classname="ros_tut.lint_cmake"
  >
      <failure message="Lines should be &lt;= 80 characters long"/>
  </testcase>
  <testcase
    name="linelength (build/ros_tut/ament_cmake_export_libraries/ament_cmake_export_libraries-extras.cmake:3)"
    classname="ros_tut.lint_cmake"
  >
      <failure message="Lines should be &lt;= 80 characters long"/>
  </testcase>
  <testcase
    name="linelength (build/ros_tut/ament_cmake_export_targets/ament_cmake_export_targets-extras.cmake:1)"
    classname="ros_tut.lint_cmake"
  >
      <failure message="Lines should be &lt;= 80 characters long"/>
  </testcase>
  <testcase
    name="linelength (build/ros_tut/ament_cmake_export_targets/ament_cmake_export_targets-extras.cmake:3)"
    classname="ros_tut.lint_cmake"
  >
      <failure message="Lines should be &lt;= 80 characters long"/>
  </testcase>
  <testcase
    name="linelength (build/ros_tut/ament_cmake_package_templates/templates.cmake:1)"
    classname="ros_tut.lint_cmake"
  >
      <failure message="Lines should be &lt;= 80 characters long"/>
  </testcase>
  <testcase
    name="build/ros_tut/ament_cmake_uninstall_target/ament_cmake_uninstall_target.cmake"
    classname="ros_tut.lint_cmake"/>
  <testcase
    name="build/ros_tut/ros_tut__py/CMakeLists.txt"
    classname="ros_tut.lint_cmake"/>
  <testcase
    name="whitespace/eol (build/ros_tut/ros_tut__py/CTestTestfile.cmake:1)"
    classname="ros_tut.lint_cmake"
  >
      <failure message="Line ends in whitespace"/>
  </testcase>
  <testcase
    name="whitespace/eol (build/ros_tut/ros_tut__py/CTestTestfile.cmake:4)"
    classname="ros_tut.lint_cmake"
  >
      <failure message="Line ends in whitespace"/>
  </testcase>
  <testcase
    name="whitespace/eol (build/ros_tut/ros_tut__py/CTestTestfile.cmake:5)"
    classname="ros_tut.lint_cmake"
  >
      <failure message="Line ends in whitespace"/>
  </testcase>
  <testcase
    name="whitespace/indent (build/ros_tut/ros_tut__py/cmake_install.cmake:13)"
    classname="ros_tut.lint_cmake"
  >
      <failure message="Weird indentation; use 2 spaces"/>
  </testcase>
  <testcase
    name="build/ros_tut/ros_tut__py/CMakeFiles/CMakeDirectoryInformation.cmake"
    classname="ros_tut.lint_cmake"/>
  <testcase
    name="whitespace/mismatch (build/ros_tut/ros_tut__py/CMakeFiles/ros_tut__py.dir/DependInfo.cmake:2)"
    classname="ros_tut.lint_cmake"
  >
      <failure message="Mismatching spaces inside () after command"/>
  </testcase>
  <testcase
    name="whitespace/mismatch (build/ros_tut/ros_tut__py/CMakeFiles/ros_tut__py.dir/DependInfo.cmake:7)"
    classname="ros_tut.lint_cmake"
  >
      <failure message="Mismatching spaces inside () after command"/>
  </testcase>
  <testcase
    name="whitespace/mismatch (build/ros_tut/ros_tut__py/CMakeFiles/ros_tut__py.dir/DependInfo.cmake:22)"
    classname="ros_tut.lint_cmake"
  >
      <failure message="Mismatching spaces inside () after command"/>
  </testcase>
  <testcase
    name="whitespace/mismatch (build/ros_tut/ros_tut__py/CMakeFiles/ros_tut__py.dir/cmake_clean.cmake:17)"
    classname="ros_tut.lint_cmake"
  >
      <failure message="Mismatching spaces inside () after command"/>
  </testcase>
  <testcase
    name="build/ros_tut/rosidl_cmake/rosidl_cmake-extras.cmake"
    classname="ros_tut.lint_cmake"/>
  <testcase
    name="build/ros_tut/rosidl_cmake/rosidl_cmake_export_typesupport_libraries-extras.cmake"
    classname="ros_tut.lint_cmake"/>
  <testcase
    name="build/ros_tut/rosidl_cmake/rosidl_cmake_export_typesupport_targets-extras.cmake"
    classname="ros_tut.lint_cmake"/>
  <testcase
    name="linelength (install/ros_tut/share/ros_tut/cmake/ament_cmake_export_dependencies-extras.cmake:1)"
    classname="ros_tut.lint_cmake"
  >
      <failure message="Lines should be &lt;= 80 characters long"/>
  </testcase>
  <testcase
    name="linelength (install/ros_tut/share/ros_tut/cmake/ament_cmake_export_include_directories-extras.cmake:1)"
    classname="ros_tut.lint_cmake"
  >
      <failure message="Lines should be &lt;= 80 characters long"/>
  </testcase>
  <testcase
    name="linelength (install/ros_tut/share/ros_tut/cmake/ament_cmake_export_libraries-extras.cmake:1)"
    classname="ros_tut.lint_cmake"
  >
      <failure message="Lines should be &lt;= 80 characters long"/>
  </testcase>
  <testcase
    name="linelength (install/ros_tut/share/ros_tut/cmake/ament_cmake_export_libraries-extras.cmake:3)"
    classname="ros_tut.lint_cmake"
  >
      <failure message="Lines should be &lt;= 80 characters long"/>
  </testcase>
  <testcase
    name="linelength (install/ros_tut/share/ros_tut/cmake/ament_cmake_export_targets-extras.cmake:1)"
    classname="ros_tut.lint_cmake"
  >
      <failure message="Lines should be &lt;= 80 characters long"/>
  </testcase>
  <testcase
    name="linelength (install/ros_tut/share/ros_tut/cmake/ament_cmake_export_targets-extras.cmake:3)"
    classname="ros_tut.lint_cmake"
  >
      <failure message="Lines should be &lt;= 80 characters long"/>
  </testcase>
  <testcase
    name="install/ros_tut/share/ros_tut/cmake/ros_tutConfig-version.cmake"
    classname="ros_tut.lint_cmake"/>
  <testcase
    name="install/ros_tut/share/ros_tut/cmake/ros_tutConfig.cmake"
    classname="ros_tut.lint_cmake"/>
  <testcase
    name="whitespace/mismatch (install/ros_tut/share/ros_tut/cmake/ros_tut__rosidl_generator_cExport-noconfig.cmake:10)"
    classname="ros_tut.lint_cmake"
  >
      <failure message="Mismatching spaces inside () after command"/>
  </testcase>
  <testcase
    name="whitespace/mismatch (install/ros_tut/share/ros_tut/cmake/ros_tut__rosidl_generator_cExport-noconfig.cmake:15)"
    classname="ros_tut.lint_cmake"
  >
      <failure message="Mismatching spaces inside () after command"/>
  </testcase>
  <testcase
    name="whitespace/mismatch (install/ros_tut/share/ros_tut/cmake/ros_tut__rosidl_generator_cExport-noconfig.cmake:16)"
    classname="ros_tut.lint_cmake"
  >
      <failure message="Mismatching spaces inside () after command"/>
  </testcase>
  <testcase
    name="whitespace/indent (install/ros_tut/share/ros_tut/cmake/ros_tut__rosidl_generator_cExport.cmake:4)"
    classname="ros_tut.lint_cmake"
  >
      <failure message="Weird indentation; use 2 spaces"/>
  </testcase>
  <testcase
    name="whitespace/mismatch (install/ros_tut/share/ros_tut/cmake/ros_tut__rosidl_generator_cExport.cmake:76)"
    classname="ros_tut.lint_cmake"
  >
      <failure message="Mismatching spaces inside () after command"/>
  </testcase>
  <testcase
    name="whitespace/mismatch (install/ros_tut/share/ros_tut/cmake/ros_tut__rosidl_generator_cExport.cmake:77)"
    classname="ros_tut.lint_cmake"
  >
      <failure message="Mismatching spaces inside () after command"/>
  </testcase>
  <testcase
    name="whitespace/mismatch (install/ros_tut/share/ros_tut/cmake/ros_tut__rosidl_generator_cExport.cmake:78)"
    classname="ros_tut.lint_cmake"
  >
      <failure message="Mismatching spaces inside () after command"/>
  </testcase>
  <testcase
    name="whitespace/indent (install/ros_tut/share/ros_tut/cmake/ros_tut__rosidl_generator_cExport.cmake:80)"
    classname="ros_tut.lint_cmake"
  >
      <failure message="Weird indentation; use 2 spaces"/>
  </testcase>
  <testcase
    name="whitespace/indent (install/ros_tut/share/ros_tut/cmake/ros_tut__rosidl_generator_cExport.cmake:85)"
    classname="ros_tut.lint_cmake"
  >
      <failure message="Weird indentation; use 2 spaces"/>
  </testcase>
  <testcase
    name="whitespace/indent (install/ros_tut/share/ros_tut/cmake/ros_tut__rosidl_generator_cppExport.cmake:4)"
    classname="ros_tut.lint_cmake"
  >
      <failure message="Weird indentation; use 2 spaces"/>
  </testcase>
  <testcase
    name="whitespace/mismatch (install/ros_tut/share/ros_tut/cmake/ros_tut__rosidl_generator_cppExport.cmake:76)"
    classname="ros_tut.lint_cmake"
  >
      <failure message="Mismatching spaces inside () after command"/>
  </testcase>
  <testcase
    name="whitespace/mismatch (install/ros_tut/share/ros_tut/cmake/ros_tut__rosidl_generator_cppExport.cmake:77)"
    classname="ros_tut.lint_cmake"
  >
      <failure message="Mismatching spaces inside () after command"/>
  </testcase>
  <testcase
    name="whitespace/mismatch (install/ros_tut/share/ros_tut/cmake/ros_tut__rosidl_generator_cppExport.cmake:78)"
    classname="ros_tut.lint_cmake"
  >
      <failure message="Mismatching spaces inside () after command"/>
  </testcase>
  <testcase
    name="whitespace/indent (install/ros_tut/share/ros_tut/cmake/ros_tut__rosidl_generator_cppExport.cmake:80)"
    classname="ros_tut.lint_cmake"
  >
      <failure message="Weird indentation; use 2 spaces"/>
  </testcase>
  <testcase
    name="whitespace/indent (install/ros_tut/share/ros_tut/cmake/ros_tut__rosidl_generator_cppExport.cmake:85)"
    classname="ros_tut.lint_cmake"
  >
      <failure message="Weird indentation; use 2 spaces"/>
  </testcase>
  <testcase
    name="whitespace/mismatch (install/ros_tut/share/ros_tut/cmake/ros_tut__rosidl_typesupport_cExport-noconfig.cmake:10)"
    classname="ros_tut.lint_cmake"
  >
      <failure message="Mismatching spaces inside () after command"/>
  </testcase>
  <testcase
    name="whitespace/mismatch (install/ros_tut/share/ros_tut/cmake/ros_tut__rosidl_typesupport_cExport-noconfig.cmake:15)"
    classname="ros_tut.lint_cmake"
  >
      <failure message="Mismatching spaces inside () after command"/>
  </testcase>
  <testcase
    name="whitespace/mismatch (install/ros_tut/share/ros_tut/cmake/ros_tut__rosidl_typesupport_cExport-noconfig.cmake:16)"
    classname="ros_tut.lint_cmake"
  >
      <failure message="Mismatching spaces inside () after command"/>
  </testcase>
  <testcase
    name="whitespace/indent (install/ros_tut/share/ros_tut/cmake/ros_tut__rosidl_typesupport_cExport.cmake:4)"
    classname="ros_tut.lint_cmake"
  >
      <failure message="Weird indentation; use 2 spaces"/>
  </testcase>
  <testcase
    name="whitespace/mismatch (install/ros_tut/share/ros_tut/cmake/ros_tut__rosidl_typesupport_cExport.cmake:76)"
    classname="ros_tut.lint_cmake"
  >
      <failure message="Mismatching spaces inside () after command"/>
  </testcase>
  <testcase
    name="whitespace/mismatch (install/ros_tut/share/ros_tut/cmake/ros_tut__rosidl_typesupport_cExport.cmake:77)"
    classname="ros_tut.lint_cmake"
  >
      <failure message="Mismatching spaces inside () after command"/>
  </testcase>
  <testcase
    name="whitespace/mismatch (install/ros_tut/share/ros_tut/cmake/ros_tut__rosidl_typesupport_cExport.cmake:78)"
    classname="ros_tut.lint_cmake"
  >
      <failure message="Mismatching spaces inside () after command"/>
  </testcase>
  <testcase
    name="whitespace/indent (install/ros_tut/share/ros_tut/cmake/ros_tut__rosidl_typesupport_cExport.cmake:80)"
    classname="ros_tut.lint_cmake"
  >
      <failure message="Weird indentation; use 2 spaces"/>
  </testcase>
  <testcase
    name="whitespace/indent (install/ros_tut/share/ros_tut/cmake/ros_tut__rosidl_typesupport_cExport.cmake:85)"
    classname="ros_tut.lint_cmake"
  >
      <failure message="Weird indentation; use 2 spaces"/>
  </testcase>
  <testcase
    name="whitespace/mismatch (install/ros_tut/share/ros_tut/cmake/ros_tut__rosidl_typesupport_cppExport-noconfig.cmake:10)"
    classname="ros_tut.lint_cmake"
  >
      <failure message="Mismatching spaces inside () after command"/>
  </testcase>
  <testcase
    name="whitespace/mismatch (install/ros_tut/share/ros_tut/cmake/ros_tut__rosidl_typesupport_cppExport-noconfig.cmake:15)"
    classname="ros_tut.lint_cmake"
  >
      <failure message="Mismatching spaces inside () after command"/>
  </testcase>
  <testcase
    name="whitespace/mismatch (install/ros_tut/share/ros_tut/cmake/ros_tut__rosidl_typesupport_cppExport-noconfig.cmake:16)"
    classname="ros_tut.lint_cmake"
  >
      <failure message="Mismatching spaces inside () after command"/>
  </testcase>
  <testcase
    name="whitespace/indent (install/ros_tut/share/ros_tut/cmake/ros_tut__rosidl_typesupport_cppExport.cmake:4)"
    classname="ros_tut.lint_cmake"
  >
      <failure message="Weird indentation; use 2 spaces"/>
  </testcase>
  <testcase
    name="whitespace/mismatch (install/ros_tut/share/ros_tut/cmake/ros_tut__rosidl_typesupport_cppExport.cmake:76)"
    classname="ros_tut.lint_cmake"
  >
      <failure message="Mismatching spaces inside () after command"/>
  </testcase>
  <testcase
    name="whitespace/mismatch (install/ros_tut/share/ros_tut/cmake/ros_tut__rosidl_typesupport_cppExport.cmake:77)"
    classname="ros_tut.lint_cmake"
  >
      <failure message="Mismatching spaces inside () after command"/>
  </testcase>
  <testcase
    name="whitespace/mismatch (install/ros_tut/share/ros_tut/cmake/ros_tut__rosidl_typesupport_cppExport.cmake:78)"
    classname="ros_tut.lint_cmake"
  >
      <failure message="Mismatching spaces inside () after command"/>
  </testcase>
  <testcase
    name="whitespace/indent (install/ros_tut/share/ros_tut/cmake/ros_tut__rosidl_typesupport_cppExport.cmake:80)"
    classname="ros_tut.lint_cmake"
  >
      <failure message="Weird indentation; use 2 spaces"/>
  </testcase>
  <testcase
    name="whitespace/indent (install/ros_tut/share/ros_tut/cmake/ros_tut__rosidl_typesupport_cppExport.cmake:85)"
    classname="ros_tut.lint_cmake"
  >
      <failure message="Weird indentation; use 2 spaces"/>
  </testcase>
  <testcase
    name="whitespace/mismatch (install/ros_tut/share/ros_tut/cmake/ros_tut__rosidl_typesupport_introspection_cExport-noconfig.cmake:10)"
    classname="ros_tut.lint_cmake"
  >
      <failure message="Mismatching spaces inside () after command"/>
  </testcase>
  <testcase
    name="whitespace/mismatch (install/ros_tut/share/ros_tut/cmake/ros_tut__rosidl_typesupport_introspection_cExport-noconfig.cmake:15)"
    classname="ros_tut.lint_cmake"
  >
      <failure message="Mismatching spaces inside () after command"/>
  </testcase>
  <testcase
    name="whitespace/mismatch (install/ros_tut/share/ros_tut/cmake/ros_tut__rosidl_typesupport_introspection_cExport-noconfig.cmake:16)"
    classname="ros_tut.lint_cmake"
  >
      <failure message="Mismatching spaces inside () after command"/>
  </testcase>
  <testcase
    name="whitespace/indent (install/ros_tut/share/ros_tut/cmake/ros_tut__rosidl_typesupport_introspection_cExport.cmake:4)"
    classname="ros_tut.lint_cmake"
  >
      <failure message="Weird indentation; use 2 spaces"/>
  </testcase>
  <testcase
    name="whitespace/mismatch (install/ros_tut/share/ros_tut/cmake/ros_tut__rosidl_typesupport_introspection_cExport.cmake:75)"
    classname="ros_tut.lint_cmake"
  >
      <failure message="Mismatching spaces inside () after command"/>
  </testcase>
  <testcase
    name="whitespace/mismatch (install/ros_tut/share/ros_tut/cmake/ros_tut__rosidl_typesupport_introspection_cExport.cmake:76)"
    classname="ros_tut.lint_cmake"
  >
      <failure message="Mismatching spaces inside () after command"/>
  </testcase>
  <testcase
    name="whitespace/mismatch (install/ros_tut/share/ros_tut/cmake/ros_tut__rosidl_typesupport_introspection_cExport.cmake:77)"
    classname="ros_tut.lint_cmake"
  >
      <failure message="Mismatching spaces inside () after command"/>
  </testcase>
  <testcase
    name="whitespace/indent (install/ros_tut/share/ros_tut/cmake/ros_tut__rosidl_typesupport_introspection_cExport.cmake:79)"
    classname="ros_tut.lint_cmake"
  >
      <failure message="Weird indentation; use 2 spaces"/>
  </testcase>
  <testcase
    name="whitespace/indent (install/ros_tut/share/ros_tut/cmake/ros_tut__rosidl_typesupport_introspection_cExport.cmake:84)"
    classname="ros_tut.lint_cmake"
  >
      <failure message="Weird indentation; use 2 spaces"/>
  </testcase>
  <testcase
    name="whitespace/eol (install/ros_tut/share/ros_tut/cmake/ros_tut__rosidl_typesupport_introspection_cExport.cmake:93)"
    classname="ros_tut.lint_cmake"
  >
      <failure message="Line ends in whitespace"/>
  </testcase>
  <testcase
    name="whitespace/mismatch (install/ros_tut/share/ros_tut/cmake/ros_tut__rosidl_typesupport_introspection_cExport.cmake:96)"
    classname="ros_tut.lint_cmake"
  >
      <failure message="Mismatching spaces inside () after command"/>
  </testcase>
  <testcase
    name="whitespace/mismatch (install/ros_tut/share/ros_tut/cmake/ros_tut__rosidl_typesupport_introspection_cExport.cmake:97)"
    classname="ros_tut.lint_cmake"
  >
      <failure message="Mismatching spaces inside () after command"/>
  </testcase>
  <testcase
    name="whitespace/mismatch (install/ros_tut/share/ros_tut/cmake/ros_tut__rosidl_typesupport_introspection_cExport.cmake:104)"
    classname="ros_tut.lint_cmake"
  >
      <failure message="Mismatching spaces inside () after command"/>
  </testcase>
  <testcase
    name="whitespace/mismatch (install/ros_tut/share/ros_tut/cmake/ros_tut__rosidl_typesupport_introspection_cExport.cmake:105)"
    classname="ros_tut.lint_cmake"
  >
      <failure message="Mismatching spaces inside () after command"/>
  </testcase>
  <testcase
    name="whitespace/mismatch (install/ros_tut/share/ros_tut/cmake/ros_tut__rosidl_typesupport_introspection_cppExport-noconfig.cmake:10)"
    classname="ros_tut.lint_cmake"
  >
      <failure message="Mismatching spaces inside () after command"/>
  </testcase>
  <testcase
    name="whitespace/mismatch (install/ros_tut/share/ros_tut/cmake/ros_tut__rosidl_typesupport_introspection_cppExport-noconfig.cmake:15)"
    classname="ros_tut.lint_cmake"
  >
      <failure message="Mismatching spaces inside () after command"/>
  </testcase>
  <testcase
    name="whitespace/mismatch (install/ros_tut/share/ros_tut/cmake/ros_tut__rosidl_typesupport_introspection_cppExport-noconfig.cmake:16)"
    classname="ros_tut.lint_cmake"
  >
      <failure message="Mismatching spaces inside () after command"/>
  </testcase>
  <testcase
    name="whitespace/indent (install/ros_tut/share/ros_tut/cmake/ros_tut__rosidl_typesupport_introspection_cppExport.cmake:4)"
    classname="ros_tut.lint_cmake"
  >
      <failure message="Weird indentation; use 2 spaces"/>
  </testcase>
  <testcase
    name="whitespace/mismatch (install/ros_tut/share/ros_tut/cmake/ros_tut__rosidl_typesupport_introspection_cppExport.cmake:75)"
    classname="ros_tut.lint_cmake"
  >
      <failure message="Mismatching spaces inside () after command"/>
  </testcase>
  <testcase
    name="whitespace/mismatch (install/ros_tut/share/ros_tut/cmake/ros_tut__rosidl_typesupport_introspection_cppExport.cmake:76)"
    classname="ros_tut.lint_cmake"
  >
      <failure message="Mismatching spaces inside () after command"/>
  </testcase>
  <testcase
    name="whitespace/mismatch (install/ros_tut/share/ros_tut/cmake/ros_tut__rosidl_typesupport_introspection_cppExport.cmake:77)"
    classname="ros_tut.lint_cmake"
  >
      <failure message="Mismatching spaces inside () after command"/>
  </testcase>
  <testcase
    name="whitespace/indent (install/ros_tut/share/ros_tut/cmake/ros_tut__rosidl_typesupport_introspection_cppExport.cmake:79)"
    classname="ros_tut.lint_cmake"
  >
      <failure message="Weird indentation; use 2 spaces"/>
  </testcase>
  <testcase
    name="whitespace/indent (install/ros_tut/share/ros_tut/cmake/ros_tut__rosidl_typesupport_introspection_cppExport.cmake:84)"
    classname="ros_tut.lint_cmake"
  >
      <failure message="Weird indentation; use 2 spaces"/>
  </testcase>
  <testcase
    name="install/ros_tut/share/ros_tut/cmake/rosidl_cmake-extras.cmake"
    classname="ros_tut.lint_cmake"/>
  <testcase
    name="install/ros_tut/share/ros_tut/cmake/rosidl_cmake_export_typesupport_libraries-extras.cmake"
    classname="ros_tut.lint_cmake"/>
  <testcase
    name="install/ros_tut/share/ros_tut/cmake/rosidl_cmake_export_typesupport_targets-extras.cmake"
    classname="ros_tut.lint_cmake"/>
  <system-out>Checked files:
* CMakeLists.txt
* build/ros_tut/CTestCustom.cmake
* build/ros_tut/CTestTestfile.cmake
* build/ros_tut/cmake_install.cmake
* build/ros_tut/CMakeFiles/CMakeDirectoryInformation.cmake
* build/ros_tut/CMakeFiles/Makefile.cmake
* build/ros_tut/CMakeFiles/3.16.3/CMakeCCompiler.cmake
* build/ros_tut/CMakeFiles/3.16.3/CMakeCXXCompiler.cmake
* build/ros_tut/CMakeFiles/3.16.3/CMakeSystem.cmake
* build/ros_tut/CMakeFiles/Export/share/ros_tut/cmake/ros_tut__rosidl_generator_cExport-noconfig.cmake
* build/ros_tut/CMakeFiles/Export/share/ros_tut/cmake/ros_tut__rosidl_generator_cExport.cmake
* build/ros_tut/CMakeFiles/Export/share/ros_tut/cmake/ros_tut__rosidl_generator_cppExport.cmake
* build/ros_tut/CMakeFiles/Export/share/ros_tut/cmake/ros_tut__rosidl_typesupport_cExport-noconfig.cmake
* build/ros_tut/CMakeFiles/Export/share/ros_tut/cmake/ros_tut__rosidl_typesupport_cExport.cmake
* build/ros_tut/CMakeFiles/Export/share/ros_tut/cmake/ros_tut__rosidl_typesupport_cppExport-noconfig.cmake
* build/ros_tut/CMakeFiles/Export/share/ros_tut/cmake/ros_tut__rosidl_typesupport_cppExport.cmake
* build/ros_tut/CMakeFiles/Export/share/ros_tut/cmake/ros_tut__rosidl_typesupport_introspection_cExport-noconfig.cmake
* build/ros_tut/CMakeFiles/Export/share/ros_tut/cmake/ros_tut__rosidl_typesupport_introspection_cExport.cmake
* build/ros_tut/CMakeFiles/Export/share/ros_tut/cmake/ros_tut__rosidl_typesupport_introspection_cppExport-noconfig.cmake
* build/ros_tut/CMakeFiles/Export/share/ros_tut/cmake/ros_tut__rosidl_typesupport_introspection_cppExport.cmake
* build/ros_tut/CMakeFiles/clear.dir/DependInfo.cmake
* build/ros_tut/CMakeFiles/clear.dir/cmake_clean.cmake
* build/ros_tut/CMakeFiles/client.dir/DependInfo.cmake
* build/ros_tut/CMakeFiles/client.dir/cmake_clean.cmake
* build/ros_tut/CMakeFiles/kill_turtles.dir/DependInfo.cmake
* build/ros_tut/CMakeFiles/kill_turtles.dir/cmake_clean.cmake
* build/ros_tut/CMakeFiles/listener.dir/DependInfo.cmake
* build/ros_tut/CMakeFiles/listener.dir/cmake_clean.cmake
* build/ros_tut/CMakeFiles/my_node.dir/DependInfo.cmake
* build/ros_tut/CMakeFiles/my_node.dir/cmake_clean.cmake
* build/ros_tut/CMakeFiles/ros_tut.dir/DependInfo.cmake
* build/ros_tut/CMakeFiles/ros_tut.dir/cmake_clean.cmake
* build/ros_tut/CMakeFiles/ros_tut__cpp.dir/DependInfo.cmake
* build/ros_tut/CMakeFiles/ros_tut__cpp.dir/cmake_clean.cmake
* build/ros_tut/CMakeFiles/ros_tut__python.dir/DependInfo.cmake
* build/ros_tut/CMakeFiles/ros_tut__python.dir/cmake_clean.cmake
* build/ros_tut/CMakeFiles/ros_tut__rosidl_generator_c.dir/DependInfo.cmake
* build/ros_tut/CMakeFiles/ros_tut__rosidl_generator_c.dir/cmake_clean.cmake
* build/ros_tut/CMakeFiles/ros_tut__rosidl_typesupport_c.dir/DependInfo.cmake
* build/ros_tut/CMakeFiles/ros_tut__rosidl_typesupport_c.dir/cmake_clean.cmake
* build/ros_tut/CMakeFiles/ros_tut__rosidl_typesupport_c__pyext.dir/DependInfo.cmake
* build/ros_tut/CMakeFiles/ros_tut__rosidl_typesupport_c__pyext.dir/cmake_clean.cmake
* build/ros_tut/CMakeFiles/ros_tut__rosidl_typesupport_cpp.dir/DependInfo.cmake
* build/ros_tut/CMakeFiles/ros_tut__rosidl_typesupport_cpp.dir/cmake_clean.cmake
* build/ros_tut/CMakeFiles/ros_tut__rosidl_typesupport_fastrtps_c.dir/DependInfo.cmake
* build/ros_tut/CMakeFiles/ros_tut__rosidl_typesupport_fastrtps_c.dir/cmake_clean.cmake
* build/ros_tut/CMakeFiles/ros_tut__rosidl_typesupport_fastrtps_c__pyext.dir/DependInfo.cmake
* build/ros_tut/CMakeFiles/ros_tut__rosidl_typesupport_fastrtps_c__pyext.dir/cmake_clean.cmake
* build/ros_tut/CMakeFiles/ros_tut__rosidl_typesupport_fastrtps_cpp.dir/DependInfo.cmake
* build/ros_tut/CMakeFiles/ros_tut__rosidl_typesupport_fastrtps_cpp.dir/cmake_clean.cmake
* build/ros_tut/CMakeFiles/ros_tut__rosidl_typesupport_introspection_c.dir/DependInfo.cmake
* build/ros_tut/CMakeFiles/ros_tut__rosidl_typesupport_introspection_c.dir/cmake_clean.cmake
* build/ros_tut/CMakeFiles/ros_tut__rosidl_typesupport_introspection_c__pyext.dir/DependInfo.cmake
* build/ros_tut/CMakeFiles/ros_tut__rosidl_typesupport_introspection_c__pyext.dir/cmake_clean.cmake
* build/ros_tut/CMakeFiles/ros_tut__rosidl_typesupport_introspection_cpp.dir/DependInfo.cmake
* build/ros_tut/CMakeFiles/ros_tut__rosidl_typesupport_introspection_cpp.dir/cmake_clean.cmake
* build/ros_tut/CMakeFiles/ros_tut_uninstall.dir/DependInfo.cmake
* build/ros_tut/CMakeFiles/ros_tut_uninstall.dir/cmake_clean.cmake
* build/ros_tut/CMakeFiles/server.dir/DependInfo.cmake
* build/ros_tut/CMakeFiles/server.dir/cmake_clean.cmake
* build/ros_tut/CMakeFiles/talker.dir/DependInfo.cmake
* build/ros_tut/CMakeFiles/talker.dir/cmake_clean.cmake
* build/ros_tut/CMakeFiles/uninstall.dir/DependInfo.cmake
* build/ros_tut/CMakeFiles/uninstall.dir/cmake_clean.cmake
* build/ros_tut/ament_cmake_core/package.cmake
* build/ros_tut/ament_cmake_core/ros_tutConfig-version.cmake
* build/ros_tut/ament_cmake_core/ros_tutConfig.cmake
* build/ros_tut/ament_cmake_export_dependencies/ament_cmake_export_dependencies-extras.cmake
* build/ros_tut/ament_cmake_export_include_directories/ament_cmake_export_include_directories-extras.cmake
* build/ros_tut/ament_cmake_export_libraries/ament_cmake_export_libraries-extras.cmake
* build/ros_tut/ament_cmake_export_targets/ament_cmake_export_targets-extras.cmake
* build/ros_tut/ament_cmake_package_templates/templates.cmake
* build/ros_tut/ament_cmake_uninstall_target/ament_cmake_uninstall_target.cmake
* build/ros_tut/ros_tut__py/CMakeLists.txt
* build/ros_tut/ros_tut__py/CTestTestfile.cmake
* build/ros_tut/ros_tut__py/cmake_install.cmake
* build/ros_tut/ros_tut__py/CMakeFiles/CMakeDirectoryInformation.cmake
* build/ros_tut/ros_tut__py/CMakeFiles/ros_tut__py.dir/DependInfo.cmake
* build/ros_tut/ros_tut__py/CMakeFiles/ros_tut__py.dir/cmake_clean.cmake
* build/ros_tut/rosidl_cmake/rosidl_cmake-extras.cmake
* build/ros_tut/rosidl_cmake/rosidl_cmake_export_typesupport_libraries-extras.cmake
* build/ros_tut/rosidl_cmake/rosidl_cmake_export_typesupport_targets-extras.cmake
* install/ros_tut/share/ros_tut/cmake/ament_cmake_export_dependencies-extras.cmake
* install/ros_tut/share/ros_tut/cmake/ament_cmake_export_include_directories-extras.cmake
* install/ros_tut/share/ros_tut/cmake/ament_cmake_export_libraries-extras.cmake
* install/ros_tut/share/ros_tut/cmake/ament_cmake_export_targets-extras.cmake
* install/ros_tut/share/ros_tut/cmake/ros_tutConfig-version.cmake
* install/ros_tut/share/ros_tut/cmake/ros_tutConfig.cmake
* install/ros_tut/share/ros_tut/cmake/ros_tut__rosidl_generator_cExport-noconfig.cmake
* install/ros_tut/share/ros_tut/cmake/ros_tut__rosidl_generator_cExport.cmake
* install/ros_tut/share/ros_tut/cmake/ros_tut__rosidl_generator_cppExport.cmake
* install/ros_tut/share/ros_tut/cmake/ros_tut__rosidl_typesupport_cExport-noconfig.cmake
* install/ros_tut/share/ros_tut/cmake/ros_tut__rosidl_typesupport_cExport.cmake
* install/ros_tut/share/ros_tut/cmake/ros_tut__rosidl_typesupport_cppExport-noconfig.cmake
* install/ros_tut/share/ros_tut/cmake/ros_tut__rosidl_typesupport_cppExport.cmake
* install/ros_tut/share/ros_tut/cmake/ros_tut__rosidl_typesupport_introspection_cExport-noconfig.cmake
* install/ros_tut/share/ros_tut/cmake/ros_tut__rosidl_typesupport_introspection_cExport.cmake
* install/ros_tut/share/ros_tut/cmake/ros_tut__rosidl_typesupport_introspection_cppExport-noconfig.cmake
* install/ros_tut/share/ros_tut/cmake/ros_tut__rosidl_typesupport_introspection_cppExport.cmake
* install/ros_tut/share/ros_tut/cmake/rosidl_cmake-extras.cmake
* install/ros_tut/share/ros_tut/cmake/rosidl_cmake_export_typesupport_libraries-extras.cmake
* install/ros_tut/share/ros_tut/cmake/rosidl_cmake_export_typesupport_targets-extras.cmake</system-out>
</testsuite>
