[  1%] Built target ros_tut__cpp
[  9%] Built target ros_tut__rosidl_generator_c
[ 11%] [32m[1mLinking CXX executable clear[0m
[ 14%] Built target my_node
[ 18%] Built target kill_turtles
[ 21%] Built target talker
[ 24%] Built target listener
[ 27%] Built target server
[ 36%] Built target ros_tut__rosidl_typesupport_fastrtps_cpp
[ 44%] Built target ros_tut__rosidl_typesupport_introspection_c
[ 52%] Built target ros_tut__rosidl_typesupport_c
[ 60%] Built target ros_tut__rosidl_typesupport_introspection_cpp
[ 68%] Built target ros_tut__rosidl_typesupport_cpp
[ 72%] Built target client
[ 80%] Built target ros_tut__rosidl_typesupport_fastrtps_c
[ 80%] Built target ros_tut
/usr/bin/ld: /usr/lib/gcc/aarch64-linux-gnu/9/../../../aarch64-linux-gnu/Scrt1.o: in function `_start':
(.text+0x18): undefined reference to `main'
/usr/bin/ld: (.text+0x1c): undefined reference to `main'
/usr/bin/ld: CMakeFiles/clear.dir/src/clear_turtles.cpp.o: in function `rclcpp::Client<turtlesim::srv::Kill>::Client(rclcpp::node_interfaces::NodeBaseInterface*, std::shared_ptr<rclcpp::node_interfaces::NodeGraphInterface>, std::__cxx11::basic_string<char, std::char_traits<char>, std::allocator<char> > const&, rcl_client_options_t&)':
clear_turtles.cpp:(.text._ZN6rclcpp6ClientIN9turtlesim3srv4KillEEC2EPNS_15node_interfaces17NodeBaseInterfaceESt10shared_ptrINS5_18NodeGraphInterfaceEERKNSt7__cxx1112basic_stringIcSt11char_traitsIcESaIcEEER20rcl_client_options_t[_ZN6rclcpp6ClientIN9turtlesim3srv4KillEEC5EPNS_15node_interfaces17NodeBaseInterfaceESt10shared_ptrINS5_18NodeGraphInterfaceEERKNSt7__cxx1112basic_stringIcSt11char_traitsIcESaIcEEER20rcl_client_options_t]+0x88): undefined reference to `rosidl_service_type_support_t const* rosidl_typesupport_cpp::get_service_type_support_handle<turtlesim::srv::Kill>()'
collect2: error: ld returned 1 exit status
make[2]: *** [CMakeFiles/clear.dir/build.make:136: clear] Error 1
make[1]: *** [CMakeFiles/Makefile2:243: CMakeFiles/clear.dir/all] Error 2
make[1]: *** Waiting for unfinished jobs....
[ 81%] Built target ros_tut__py
make: *** [Makefile:141: all] Error 2
