[0.000000] (-) TimerEvent: {}
[0.000126] (ros_tut) JobQueued: {'identifier': 'ros_tut', 'dependencies': OrderedDict()}
[0.000181] (ros_tut) JobStarted: {'identifier': 'ros_tut'}
[0.015825] (ros_tut) JobProgress: {'identifier': 'ros_tut', 'progress': 'cmake'}
[0.015928] (ros_tut) JobProgress: {'identifier': 'ros_tut', 'progress': 'build'}
[0.015950] (ros_tut) Command: {'cmd': ['/usr/bin/cmake', '--build', '/home/ari/ros-tut/build/ros_tut', '--', '-j8', '-l8'], 'cwd': '/home/ari/ros-tut/build/ros_tut', 'env': OrderedDict([('GJS_DEBUG_TOPICS', 'JS ERROR;JS LOG'), ('LESSOPEN', '| /usr/bin/lesspipe %s'), ('USER', 'ari'), ('SSH_AGENT_PID', '1734'), ('XDG_SESSION_TYPE', 'x11'), ('GIT_ASKPASS', '/usr/share/code/resources/app/extensions/git/dist/askpass.sh'), ('SHLVL', '1'), ('LD_LIBRARY_PATH', '/home/ari/ros-tut/install/ros_tut/lib:/opt/ros/foxy/opt/yaml_cpp_vendor/lib:/opt/ros/foxy/opt/rviz_ogre_vendor/lib:/opt/ros/foxy/lib/aarch64-linux-gnu:/opt/ros/foxy/lib'), ('HOME', '/home/ari'), ('CHROME_DESKTOP', 'code-url-handler.desktop'), ('TERM_PROGRAM_VERSION', '1.57.0'), ('DESKTOP_SESSION', 'ubuntu'), ('GIO_LAUNCHED_DESKTOP_FILE', '/usr/share/applications/code.desktop'), ('ROS_PYTHON_VERSION', '3'), ('GNOME_SHELL_SESSION_MODE', 'ubuntu'), ('GTK_MODULES', 'gail:atk-bridge'), ('VSCODE_GIT_ASKPASS_MAIN', '/usr/share/code/resources/app/extensions/git/dist/askpass-main.js'), ('VSCODE_GIT_ASKPASS_NODE', '/usr/share/code/code'), ('MANAGERPID', '1524'), ('DBUS_SESSION_BUS_ADDRESS', 'unix:path=/run/user/1000/bus'), ('COLORTERM', 'truecolor'), ('GIO_LAUNCHED_DESKTOP_FILE_PID', '2261'), ('_colcon_cd_root', '/home/ari/ros2_install'), ('IM_CONFIG_PHASE', '1'), ('COLCON_PREFIX_PATH', '/home/ari/ros-tut/install'), ('ROS_DISTRO', 'foxy'), ('LOGNAME', 'ari'), ('JOURNAL_STREAM', '9:35705'), ('_', '/home/ari/.local/bin/colcon'), ('ROS_VERSION', '2'), ('XDG_SESSION_CLASS', 'user'), ('USERNAME', 'ari'), ('TERM', 'xterm-256color'), ('GNOME_DESKTOP_SESSION_ID', 'this-is-deprecated'), ('ROS_LOCALHOST_ONLY', '0'), ('WINDOWPATH', '2'), ('PATH', '/home/ari/.local/bin:/opt/ros/foxy/bin:/home/ari/.local/bin:/usr/local/sbin:/usr/local/bin:/usr/sbin:/usr/bin:/sbin:/bin:/usr/games:/usr/local/games:/snap/bin'), ('SESSION_MANAGER', 'local/ari-ubuntu:@/tmp/.ICE-unix/1830,unix/ari-ubuntu:/tmp/.ICE-unix/1830'), ('INVOCATION_ID', 'ddfe11af678d4b5087654806caaa1044'), ('XDG_MENU_PREFIX', 'gnome-'), ('XDG_RUNTIME_DIR', '/run/user/1000'), ('GDK_BACKEND', 'x11'), ('DISPLAY', ':0'), ('LANG', 'en_US.UTF-8'), ('XDG_CURRENT_DESKTOP', 'Unity'), ('XMODIFIERS', '@im=ibus'), ('XDG_SESSION_DESKTOP', 'ubuntu'), ('XAUTHORITY', '/run/user/1000/gdm/Xauthority'), ('LS_COLORS', 'rs=0:di=01;34:ln=01;36:mh=00:pi=40;33:so=01;35:do=01;35:bd=40;33;01:cd=40;33;01:or=40;31;01:mi=00:su=37;41:sg=30;43:ca=30;41:tw=30;42:ow=34;42:st=37;44:ex=01;32:*.tar=01;31:*.tgz=01;31:*.arc=01;31:*.arj=01;31:*.taz=01;31:*.lha=01;31:*.lz4=01;31:*.lzh=01;31:*.lzma=01;31:*.tlz=01;31:*.txz=01;31:*.tzo=01;31:*.t7z=01;31:*.zip=01;31:*.z=01;31:*.dz=01;31:*.gz=01;31:*.lrz=01;31:*.lz=01;31:*.lzo=01;31:*.xz=01;31:*.zst=01;31:*.tzst=01;31:*.bz2=01;31:*.bz=01;31:*.tbz=01;31:*.tbz2=01;31:*.tz=01;31:*.deb=01;31:*.rpm=01;31:*.jar=01;31:*.war=01;31:*.ear=01;31:*.sar=01;31:*.rar=01;31:*.alz=01;31:*.ace=01;31:*.zoo=01;31:*.cpio=01;31:*.7z=01;31:*.rz=01;31:*.cab=01;31:*.wim=01;31:*.swm=01;31:*.dwm=01;31:*.esd=01;31:*.jpg=01;35:*.jpeg=01;35:*.mjpg=01;35:*.mjpeg=01;35:*.gif=01;35:*.bmp=01;35:*.pbm=01;35:*.pgm=01;35:*.ppm=01;35:*.tga=01;35:*.xbm=01;35:*.xpm=01;35:*.tif=01;35:*.tiff=01;35:*.png=01;35:*.svg=01;35:*.svgz=01;35:*.mng=01;35:*.pcx=01;35:*.mov=01;35:*.mpg=01;35:*.mpeg=01;35:*.m2v=01;35:*.mkv=01;35:*.webm=01;35:*.ogm=01;35:*.mp4=01;35:*.m4v=01;35:*.mp4v=01;35:*.vob=01;35:*.qt=01;35:*.nuv=01;35:*.wmv=01;35:*.asf=01;35:*.rm=01;35:*.rmvb=01;35:*.flc=01;35:*.avi=01;35:*.fli=01;35:*.flv=01;35:*.gl=01;35:*.dl=01;35:*.xcf=01;35:*.xwd=01;35:*.yuv=01;35:*.cgm=01;35:*.emf=01;35:*.ogv=01;35:*.ogx=01;35:*.aac=00;36:*.au=00;36:*.flac=00;36:*.m4a=00;36:*.mid=00;36:*.midi=00;36:*.mka=00;36:*.mp3=00;36:*.mpc=00;36:*.ogg=00;36:*.ra=00;36:*.wav=00;36:*.oga=00;36:*.opus=00;36:*.spx=00;36:*.xspf=00;36:'), ('VSCODE_GIT_IPC_HANDLE', '/run/user/1000/vscode-git-2ea8ec978e.sock'), ('TERM_PROGRAM', 'vscode'), ('SSH_AUTH_SOCK', '/run/user/1000/keyring/ssh'), ('AMENT_PREFIX_PATH', '/home/ari/ros-tut/install/ros_tut:/home/ari/ros-tut/install/ros-tut:/opt/ros/foxy'), ('ORIGINAL_XDG_CURRENT_DESKTOP', 'ubuntu:GNOME'), ('SHELL', '/bin/bash'), ('QT_ACCESSIBILITY', '1'), ('GDMSESSION', 'ubuntu'), ('LESSCLOSE', '/usr/bin/lesspipe %s %s'), ('GPG_AGENT_INFO', '/run/user/1000/gnupg/S.gpg-agent:0:1'), ('GJS_DEBUG_OUTPUT', 'stderr'), ('QT_IM_MODULE', 'ibus'), ('PWD', '/home/ari/ros-tut/build/ros_tut'), ('XDG_CONFIG_DIRS', '/etc/xdg/xdg-ubuntu:/etc/xdg'), ('XDG_DATA_DIRS', '/usr/share/ubuntu:/usr/local/share/:/usr/share/:/var/lib/snapd/desktop'), ('PYTHONPATH', '/home/ari/ros-tut/install/ros_tut/lib/python3.8/site-packages:/opt/ros/foxy/lib/python3.8/site-packages'), ('BREAKPAD_DUMP_LOCATION', '/home/ari/.config/Code/exthost Crash Reports'), ('COLCON', '1'), ('CMAKE_PREFIX_PATH', '/home/ari/ros-tut/install/ros_tut:/home/ari/ros-tut/install/ros-tut:/opt/ros/foxy')]), 'shell': False}
[0.065355] (ros_tut) StdoutLine: {'line': b'\x1b[35m\x1b[1mScanning dependencies of target clear\x1b[0m\n'}
[0.083225] (ros_tut) StdoutLine: {'line': b'[  3%] Built target server\n'}
[0.083705] (ros_tut) StdoutLine: {'line': b'[  5%] Built target ros_tut__cpp\n'}
[0.084716] (ros_tut) StdoutLine: {'line': b'[  8%] Built target listener\n'}
[0.087108] (ros_tut) StdoutLine: {'line': b'[ 15%] Built target talker\n'}
[0.087248] (ros_tut) StdoutLine: {'line': b'[ 11%] Built target my_node\n'}
[0.087286] (ros_tut) StdoutLine: {'line': b'[ 18%] Built target client\n'}
[0.090749] (ros_tut) StdoutLine: {'line': b'[ 27%] Built target ros_tut__rosidl_generator_c\n'}
[0.098784] (ros_tut) StdoutLine: {'line': b'[ 28%] \x1b[32mBuilding CXX object CMakeFiles/clear.dir/src/clear_turtles.cpp.o\x1b[0m\n'}
[0.098956] (-) TimerEvent: {}
[0.123335] (ros_tut) StdoutLine: {'line': b'[ 45%] Built target ros_tut__rosidl_typesupport_fastrtps_cpp\n'}
[0.123798] (ros_tut) StdoutLine: {'line': b'[ 45%] Built target ros_tut__rosidl_typesupport_cpp\n'}
[0.125734] (ros_tut) StdoutLine: {'line': b'[ 54%] Built target ros_tut__rosidl_typesupport_introspection_cpp\n'}
[0.131880] (ros_tut) StdoutLine: {'line': b'[ 62%] Built target ros_tut__rosidl_typesupport_introspection_c\n'}
[0.132978] (ros_tut) StdoutLine: {'line': b'[ 71%] Built target ros_tut__rosidl_typesupport_c\n'}
[0.154219] (ros_tut) StdoutLine: {'line': b'[ 79%] Built target ros_tut__rosidl_typesupport_fastrtps_c\n'}
[0.167267] (ros_tut) StdoutLine: {'line': b'[ 79%] Built target ros_tut\n'}
[0.180810] (ros_tut) StdoutLine: {'line': b'[ 81%] Built target ros_tut__py\n'}
[0.191222] (ros_tut) StdoutLine: {'line': b'\x1b[35m\x1b[1mScanning dependencies of target ros_tut__python\x1b[0m\n'}
[0.197454] (ros_tut) StderrLine: {'line': b'\x1b[01m\x1b[K/home/ari/ros-tut/src/clear_turtles.cpp:8:10:\x1b[m\x1b[K \x1b[01;31m\x1b[Kfatal error: \x1b[m\x1b[Kros_tut/srv/add_three_ints.hpp.hpp: No such file or directory\n'}
[0.197585] (ros_tut) StderrLine: {'line': b'    8 | #include \x1b[01;31m\x1b[K"ros_tut/srv/add_three_ints.hpp.hpp"\x1b[m\x1b[K\n'}
[0.197622] (ros_tut) StderrLine: {'line': b'      |          \x1b[01;31m\x1b[K^~~~~~~~~~~~~~~~~~~~~~~~~~~~~~~~~~~~\x1b[m\x1b[K\n'}
[0.197653] (ros_tut) StderrLine: {'line': b'compilation terminated.\n'}
[0.199074] (-) TimerEvent: {}
[0.199725] (ros_tut) StderrLine: {'line': b'make[2]: *** [CMakeFiles/clear.dir/build.make:63: CMakeFiles/clear.dir/src/clear_turtles.cpp.o] Error 1\n'}
[0.199919] (ros_tut) StderrLine: {'line': b'make[1]: *** [CMakeFiles/Makefile2:592: CMakeFiles/clear.dir/all] Error 2\n'}
[0.200095] (ros_tut) StderrLine: {'line': b'make[1]: *** Waiting for unfinished jobs....\n'}
[0.206316] (ros_tut) StdoutLine: {'line': b'[ 83%] \x1b[32mBuilding C object CMakeFiles/ros_tut__python.dir/rosidl_generator_py/ros_tut/srv/_add_three_ints_s.c.o\x1b[0m\n'}
[0.207711] (ros_tut) StdoutLine: {'line': b'[ 86%] \x1b[32mBuilding C object CMakeFiles/ros_tut__python.dir/rosidl_generator_py/ros_tut/srv/_success_s.c.o\x1b[0m\n'}
[0.207853] (ros_tut) StdoutLine: {'line': b'[ 86%] \x1b[32mBuilding C object CMakeFiles/ros_tut__python.dir/rosidl_generator_py/ros_tut/msg/_num_s.c.o\x1b[0m\n'}
[0.293864] (ros_tut) StdoutLine: {'line': b'[ 88%] \x1b[32m\x1b[1mLinking C shared library rosidl_generator_py/ros_tut/libros_tut__python.so\x1b[0m\n'}
[0.299203] (-) TimerEvent: {}
[0.326982] (ros_tut) StdoutLine: {'line': b'[ 88%] Built target ros_tut__python\n'}
[0.328202] (ros_tut) StderrLine: {'line': b'make: *** [Makefile:141: all] Error 2\n'}
[0.329463] (ros_tut) CommandEnded: {'returncode': 2}
[0.399653] (-) TimerEvent: {}
[0.428588] (ros_tut) JobEnded: {'identifier': 'ros_tut', 'rc': 2}
[0.439078] (-) EventReactorShutdown: {}
